2025-12-14 06:16:06.694 [info] Reading sessions from keychain...
2025-12-14 06:16:06.694 [info] Getting sessions for all scopes...
2025-12-14 06:16:06.694 [info] Got stored sessions!
2025-12-14 06:16:06.694 [info] Got 2 verified sessions.
2025-12-14 06:16:06.694 [info] Got 2 sessions for ...
2025-12-14 06:16:06.694 [info] Getting sessions for all scopes...
2025-12-14 06:16:06.694 [info] Got 2 sessions for ...
2025-12-14 06:16:06.694 [info] Getting sessions for all scopes...
2025-12-14 06:16:06.694 [info] Got 2 sessions for ...
2025-12-14 06:16:06.694 [info] Getting sessions for all scopes...
2025-12-14 06:16:06.694 [info] Got 2 sessions for ...
2025-12-14 06:16:06.694 [info] Getting sessions for user:email...
2025-12-14 06:16:06.694 [info] Got 1 sessions for user:email...
2025-12-14 06:16:06.694 [info] Getting sessions for all scopes...
2025-12-14 06:16:06.694 [info] Got 2 sessions for ...
2025-12-14 06:16:06.694 [info] Getting sessions for all scopes...
2025-12-14 06:16:06.694 [info] Got 2 sessions for ...
2025-12-14 06:16:06.694 [info] Getting sessions for all scopes...
2025-12-14 06:16:06.694 [info] Got 2 sessions for ...
2025-12-14 06:16:06.694 [info] Getting sessions for all scopes...
2025-12-14 06:16:06.694 [info] Got 2 sessions for ...
2025-12-14 06:16:06.694 [info] Getting sessions for all scopes...
2025-12-14 06:16:06.694 [info] Got 2 sessions for ...
2025-12-14 06:16:06.694 [info] Getting sessions for all scopes...
2025-12-14 06:16:06.694 [info] Got 2 sessions for ...
2025-12-14 06:16:06.694 [info] Getting sessions for all scopes...
2025-12-14 06:16:06.694 [info] Got 2 sessions for ...
2025-12-14 06:16:06.694 [info] Getting sessions for all scopes...
2025-12-14 06:16:06.694 [info] Got 2 sessions for ...
2025-12-14 06:16:06.694 [info] Getting sessions for all scopes...
2025-12-14 06:16:06.694 [info] Got 2 sessions for ...
2025-12-14 06:16:06.694 [info] Getting sessions for all scopes...
2025-12-14 06:16:06.694 [info] Got 2 sessions for ...
2025-12-14 06:16:06.694 [info] Getting sessions for all scopes...
2025-12-14 06:16:06.694 [info] Got 2 sessions for ...
2025-12-14 06:16:06.694 [info] Getting sessions for all scopes...
2025-12-14 06:16:06.694 [info] Got 2 sessions for ...
2025-12-14 06:16:06.694 [info] Getting sessions for all scopes...
2025-12-14 06:16:06.694 [info] Got 2 sessions for ...
2025-12-14 06:16:06.694 [info] Getting sessions for all scopes...
2025-12-14 06:16:06.694 [info] Got 2 sessions for ...
2025-12-14 06:16:07.007 [info] Getting sessions for read:user,repo,user:email,workflow...
2025-12-14 06:16:07.007 [info] Got 1 sessions for read:user,repo,user:email,workflow...
2025-12-14 06:16:07.078 [info] Getting sessions for user:email...
2025-12-14 06:16:07.078 [info] Got 1 sessions for user:email...
2025-12-14 06:16:07.090 [info] Getting sessions for all scopes...
2025-12-14 06:16:07.090 [info] Got 2 sessions for ...
2025-12-14 06:16:07.091 [info] Getting sessions for read:user,repo,user:email,workflow...
2025-12-14 06:16:07.091 [info] Got 1 sessions for read:user,repo,user:email,workflow...
2025-12-14 06:16:09.049 [info] Reading sessions from keychain...
2025-12-14 06:16:09.049 [info] Getting sessions for all scopes...
2025-12-14 06:16:09.054 [info] Got stored sessions!
2025-12-14 06:16:09.054 [info] Got 2 verified sessions.
2025-12-14 06:16:09.054 [info] Got 2 sessions for ...
2025-12-14 06:16:09.054 [info] Getting sessions for all scopes...
2025-12-14 06:16:09.054 [info] Got 2 sessions for ...
2025-12-14 06:16:09.054 [info] Getting sessions for all scopes...
2025-12-14 06:16:09.054 [info] Got 2 sessions for ...
2025-12-14 06:16:09.054 [info] Getting sessions for all scopes...
2025-12-14 06:16:09.054 [info] Got 2 sessions for ...
2025-12-14 06:16:09.055 [info] Getting sessions for all scopes...
2025-12-14 06:16:09.055 [info] Got 2 sessions for ...
2025-12-14 06:16:09.055 [info] Getting sessions for all scopes...
2025-12-14 06:16:09.055 [info] Got 2 sessions for ...
2025-12-14 06:16:09.055 [info] Getting sessions for all scopes...
2025-12-14 06:16:09.055 [info] Got 2 sessions for ...
2025-12-14 06:16:09.056 [info] Getting sessions for all scopes...
2025-12-14 06:16:09.056 [info] Got 2 sessions for ...
2025-12-14 06:16:09.056 [info] Getting sessions for all scopes...
2025-12-14 06:16:09.056 [info] Got 2 sessions for ...
2025-12-14 06:16:09.056 [info] Getting sessions for all scopes...
2025-12-14 06:16:09.056 [info] Got 2 sessions for ...
2025-12-14 06:16:09.057 [info] Getting sessions for all scopes...
2025-12-14 06:16:09.057 [info] Got 2 sessions for ...
2025-12-14 06:16:09.057 [info] Getting sessions for all scopes...
2025-12-14 06:16:09.057 [info] Got 2 sessions for ...
2025-12-14 06:16:09.057 [info] Getting sessions for all scopes...
2025-12-14 06:16:09.057 [info] Got 2 sessions for ...
2025-12-14 06:16:09.124 [info] Getting sessions for all scopes...
2025-12-14 06:16:09.124 [info] Got 2 sessions for ...
2025-12-14 06:16:09.325 [info] Getting sessions for user:email...
2025-12-14 06:16:09.325 [info] Got 1 sessions for user:email...
2025-12-14 06:16:09.351 [info] Getting sessions for all scopes...
2025-12-14 06:16:09.351 [info] Got 2 sessions for ...
2025-12-14 06:16:10.769 [info] FetcherService: Electron fetch failed with status: 429 
2025-12-14 06:16:11.839 [info] Getting sessions for all scopes...
2025-12-14 06:16:11.839 [info] Got 2 sessions for ...
2025-12-14 06:16:11.929 [info] Getting sessions for all scopes...
2025-12-14 06:16:11.929 [info] Got 2 sessions for ...
2025-12-14 06:16:11.929 [info] Getting sessions for all scopes...
2025-12-14 06:16:11.929 [info] Got 2 sessions for ...
2025-12-14 06:16:12.001 [info] Getting sessions for read:user,repo,user:email,workflow...
2025-12-14 06:16:12.001 [info] Got 1 sessions for read:user,repo,user:email,workflow...
2025-12-14 06:16:12.039 [info] Getting sessions for user:email...
2025-12-14 06:16:12.039 [info] Got 1 sessions for user:email...
2025-12-14 06:16:12.101 [info] Getting sessions for all scopes...
2025-12-14 06:16:12.101 [info] Got 2 sessions for ...
2025-12-14 06:16:12.143 [info] Getting sessions for read:user,repo,user:email,workflow...
2025-12-14 06:16:12.143 [info] Got 1 sessions for read:user,repo,user:email,workflow...
2025-12-14 06:16:12.241 [info] Getting sessions for all scopes...
2025-12-14 06:16:12.241 [info] Got 2 sessions for ...
2025-12-14 06:16:12.267 [info] Getting sessions for all scopes...
2025-12-14 06:16:12.267 [info] Got 2 sessions for ...
2025-12-14 06:16:12.267 [info] Getting sessions for all scopes...
2025-12-14 06:16:12.267 [info] Got 2 sessions for ...
2025-12-14 06:16:12.268 [info] Getting sessions for all scopes...
2025-12-14 06:16:12.268 [info] Got 2 sessions for ...
2025-12-14 06:16:12.302 [info] Getting sessions for read:user,repo,user:email,workflow...
2025-12-14 06:16:12.302 [info] Got 1 sessions for read:user,repo,user:email,workflow...
2025-12-14 06:16:12.304 [info] Getting sessions for all scopes...
2025-12-14 06:16:12.304 [info] Got 2 sessions for ...
2025-12-14 06:16:12.304 [info] Getting sessions for all scopes...
2025-12-14 06:16:12.304 [info] Got 2 sessions for ...
2025-12-14 06:16:12.380 [info] Getting sessions for read:user,repo,user:email,workflow...
2025-12-14 06:16:12.380 [info] Got 1 sessions for read:user,repo,user:email,workflow...
2025-12-14 06:16:12.704 [info] FetcherService: Node fetch failed with status: 429 Too Many Requests
2025-12-14 06:16:12.734 [info] Getting sessions for all scopes...
2025-12-14 06:16:12.734 [info] Got 2 sessions for ...
2025-12-14 06:16:12.734 [info] Getting sessions for all scopes...
2025-12-14 06:16:12.734 [info] Got 2 sessions for ...
2025-12-14 06:16:12.743 [info] Getting sessions for read:user,repo,user:email,workflow...
2025-12-14 06:16:12.743 [info] Got 1 sessions for read:user,repo,user:email,workflow...
2025-12-14 06:16:12.796 [info] Getting sessions for all scopes...
2025-12-14 06:16:12.796 [info] Got 2 sessions for ...
2025-12-14 06:16:12.806 [info] Getting sessions for all scopes...
2025-12-14 06:16:12.806 [info] Got 2 sessions for ...
2025-12-14 06:16:12.807 [info] Getting sessions for all scopes...
2025-12-14 06:16:12.807 [info] Got 2 sessions for ...
2025-12-14 06:16:12.808 [info] Getting sessions for all scopes...
2025-12-14 06:16:12.808 [info] Got 2 sessions for ...
2025-12-14 06:16:12.818 [info] Getting sessions for read:user,repo,user:email,workflow...
2025-12-14 06:16:12.818 [info] Got 1 sessions for read:user,repo,user:email,workflow...
2025-12-14 06:16:13.453 [info] FetcherService: Node http/s failed with status: 429 Too Many Requests
2025-12-14 06:21:12.190 [info] Getting sessions for all scopes...
2025-12-14 06:21:12.190 [info] Got 2 sessions for ...
2025-12-14 06:21:12.193 [info] Getting sessions for read:user,repo,user:email,workflow...
2025-12-14 06:21:12.193 [info] Got 1 sessions for read:user,repo,user:email,workflow...
2025-12-14 06:22:10.551 [info] Reading sessions from keychain...
2025-12-14 06:22:10.551 [info] Got stored sessions!
2025-12-14 06:22:10.551 [info] Got 2 verified sessions.
2025-12-14 06:22:10.551 [info] Getting sessions for all scopes...
2025-12-14 06:22:10.551 [info] Got 2 sessions for ...
2025-12-14 06:22:10.551 [info] Getting sessions for all scopes...
2025-12-14 06:22:10.551 [info] Got 2 sessions for ...
2025-12-14 06:22:10.551 [info] Getting sessions for all scopes...
2025-12-14 06:22:10.551 [info] Got 2 sessions for ...
2025-12-14 06:22:10.551 [info] Getting sessions for all scopes...
2025-12-14 06:22:10.551 [info] Got 2 sessions for ...
2025-12-14 06:22:10.551 [info] Getting sessions for user:email...
2025-12-14 06:22:10.551 [info] Got 1 sessions for user:email...
2025-12-14 06:22:10.551 [info] Getting sessions for all scopes...
2025-12-14 06:22:10.551 [info] Got 2 sessions for ...
2025-12-14 06:22:10.551 [info] Getting sessions for all scopes...
2025-12-14 06:22:10.551 [info] Got 2 sessions for ...
2025-12-14 06:22:10.551 [info] Getting sessions for all scopes...
2025-12-14 06:22:10.551 [info] Got 2 sessions for ...
2025-12-14 06:22:10.551 [info] Getting sessions for all scopes...
2025-12-14 06:22:10.551 [info] Got 2 sessions for ...
2025-12-14 06:22:10.551 [info] Getting sessions for all scopes...
2025-12-14 06:22:10.551 [info] Got 2 sessions for ...
2025-12-14 06:22:10.551 [info] Getting sessions for all scopes...
2025-12-14 06:22:10.551 [info] Got 2 sessions for ...
2025-12-14 06:22:10.551 [info] Getting sessions for all scopes...
2025-12-14 06:22:10.551 [info] Got 2 sessions for ...
2025-12-14 06:22:10.551 [info] Getting sessions for all scopes...
2025-12-14 06:22:10.551 [info] Got 2 sessions for ...
2025-12-14 06:22:10.551 [info] Getting sessions for all scopes...
2025-12-14 06:22:10.551 [info] Got 2 sessions for ...
2025-12-14 06:22:10.551 [info] Getting sessions for all scopes...
2025-12-14 06:22:10.551 [info] Got 2 sessions for ...
2025-12-14 06:22:10.551 [info] Getting sessions for all scopes...
2025-12-14 06:22:10.551 [info] Got 2 sessions for ...
2025-12-14 06:22:10.551 [info] Getting sessions for all scopes...
2025-12-14 06:22:10.551 [info] Got 2 sessions for ...
2025-12-14 06:22:10.551 [info] Getting sessions for all scopes...
2025-12-14 06:22:10.551 [info] Got 2 sessions for ...
2025-12-14 06:22:10.551 [info] Getting sessions for all scopes...
2025-12-14 06:22:10.551 [info] Got 2 sessions for ...
2025-12-14 06:22:10.672 [info] Getting sessions for read:user,repo,user:email,workflow...
2025-12-14 06:22:10.672 [info] Got 1 sessions for read:user,repo,user:email,workflow...
2025-12-14 06:22:11.011 [info] Getting sessions for all scopes...
2025-12-14 06:22:11.011 [info] Got 2 sessions for ...
2025-12-14 06:22:11.024 [info] Getting sessions for user:email...
2025-12-14 06:22:11.024 [info] Got 1 sessions for user:email...
2025-12-14 06:22:11.025 [info] Getting sessions for all scopes...
2025-12-14 06:22:11.025 [info] Got 2 sessions for ...
2025-12-14 06:22:11.025 [info] Getting sessions for all scopes...
2025-12-14 06:22:11.025 [info] Got 2 sessions for ...
2025-12-14 06:22:11.025 [info] Getting sessions for all scopes...
2025-12-14 06:22:11.026 [info] Got 2 sessions for ...
2025-12-14 06:22:11.026 [info] Getting sessions for all scopes...
2025-12-14 06:22:11.026 [info] Got 2 sessions for ...
2025-12-14 06:22:11.188 [info] Getting sessions for read:user,repo,user:email,workflow...
2025-12-14 06:22:11.188 [info] Got 1 sessions for read:user,repo,user:email,workflow...
2025-12-14 06:22:11.857 [info] FetcherService: Electron fetch failed with status: 429 
2025-12-14 06:22:12.277 [info] Getting sessions for all scopes...
2025-12-14 06:22:12.277 [info] Got 2 sessions for ...
2025-12-14 06:22:12.277 [info] Getting sessions for all scopes...
2025-12-14 06:22:12.277 [info] Got 2 sessions for ...
2025-12-14 06:22:12.279 [info] Getting sessions for read:user,repo,user:email,workflow...
2025-12-14 06:22:12.279 [info] Got 1 sessions for read:user,repo,user:email,workflow...
2025-12-14 06:22:12.401 [info] Getting sessions for all scopes...
2025-12-14 06:22:12.401 [info] Got 2 sessions for ...
2025-12-14 06:22:12.414 [info] Getting sessions for all scopes...
2025-12-14 06:22:12.414 [info] Got 2 sessions for ...
2025-12-14 06:22:12.416 [info] Getting sessions for all scopes...
2025-12-14 06:22:12.416 [info] Got 2 sessions for ...
2025-12-14 06:22:12.424 [info] Getting sessions for all scopes...
2025-12-14 06:22:12.424 [info] Got 2 sessions for ...
2025-12-14 06:22:12.437 [info] Getting sessions for read:user,repo,user:email,workflow...
2025-12-14 06:22:12.437 [info] Got 1 sessions for read:user,repo,user:email,workflow...
2025-12-14 06:22:13.077 [info] FetcherService: Node fetch failed with status: 429 Too Many Requests
2025-12-14 06:22:13.778 [info] FetcherService: Node http/s failed with status: 429 Too Many Requests
2025-12-14 06:22:24.279 [info] Reading sessions from keychain...
2025-12-14 06:22:24.280 [info] Got stored sessions!
2025-12-14 06:22:24.280 [info] Got 2 verified sessions.
2025-12-14 06:22:24.280 [info] Getting sessions for all scopes...
2025-12-14 06:22:24.280 [info] Got 2 sessions for ...
2025-12-14 06:22:24.280 [info] Getting sessions for all scopes...
2025-12-14 06:22:24.280 [info] Got 2 sessions for ...
2025-12-14 06:22:24.280 [info] Getting sessions for all scopes...
2025-12-14 06:22:24.280 [info] Got 2 sessions for ...
2025-12-14 06:22:24.280 [info] Getting sessions for all scopes...
2025-12-14 06:22:24.280 [info] Got 2 sessions for ...
2025-12-14 06:22:24.280 [info] Getting sessions for user:email...
2025-12-14 06:22:24.280 [info] Got 1 sessions for user:email...
2025-12-14 06:22:24.280 [info] Getting sessions for all scopes...
2025-12-14 06:22:24.280 [info] Got 2 sessions for ...
2025-12-14 06:22:24.280 [info] Getting sessions for all scopes...
2025-12-14 06:22:24.280 [info] Got 2 sessions for ...
2025-12-14 06:22:24.280 [info] Getting sessions for all scopes...
2025-12-14 06:22:24.280 [info] Got 2 sessions for ...
2025-12-14 06:22:24.280 [info] Getting sessions for all scopes...
2025-12-14 06:22:24.280 [info] Got 2 sessions for ...
2025-12-14 06:22:24.280 [info] Getting sessions for all scopes...
2025-12-14 06:22:24.280 [info] Got 2 sessions for ...
2025-12-14 06:22:24.280 [info] Getting sessions for all scopes...
2025-12-14 06:22:24.280 [info] Got 2 sessions for ...
2025-12-14 06:22:24.280 [info] Getting sessions for all scopes...
2025-12-14 06:22:24.280 [info] Got 2 sessions for ...
2025-12-14 06:22:24.280 [info] Getting sessions for all scopes...
2025-12-14 06:22:24.280 [info] Got 2 sessions for ...
2025-12-14 06:22:24.280 [info] Getting sessions for all scopes...
2025-12-14 06:22:24.280 [info] Got 2 sessions for ...
2025-12-14 06:22:24.280 [info] Getting sessions for all scopes...
2025-12-14 06:22:24.280 [info] Got 2 sessions for ...
2025-12-14 06:22:24.280 [info] Getting sessions for all scopes...
2025-12-14 06:22:24.280 [info] Got 2 sessions for ...
2025-12-14 06:22:24.280 [info] Getting sessions for all scopes...
2025-12-14 06:22:24.280 [info] Got 2 sessions for ...
2025-12-14 06:22:24.280 [info] Getting sessions for all scopes...
2025-12-14 06:22:24.280 [info] Got 2 sessions for ...
2025-12-14 06:22:24.280 [info] Getting sessions for all scopes...
2025-12-14 06:22:24.280 [info] Got 2 sessions for ...
2025-12-14 06:22:24.351 [info] Getting sessions for read:user,repo,user:email,workflow...
2025-12-14 06:22:24.351 [info] Got 1 sessions for read:user,repo,user:email,workflow...
2025-12-14 06:22:24.859 [info] Getting sessions for all scopes...
2025-12-14 06:22:24.859 [info] Got 2 sessions for ...
2025-12-14 06:22:24.948 [info] Getting sessions for all scopes...
2025-12-14 06:22:24.948 [info] Got 2 sessions for ...
2025-12-14 06:22:24.959 [info] Getting sessions for all scopes...
2025-12-14 06:22:24.959 [info] Got 2 sessions for ...
2025-12-14 06:22:25.059 [info] Getting sessions for read:user,repo,user:email,workflow...
2025-12-14 06:22:25.059 [info] Got 1 sessions for read:user,repo,user:email,workflow...
2025-12-14 06:22:25.072 [info] Getting sessions for user:email...
2025-12-14 06:22:25.072 [info] Got 1 sessions for user:email...
2025-12-14 06:22:25.116 [info] Getting sessions for all scopes...
2025-12-14 06:22:25.116 [info] Got 2 sessions for ...
2025-12-14 06:22:25.116 [info] Getting sessions for all scopes...
2025-12-14 06:22:25.116 [info] Got 2 sessions for ...
2025-12-14 06:22:25.119 [info] Getting sessions for read:user,repo,user:email,workflow...
2025-12-14 06:22:25.119 [info] Got 1 sessions for read:user,repo,user:email,workflow...
2025-12-14 06:22:25.417 [info] FetcherService: Electron fetch failed with status: 429 
2025-12-14 06:22:25.669 [info] Getting sessions for read:user,repo,user:email,workflow...
2025-12-14 06:22:25.669 [info] Got 1 sessions for read:user,repo,user:email,workflow...
2025-12-14 06:22:25.724 [info] Getting sessions for all scopes...
2025-12-14 06:22:25.724 [info] Got 2 sessions for ...
2025-12-14 06:22:25.737 [info] Getting sessions for all scopes...
2025-12-14 06:22:25.737 [info] Got 2 sessions for ...
2025-12-14 06:22:25.783 [info] Getting sessions for read:user,repo,user:email,workflow...
2025-12-14 06:22:25.783 [info] Got 1 sessions for read:user,repo,user:email,workflow...
2025-12-14 06:22:25.868 [info] Getting sessions for all scopes...
2025-12-14 06:22:25.868 [info] Got 2 sessions for ...
2025-12-14 06:22:25.873 [info] Getting sessions for all scopes...
2025-12-14 06:22:25.873 [info] Got 2 sessions for ...
2025-12-14 06:22:25.874 [info] Getting sessions for all scopes...
2025-12-14 06:22:25.874 [info] Got 2 sessions for ...
2025-12-14 06:22:25.884 [info] Getting sessions for all scopes...
2025-12-14 06:22:25.884 [info] Got 2 sessions for ...
2025-12-14 06:22:25.886 [info] Getting sessions for all scopes...
2025-12-14 06:22:25.886 [info] Got 2 sessions for ...
2025-12-14 06:22:25.892 [info] Getting sessions for read:user,repo,user:email,workflow...
2025-12-14 06:22:25.892 [info] Got 1 sessions for read:user,repo,user:email,workflow...
2025-12-14 06:22:26.325 [info] FetcherService: Node fetch failed with status: 429 Too Many Requests
2025-12-14 06:22:27.109 [info] FetcherService: Node http/s failed with status: 429 Too Many Requests
2025-12-14 06:24:54.793 [info] Reading sessions from keychain...
2025-12-14 06:24:54.793 [info] Getting sessions for all scopes...
2025-12-14 06:24:54.793 [info] Got stored sessions!
2025-12-14 06:24:54.793 [info] Got 2 verified sessions.
2025-12-14 06:24:54.793 [info] Got 2 sessions for ...
2025-12-14 06:24:54.793 [info] Getting sessions for all scopes...
2025-12-14 06:24:54.793 [info] Got 2 sessions for ...
2025-12-14 06:24:54.793 [info] Getting sessions for all scopes...
2025-12-14 06:24:54.793 [info] Got 2 sessions for ...
2025-12-14 06:24:54.793 [info] Getting sessions for all scopes...
2025-12-14 06:24:54.793 [info] Got 2 sessions for ...
2025-12-14 06:24:54.793 [info] Getting sessions for user:email...
2025-12-14 06:24:54.793 [info] Got 1 sessions for user:email...
2025-12-14 06:24:54.793 [info] Getting sessions for all scopes...
2025-12-14 06:24:54.793 [info] Got 2 sessions for ...
2025-12-14 06:24:54.793 [info] Getting sessions for all scopes...
2025-12-14 06:24:54.793 [info] Got 2 sessions for ...
2025-12-14 06:24:54.793 [info] Getting sessions for all scopes...
2025-12-14 06:24:54.793 [info] Got 2 sessions for ...
2025-12-14 06:24:54.793 [info] Getting sessions for all scopes...
2025-12-14 06:24:54.793 [info] Got 2 sessions for ...
2025-12-14 06:24:54.793 [info] Getting sessions for all scopes...
2025-12-14 06:24:54.793 [info] Got 2 sessions for ...
2025-12-14 06:24:54.793 [info] Getting sessions for all scopes...
2025-12-14 06:24:54.793 [info] Got 2 sessions for ...
2025-12-14 06:24:54.793 [info] Getting sessions for all scopes...
2025-12-14 06:24:54.793 [info] Got 2 sessions for ...
2025-12-14 06:24:54.793 [info] Getting sessions for all scopes...
2025-12-14 06:24:54.794 [info] Got 2 sessions for ...
2025-12-14 06:24:54.794 [info] Getting sessions for all scopes...
2025-12-14 06:24:54.794 [info] Got 2 sessions for ...
2025-12-14 06:24:54.794 [info] Getting sessions for all scopes...
2025-12-14 06:24:54.794 [info] Got 2 sessions for ...
2025-12-14 06:24:54.794 [info] Getting sessions for all scopes...
2025-12-14 06:24:54.794 [info] Got 2 sessions for ...
2025-12-14 06:24:54.794 [info] Getting sessions for all scopes...
2025-12-14 06:24:54.794 [info] Got 2 sessions for ...
2025-12-14 06:24:54.794 [info] Getting sessions for all scopes...
2025-12-14 06:24:54.794 [info] Got 2 sessions for ...
2025-12-14 06:24:54.794 [info] Getting sessions for all scopes...
2025-12-14 06:24:54.794 [info] Got 2 sessions for ...
2025-12-14 06:24:55.205 [info] Getting sessions for read:user,repo,user:email,workflow...
2025-12-14 06:24:55.205 [info] Got 1 sessions for read:user,repo,user:email,workflow...
2025-12-14 06:24:55.237 [info] Getting sessions for all scopes...
2025-12-14 06:24:55.237 [info] Got 2 sessions for ...
2025-12-14 06:24:55.270 [info] Getting sessions for all scopes...
2025-12-14 06:24:55.270 [info] Got 2 sessions for ...
2025-12-14 06:24:55.562 [info] Getting sessions for all scopes...
2025-12-14 06:24:55.562 [info] Got 2 sessions for ...
2025-12-14 06:24:55.759 [info] Getting sessions for read:user,repo,user:email,workflow...
2025-12-14 06:24:55.759 [info] Got 1 sessions for read:user,repo,user:email,workflow...
2025-12-14 06:24:56.020 [info] FetcherService: Electron fetch failed with status: 429 
2025-12-14 06:24:56.024 [info] Getting sessions for user:email...
2025-12-14 06:24:56.024 [info] Got 1 sessions for user:email...
2025-12-14 06:24:57.099 [info] Getting sessions for all scopes...
2025-12-14 06:24:57.099 [info] Got 2 sessions for ...
2025-12-14 06:24:57.099 [info] Getting sessions for all scopes...
2025-12-14 06:24:57.099 [info] Got 2 sessions for ...
2025-12-14 06:24:57.169 [info] Getting sessions for read:user,repo,user:email,workflow...
2025-12-14 06:24:57.169 [info] Got 1 sessions for read:user,repo,user:email,workflow...
2025-12-14 06:24:57.260 [info] Getting sessions for all scopes...
2025-12-14 06:24:57.260 [info] Got 2 sessions for ...
2025-12-14 06:24:57.287 [info] Getting sessions for all scopes...
2025-12-14 06:24:57.287 [info] Got 2 sessions for ...
2025-12-14 06:24:57.287 [info] Getting sessions for all scopes...
2025-12-14 06:24:57.287 [info] Got 2 sessions for ...
2025-12-14 06:24:57.288 [info] Getting sessions for all scopes...
2025-12-14 06:24:57.288 [info] Got 2 sessions for ...
2025-12-14 06:24:57.299 [info] Getting sessions for read:user,repo,user:email,workflow...
2025-12-14 06:24:57.299 [info] Got 1 sessions for read:user,repo,user:email,workflow...
2025-12-14 06:24:57.571 [info] FetcherService: Node fetch failed with status: 429 Too Many Requests
2025-12-14 06:24:59.547 [info] FetcherService: Node http/s failed with status: 429 Too Many Requests
2025-12-14 09:43:00.683 [info] Getting sessions for all scopes...
2025-12-14 09:43:00.683 [info] Got 2 sessions for ...
2025-12-14 09:43:00.683 [info] Getting sessions for all scopes...
2025-12-14 09:43:00.684 [info] Got 2 sessions for ...
2025-12-14 09:43:00.700 [info] Getting sessions for read:user,repo,user:email,workflow...
2025-12-14 09:43:00.700 [info] Got 1 sessions for read:user,repo,user:email,workflow...
2025-12-14 09:43:00.702 [info] Getting sessions for all scopes...
2025-12-14 09:43:00.702 [info] Got 2 sessions for ...
2025-12-14 09:43:00.703 [info] Getting sessions for read:user,repo,user:email,workflow...
2025-12-14 09:43:00.703 [info] Got 1 sessions for read:user,repo,user:email,workflow...
2025-12-14 09:43:01.314 [info] Getting sessions for all scopes...
2025-12-14 09:43:01.314 [info] Got 2 sessions for ...
2025-12-14 09:43:01.314 [info] Getting sessions for all scopes...
2025-12-14 09:43:01.314 [info] Got 2 sessions for ...
2025-12-14 09:43:01.325 [info] Getting sessions for read:user,repo,user:email,workflow...
2025-12-14 09:43:01.325 [info] Got 1 sessions for read:user,repo,user:email,workflow...
2025-12-14 09:43:01.337 [info] Getting sessions for all scopes...
2025-12-14 09:43:01.337 [info] Got 2 sessions for ...
2025-12-14 09:43:01.338 [info] Getting sessions for read:user,repo,user:email,workflow...
2025-12-14 09:43:01.338 [info] Got 1 sessions for read:user,repo,user:email,workflow...
2025-12-14 09:43:01.795 [info] Getting sessions for all scopes...
2025-12-14 09:43:01.795 [info] Got 2 sessions for ...
2025-12-14 09:43:01.795 [info] Getting sessions for all scopes...
2025-12-14 09:43:01.795 [info] Got 2 sessions for ...
2025-12-14 09:43:01.797 [info] Getting sessions for read:user,repo,user:email,workflow...
2025-12-14 09:43:01.797 [info] Got 1 sessions for read:user,repo,user:email,workflow...
2025-12-14 09:43:01.805 [info] Getting sessions for all scopes...
2025-12-14 09:43:01.805 [info] Got 2 sessions for ...
2025-12-14 09:43:01.808 [info] Getting sessions for read:user,repo,user:email,workflow...
2025-12-14 09:43:01.808 [info] Got 1 sessions for read:user,repo,user:email,workflow...
2025-12-14 09:44:51.321 [info] Getting sessions for all scopes...
2025-12-14 09:44:51.321 [info] Got 2 sessions for ...
2025-12-14 09:44:51.326 [info] Getting sessions for read:user,repo,user:email,workflow...
2025-12-14 09:44:51.326 [info] Got 1 sessions for read:user,repo,user:email,workflow...
2025-12-14 11:54:56.926 [info] Getting sessions for all scopes...
2025-12-14 11:54:56.926 [info] Got 2 sessions for ...
2025-12-14 11:54:56.926 [info] Getting sessions for all scopes...
2025-12-14 11:54:56.926 [info] Got 2 sessions for ...
2025-12-14 11:54:56.928 [info] Getting sessions for read:user,repo,user:email,workflow...
2025-12-14 11:54:56.928 [info] Got 1 sessions for read:user,repo,user:email,workflow...
2025-12-14 11:54:56.930 [info] Getting sessions for all scopes...
2025-12-14 11:54:56.930 [info] Got 2 sessions for ...
2025-12-14 11:54:56.933 [info] Getting sessions for read:user,repo,user:email,workflow...
2025-12-14 11:54:56.933 [info] Got 1 sessions for read:user,repo,user:email,workflow...
2025-12-14 11:54:57.598 [info] Getting sessions for all scopes...
2025-12-14 11:54:57.598 [info] Got 2 sessions for ...
2025-12-14 11:54:57.598 [info] Getting sessions for all scopes...
2025-12-14 11:54:57.598 [info] Got 2 sessions for ...
2025-12-14 11:54:57.610 [info] Getting sessions for read:user,repo,user:email,workflow...
2025-12-14 11:54:57.610 [info] Got 1 sessions for read:user,repo,user:email,workflow...
2025-12-14 11:54:57.622 [info] Getting sessions for all scopes...
2025-12-14 11:54:57.622 [info] Got 2 sessions for ...
2025-12-14 11:54:57.629 [info] Getting sessions for read:user,repo,user:email,workflow...
2025-12-14 11:54:57.629 [info] Got 1 sessions for read:user,repo,user:email,workflow...
2025-12-14 14:08:26.566 [info] Reading sessions from keychain...
2025-12-14 14:08:26.566 [info] Got stored sessions!
2025-12-14 14:08:26.566 [info] Got 2 verified sessions.
2025-12-14 14:08:26.566 [info] Getting sessions for all scopes...
2025-12-14 14:08:26.566 [info] Got 2 sessions for ...
2025-12-14 14:08:26.566 [info] Getting sessions for all scopes...
2025-12-14 14:08:26.566 [info] Got 2 sessions for ...
2025-12-14 14:08:26.566 [info] Getting sessions for all scopes...
2025-12-14 14:08:26.566 [info] Got 2 sessions for ...
2025-12-14 14:08:26.566 [info] Getting sessions for all scopes...
2025-12-14 14:08:26.566 [info] Got 2 sessions for ...
2025-12-14 14:08:26.566 [info] Getting sessions for user:email...
2025-12-14 14:08:26.566 [info] Got 1 sessions for user:email...
2025-12-14 14:08:26.566 [info] Getting sessions for all scopes...
2025-12-14 14:08:26.566 [info] Got 2 sessions for ...
2025-12-14 14:08:26.566 [info] Getting sessions for all scopes...
2025-12-14 14:08:26.566 [info] Got 2 sessions for ...
2025-12-14 14:08:26.566 [info] Getting sessions for all scopes...
2025-12-14 14:08:26.566 [info] Got 2 sessions for ...
2025-12-14 14:08:26.566 [info] Getting sessions for all scopes...
2025-12-14 14:08:26.566 [info] Got 2 sessions for ...
2025-12-14 14:08:26.566 [info] Getting sessions for all scopes...
2025-12-14 14:08:26.566 [info] Got 2 sessions for ...
2025-12-14 14:08:26.566 [info] Getting sessions for all scopes...
2025-12-14 14:08:26.566 [info] Got 2 sessions for ...
2025-12-14 14:08:26.566 [info] Getting sessions for all scopes...
2025-12-14 14:08:26.566 [info] Got 2 sessions for ...
2025-12-14 14:08:26.566 [info] Getting sessions for all scopes...
2025-12-14 14:08:26.566 [info] Got 2 sessions for ...
2025-12-14 14:08:26.566 [info] Getting sessions for all scopes...
2025-12-14 14:08:26.566 [info] Got 2 sessions for ...
2025-12-14 14:08:26.566 [info] Getting sessions for all scopes...
2025-12-14 14:08:26.566 [info] Got 2 sessions for ...
2025-12-14 14:08:26.566 [info] Getting sessions for all scopes...
2025-12-14 14:08:26.566 [info] Got 2 sessions for ...
2025-12-14 14:08:26.566 [info] Getting sessions for all scopes...
2025-12-14 14:08:26.566 [info] Got 2 sessions for ...
2025-12-14 14:08:26.566 [info] Getting sessions for all scopes...
2025-12-14 14:08:26.566 [info] Got 2 sessions for ...
2025-12-14 14:08:26.566 [info] Getting sessions for all scopes...
2025-12-14 14:08:26.566 [info] Got 2 sessions for ...
2025-12-14 14:08:26.566 [info] Getting sessions for all scopes...
2025-12-14 14:08:26.566 [info] Got 2 sessions for ...
2025-12-14 14:08:26.577 [info] Getting sessions for read:user,repo,user:email,workflow...
2025-12-14 14:08:26.577 [info] Got 1 sessions for read:user,repo,user:email,workflow...
2025-12-14 14:08:26.892 [info] Getting sessions for all scopes...
2025-12-14 14:08:26.893 [info] Got 2 sessions for ...
2025-12-14 14:08:26.923 [info] Getting sessions for all scopes...
2025-12-14 14:08:26.923 [info] Got 2 sessions for ...
2025-12-14 14:08:26.923 [info] Getting sessions for all scopes...
2025-12-14 14:08:26.923 [info] Got 2 sessions for ...
2025-12-14 14:08:26.923 [info] Getting sessions for all scopes...
2025-12-14 14:08:26.923 [info] Got 2 sessions for ...
2025-12-14 14:08:26.924 [info] Getting sessions for all scopes...
2025-12-14 14:08:26.924 [info] Got 2 sessions for ...
2025-12-14 14:08:26.976 [info] Getting sessions for user:email...
2025-12-14 14:08:26.976 [info] Got 1 sessions for user:email...
2025-12-14 14:08:26.978 [info] Getting sessions for read:user,repo,user:email,workflow...
2025-12-14 14:08:26.978 [info] Got 1 sessions for read:user,repo,user:email,workflow...
2025-12-14 14:08:27.282 [info] Getting sessions for all scopes...
2025-12-14 14:08:27.282 [info] Got 2 sessions for ...
2025-12-14 14:08:27.282 [info] Getting sessions for all scopes...
2025-12-14 14:08:27.282 [info] Got 2 sessions for ...
2025-12-14 14:08:27.420 [info] FetcherService: Electron fetch failed with status: 429 
2025-12-14 14:08:27.429 [info] Getting sessions for read:user,repo,user:email,workflow...
2025-12-14 14:08:27.429 [info] Got 1 sessions for read:user,repo,user:email,workflow...
2025-12-14 14:08:27.655 [info] Getting sessions for read:user,repo,user:email,workflow...
2025-12-14 14:08:27.655 [info] Got 1 sessions for read:user,repo,user:email,workflow...
2025-12-14 14:08:27.788 [info] Getting sessions for all scopes...
2025-12-14 14:08:27.788 [info] Got 2 sessions for ...
2025-12-14 14:08:27.788 [info] Getting sessions for all scopes...
2025-12-14 14:08:27.788 [info] Got 2 sessions for ...
2025-12-14 14:08:27.814 [info] Getting sessions for read:user,repo,user:email,workflow...
2025-12-14 14:08:27.814 [info] Got 1 sessions for read:user,repo,user:email,workflow...
2025-12-14 14:08:27.893 [info] Getting sessions for all scopes...
2025-12-14 14:08:27.893 [info] Got 2 sessions for ...
2025-12-14 14:08:27.900 [info] Getting sessions for all scopes...
2025-12-14 14:08:27.900 [info] Got 2 sessions for ...
2025-12-14 14:08:27.910 [info] Getting sessions for all scopes...
2025-12-14 14:08:27.910 [info] Got 2 sessions for ...
2025-12-14 14:08:27.911 [info] Getting sessions for all scopes...
2025-12-14 14:08:27.911 [info] Got 2 sessions for ...
2025-12-14 14:08:27.926 [info] Getting sessions for read:user,repo,user:email,workflow...
2025-12-14 14:08:27.926 [info] Got 1 sessions for read:user,repo,user:email,workflow...
2025-12-14 14:08:28.386 [info] FetcherService: Node fetch failed with status: 429 Too Many Requests
2025-12-14 14:08:29.121 [info] FetcherService: Node http/s failed with status: 429 Too Many Requests
2025-12-14 14:13:26.809 [info] Getting sessions for all scopes...
2025-12-14 14:13:26.809 [info] Got 2 sessions for ...
2025-12-14 14:13:26.810 [info] Getting sessions for read:user,repo,user:email,workflow...
2025-12-14 14:13:26.811 [info] Got 1 sessions for read:user,repo,user:email,workflow...
2025-12-14 14:18:26.809 [info] Getting sessions for all scopes...
2025-12-14 14:18:26.809 [info] Got 2 sessions for ...
2025-12-14 14:18:26.810 [info] Getting sessions for read:user,repo,user:email,workflow...
2025-12-14 14:18:26.810 [info] Got 1 sessions for read:user,repo,user:email,workflow...
2025-12-14 14:23:26.810 [info] Getting sessions for all scopes...
2025-12-14 14:23:26.810 [info] Got 2 sessions for ...
2025-12-14 14:23:26.811 [info] Getting sessions for read:user,repo,user:email,workflow...
2025-12-14 14:23:26.811 [info] Got 1 sessions for read:user,repo,user:email,workflow...
2025-12-14 14:28:26.810 [info] Getting sessions for all scopes...
2025-12-14 14:28:26.810 [info] Got 2 sessions for ...
2025-12-14 14:28:26.812 [info] Getting sessions for read:user,repo,user:email,workflow...
2025-12-14 14:28:26.812 [info] Got 1 sessions for read:user,repo,user:email,workflow...
2025-12-14 14:33:26.810 [info] Getting sessions for all scopes...
2025-12-14 14:33:26.810 [info] Got 2 sessions for ...
2025-12-14 14:33:26.811 [info] Getting sessions for read:user,repo,user:email,workflow...
2025-12-14 14:33:26.811 [info] Got 1 sessions for read:user,repo,user:email,workflow...
2025-12-14 14:38:26.811 [info] Getting sessions for all scopes...
2025-12-14 14:38:26.812 [info] Got 2 sessions for ...
2025-12-14 14:38:26.813 [info] Getting sessions for read:user,repo,user:email,workflow...
2025-12-14 14:38:26.813 [info] Got 1 sessions for read:user,repo,user:email,workflow...
2025-12-14 14:43:26.812 [info] Getting sessions for all scopes...
2025-12-14 14:43:26.812 [info] Got 2 sessions for ...
2025-12-14 14:43:26.813 [info] Getting sessions for read:user,repo,user:email,workflow...
2025-12-14 14:43:26.813 [info] Got 1 sessions for read:user,repo,user:email,workflow...
2025-12-14 14:48:26.812 [info] Getting sessions for all scopes...
2025-12-14 14:48:26.812 [info] Got 2 sessions for ...
2025-12-14 14:48:26.813 [info] Getting sessions for read:user,repo,user:email,workflow...
2025-12-14 14:48:26.813 [info] Got 1 sessions for read:user,repo,user:email,workflow...
2025-12-14 14:53:26.812 [info] Getting sessions for all scopes...
2025-12-14 14:53:26.812 [info] Got 2 sessions for ...
2025-12-14 14:53:26.813 [info] Getting sessions for read:user,repo,user:email,workflow...
2025-12-14 14:53:26.813 [info] Got 1 sessions for read:user,repo,user:email,workflow...
2025-12-14 14:58:26.812 [info] Getting sessions for all scopes...
2025-12-14 14:58:26.812 [info] Got 2 sessions for ...
2025-12-14 14:58:26.814 [info] Getting sessions for read:user,repo,user:email,workflow...
2025-12-14 14:58:26.814 [info] Got 1 sessions for read:user,repo,user:email,workflow...
2025-12-14 15:03:26.812 [info] Getting sessions for all scopes...
2025-12-14 15:03:26.812 [info] Got 2 sessions for ...
2025-12-14 15:03:26.813 [info] Getting sessions for read:user,repo,user:email,workflow...
2025-12-14 15:03:26.813 [info] Got 1 sessions for read:user,repo,user:email,workflow...
2025-12-14 15:08:26.812 [info] Getting sessions for all scopes...
2025-12-14 15:08:26.812 [info] Got 2 sessions for ...
2025-12-14 15:08:26.814 [info] Getting sessions for read:user,repo,user:email,workflow...
2025-12-14 15:08:26.814 [info] Got 1 sessions for read:user,repo,user:email,workflow...
2025-12-14 15:13:26.813 [info] Getting sessions for all scopes...
2025-12-14 15:13:26.814 [info] Got 2 sessions for ...
2025-12-14 15:13:26.815 [info] Getting sessions for read:user,repo,user:email,workflow...
2025-12-14 15:13:26.815 [info] Got 1 sessions for read:user,repo,user:email,workflow...
2025-12-14 15:18:26.814 [info] Getting sessions for all scopes...
2025-12-14 15:18:26.814 [info] Got 2 sessions for ...
2025-12-14 15:18:26.817 [info] Getting sessions for read:user,repo,user:email,workflow...
2025-12-14 15:18:26.817 [info] Got 1 sessions for read:user,repo,user:email,workflow...
2025-12-14 15:23:26.815 [info] Getting sessions for all scopes...
2025-12-14 15:23:26.815 [info] Got 2 sessions for ...
2025-12-14 15:23:26.817 [info] Getting sessions for read:user,repo,user:email,workflow...
2025-12-14 15:23:26.817 [info] Got 1 sessions for read:user,repo,user:email,workflow...
2025-12-14 15:28:26.815 [info] Getting sessions for all scopes...
2025-12-14 15:28:26.816 [info] Got 2 sessions for ...
2025-12-14 15:28:26.817 [info] Getting sessions for read:user,repo,user:email,workflow...
2025-12-14 15:28:26.817 [info] Got 1 sessions for read:user,repo,user:email,workflow...
2025-12-14 15:33:26.815 [info] Getting sessions for all scopes...
2025-12-14 15:33:26.815 [info] Got 2 sessions for ...
2025-12-14 15:33:26.816 [info] Getting sessions for read:user,repo,user:email,workflow...
2025-12-14 15:33:26.816 [info] Got 1 sessions for read:user,repo,user:email,workflow...
2025-12-14 15:38:26.815 [info] Getting sessions for all scopes...
2025-12-14 15:38:26.815 [info] Got 2 sessions for ...
2025-12-14 15:38:26.817 [info] Getting sessions for read:user,repo,user:email,workflow...
2025-12-14 15:38:26.817 [info] Got 1 sessions for read:user,repo,user:email,workflow...
2025-12-14 15:43:26.817 [info] Getting sessions for all scopes...
2025-12-14 15:43:26.817 [info] Got 2 sessions for ...
2025-12-14 15:43:26.818 [info] Getting sessions for read:user,repo,user:email,workflow...
2025-12-14 15:43:26.818 [info] Got 1 sessions for read:user,repo,user:email,workflow...
2025-12-14 15:48:26.817 [info] Getting sessions for all scopes...
2025-12-14 15:48:26.817 [info] Got 2 sessions for ...
2025-12-14 15:48:26.818 [info] Getting sessions for read:user,repo,user:email,workflow...
2025-12-14 15:48:26.818 [info] Got 1 sessions for read:user,repo,user:email,workflow...
2025-12-14 15:53:26.817 [info] Getting sessions for all scopes...
2025-12-14 15:53:26.817 [info] Got 2 sessions for ...
2025-12-14 15:53:26.818 [info] Getting sessions for read:user,repo,user:email,workflow...
2025-12-14 15:53:26.818 [info] Got 1 sessions for read:user,repo,user:email,workflow...
2025-12-14 15:58:26.838 [info] Getting sessions for all scopes...
2025-12-14 15:58:26.838 [info] Got 2 sessions for ...
2025-12-14 15:58:26.840 [info] Getting sessions for read:user,repo,user:email,workflow...
2025-12-14 15:58:26.840 [info] Got 1 sessions for read:user,repo,user:email,workflow...
2025-12-14 16:03:26.840 [info] Getting sessions for all scopes...
2025-12-14 16:03:26.840 [info] Got 2 sessions for ...
2025-12-14 16:03:26.842 [info] Getting sessions for read:user,repo,user:email,workflow...
2025-12-14 16:03:26.842 [info] Got 1 sessions for read:user,repo,user:email,workflow...
2025-12-14 16:08:26.840 [info] Getting sessions for all scopes...
2025-12-14 16:08:26.840 [info] Got 2 sessions for ...
2025-12-14 16:08:26.842 [info] Getting sessions for read:user,repo,user:email,workflow...
2025-12-14 16:08:26.842 [info] Got 1 sessions for read:user,repo,user:email,workflow...
2025-12-14 16:13:26.865 [info] Getting sessions for all scopes...
2025-12-14 16:13:26.865 [info] Got 2 sessions for ...
2025-12-14 16:13:26.866 [info] Getting sessions for read:user,repo,user:email,workflow...
2025-12-14 16:13:26.866 [info] Got 1 sessions for read:user,repo,user:email,workflow...
2025-12-14 16:18:26.866 [info] Getting sessions for all scopes...
2025-12-14 16:18:26.867 [info] Got 2 sessions for ...
2025-12-14 16:18:26.868 [info] Getting sessions for read:user,repo,user:email,workflow...
2025-12-14 16:18:26.868 [info] Got 1 sessions for read:user,repo,user:email,workflow...
2025-12-14 16:23:26.869 [info] Getting sessions for all scopes...
2025-12-14 16:23:26.869 [info] Got 2 sessions for ...
2025-12-14 16:23:26.870 [info] Getting sessions for read:user,repo,user:email,workflow...
2025-12-14 16:23:26.870 [info] Got 1 sessions for read:user,repo,user:email,workflow...
2025-12-14 16:28:26.892 [info] Getting sessions for all scopes...
2025-12-14 16:28:26.892 [info] Got 2 sessions for ...
2025-12-14 16:28:26.894 [info] Getting sessions for read:user,repo,user:email,workflow...
2025-12-14 16:28:26.894 [info] Got 1 sessions for read:user,repo,user:email,workflow...
2025-12-14 16:33:26.894 [info] Getting sessions for all scopes...
2025-12-14 16:33:26.894 [info] Got 2 sessions for ...
2025-12-14 16:33:26.896 [info] Getting sessions for read:user,repo,user:email,workflow...
2025-12-14 16:33:26.896 [info] Got 1 sessions for read:user,repo,user:email,workflow...
2025-12-14 16:38:26.892 [info] Getting sessions for all scopes...
2025-12-14 16:38:26.892 [info] Got 2 sessions for ...
2025-12-14 16:38:26.894 [info] Getting sessions for read:user,repo,user:email,workflow...
2025-12-14 16:38:26.894 [info] Got 1 sessions for read:user,repo,user:email,workflow...
2025-12-14 16:43:26.918 [info] Getting sessions for all scopes...
2025-12-14 16:43:26.918 [info] Got 2 sessions for ...
2025-12-14 16:43:26.919 [info] Getting sessions for read:user,repo,user:email,workflow...
2025-12-14 16:43:26.919 [info] Got 1 sessions for read:user,repo,user:email,workflow...
2025-12-14 16:48:26.919 [info] Getting sessions for all scopes...
2025-12-14 16:48:26.920 [info] Got 2 sessions for ...
2025-12-14 16:48:26.921 [info] Getting sessions for read:user,repo,user:email,workflow...
2025-12-14 16:48:26.921 [info] Got 1 sessions for read:user,repo,user:email,workflow...
2025-12-14 16:53:26.921 [info] Getting sessions for all scopes...
2025-12-14 16:53:26.921 [info] Got 2 sessions for ...
2025-12-14 16:53:26.922 [info] Getting sessions for read:user,repo,user:email,workflow...
2025-12-14 16:53:26.922 [info] Got 1 sessions for read:user,repo,user:email,workflow...
2025-12-14 16:58:26.944 [info] Getting sessions for all scopes...
2025-12-14 16:58:26.944 [info] Got 2 sessions for ...
2025-12-14 16:58:26.945 [info] Getting sessions for read:user,repo,user:email,workflow...
2025-12-14 16:58:26.945 [info] Got 1 sessions for read:user,repo,user:email,workflow...
2025-12-14 17:03:26.946 [info] Getting sessions for all scopes...
2025-12-14 17:03:26.946 [info] Got 2 sessions for ...
2025-12-14 17:03:26.947 [info] Getting sessions for read:user,repo,user:email,workflow...
2025-12-14 17:03:26.947 [info] Got 1 sessions for read:user,repo,user:email,workflow...
2025-12-14 17:08:26.946 [info] Getting sessions for all scopes...
2025-12-14 17:08:26.946 [info] Got 2 sessions for ...
2025-12-14 17:08:26.947 [info] Getting sessions for read:user,repo,user:email,workflow...
2025-12-14 17:08:26.947 [info] Got 1 sessions for read:user,repo,user:email,workflow...
2025-12-14 17:13:26.969 [info] Getting sessions for all scopes...
2025-12-14 17:13:26.969 [info] Got 2 sessions for ...
2025-12-14 17:13:26.970 [info] Getting sessions for read:user,repo,user:email,workflow...
2025-12-14 17:13:26.970 [info] Got 1 sessions for read:user,repo,user:email,workflow...
2025-12-14 17:18:26.970 [info] Getting sessions for all scopes...
2025-12-14 17:18:26.971 [info] Got 2 sessions for ...
2025-12-14 17:18:26.972 [info] Getting sessions for read:user,repo,user:email,workflow...
2025-12-14 17:18:26.972 [info] Got 1 sessions for read:user,repo,user:email,workflow...
2025-12-14 17:23:26.972 [info] Getting sessions for all scopes...
2025-12-14 17:23:26.972 [info] Got 2 sessions for ...
2025-12-14 17:23:26.973 [info] Getting sessions for read:user,repo,user:email,workflow...
2025-12-14 17:23:26.973 [info] Got 1 sessions for read:user,repo,user:email,workflow...
2025-12-14 17:28:26.994 [info] Getting sessions for all scopes...
2025-12-14 17:28:26.994 [info] Got 2 sessions for ...
2025-12-14 17:28:26.996 [info] Getting sessions for read:user,repo,user:email,workflow...
2025-12-14 17:28:26.996 [info] Got 1 sessions for read:user,repo,user:email,workflow...
2025-12-14 17:33:26.994 [info] Getting sessions for all scopes...
2025-12-14 17:33:26.994 [info] Got 2 sessions for ...
2025-12-14 17:33:26.996 [info] Getting sessions for read:user,repo,user:email,workflow...
2025-12-14 17:33:26.996 [info] Got 1 sessions for read:user,repo,user:email,workflow...
2025-12-14 17:38:26.995 [info] Getting sessions for all scopes...
2025-12-14 17:38:26.995 [info] Got 2 sessions for ...
2025-12-14 17:38:26.996 [info] Getting sessions for read:user,repo,user:email,workflow...
2025-12-14 17:38:26.996 [info] Got 1 sessions for read:user,repo,user:email,workflow...
2025-12-14 17:43:27.011 [info] Getting sessions for all scopes...
2025-12-14 17:43:27.012 [info] Got 2 sessions for ...
2025-12-14 17:43:27.013 [info] Getting sessions for read:user,repo,user:email,workflow...
2025-12-14 17:43:27.013 [info] Got 1 sessions for read:user,repo,user:email,workflow...
2025-12-14 17:48:27.013 [info] Getting sessions for all scopes...
2025-12-14 17:48:27.013 [info] Got 2 sessions for ...
2025-12-14 17:48:27.014 [info] Getting sessions for read:user,repo,user:email,workflow...
2025-12-14 17:48:27.014 [info] Got 1 sessions for read:user,repo,user:email,workflow...
2025-12-14 17:53:27.013 [info] Getting sessions for all scopes...
2025-12-14 17:53:27.013 [info] Got 2 sessions for ...
2025-12-14 17:53:27.015 [info] Getting sessions for read:user,repo,user:email,workflow...
2025-12-14 17:53:27.015 [info] Got 1 sessions for read:user,repo,user:email,workflow...
2025-12-14 17:58:27.033 [info] Getting sessions for all scopes...
2025-12-14 17:58:27.033 [info] Got 2 sessions for ...
2025-12-14 17:58:27.034 [info] Getting sessions for read:user,repo,user:email,workflow...
2025-12-14 17:58:27.034 [info] Got 1 sessions for read:user,repo,user:email,workflow...
2025-12-14 18:03:27.034 [info] Getting sessions for all scopes...
2025-12-14 18:03:27.034 [info] Got 2 sessions for ...
2025-12-14 18:03:27.035 [info] Getting sessions for read:user,repo,user:email,workflow...
2025-12-14 18:03:27.035 [info] Got 1 sessions for read:user,repo,user:email,workflow...
2025-12-14 18:08:27.034 [info] Getting sessions for all scopes...
2025-12-14 18:08:27.034 [info] Got 2 sessions for ...
2025-12-14 18:08:27.035 [info] Getting sessions for read:user,repo,user:email,workflow...
2025-12-14 18:08:27.035 [info] Got 1 sessions for read:user,repo,user:email,workflow...
2025-12-14 18:13:27.055 [info] Getting sessions for all scopes...
2025-12-14 18:13:27.055 [info] Got 2 sessions for ...
2025-12-14 18:13:27.056 [info] Getting sessions for read:user,repo,user:email,workflow...
2025-12-14 18:13:27.056 [info] Got 1 sessions for read:user,repo,user:email,workflow...
2025-12-14 18:18:27.057 [info] Getting sessions for all scopes...
2025-12-14 18:18:27.057 [info] Got 2 sessions for ...
2025-12-14 18:18:27.058 [info] Getting sessions for read:user,repo,user:email,workflow...
2025-12-14 18:18:27.058 [info] Got 1 sessions for read:user,repo,user:email,workflow...
2025-12-14 18:23:27.059 [info] Getting sessions for all scopes...
2025-12-14 18:23:27.059 [info] Got 2 sessions for ...
2025-12-14 18:23:27.060 [info] Getting sessions for read:user,repo,user:email,workflow...
2025-12-14 18:23:27.060 [info] Got 1 sessions for read:user,repo,user:email,workflow...
