2025-12-16 08:31:52.018 [info] [main] Log level: Info
2025-12-16 08:31:52.018 [info] [main] Validating found git in: "git"
2025-12-16 08:31:52.018 [info] [main] Using git "2.43.0" from "git"
2025-12-16 08:31:52.018 [info] [Model][doInitialScan] Initial repository scan started
2025-12-16 08:31:52.018 [info] > git rev-parse --show-toplevel [9ms]
2025-12-16 08:31:52.018 [info] fatal: not a git repository (or any of the parent directories): .git
2025-12-16 08:31:52.018 [info] > git rev-parse --show-toplevel [21ms]
2025-12-16 08:31:52.018 [info] fatal: not a git repository (or any of the parent directories): .git
2025-12-16 08:31:52.020 [info] > git rev-parse --show-toplevel [3ms]
2025-12-16 08:31:52.020 [info] fatal: not a git repository (or any of the parent directories): .git
2025-12-16 08:31:52.028 [info] > git rev-parse --show-toplevel [3ms]
2025-12-16 08:31:52.028 [info] fatal: not a git repository (or any of the parent directories): .git
2025-12-16 08:31:52.036 [info] > git rev-parse --show-toplevel [2ms]
2025-12-16 08:31:52.045 [info] > git rev-parse --git-dir --git-common-dir --show-superproject-working-tree [4ms]
2025-12-16 08:31:52.053 [info] [Model][openRepository] Opened repository (path): /home/rudra/DEV_ROOT/AI-workbench
2025-12-16 08:31:52.053 [info] [Model][openRepository] Opened repository (real path): /home/rudra/DEV_ROOT/AI-workbench
2025-12-16 08:31:52.053 [info] [Model][openRepository] Opened repository (kind): repository
2025-12-16 08:31:52.068 [info] > git rev-parse --show-toplevel [2ms]
2025-12-16 08:31:52.068 [info] fatal: not a git repository (or any of the parent directories): .git
2025-12-16 08:31:52.069 [info] > git config --get commit.template [8ms]
2025-12-16 08:31:52.085 [info] > git for-each-ref --format=%(refname)%00%(upstream:short)%00%(objectname)%00%(upstream:track)%00%(upstream:remotename)%00%(upstream:remoteref) refs/heads/main refs/remotes/main [3ms]
2025-12-16 08:31:52.085 [info] > git rev-parse --show-toplevel [10ms]
2025-12-16 08:31:52.104 [info] > git status -z -uall [7ms]
2025-12-16 08:31:52.105 [info] > git rev-parse --git-dir --git-common-dir --show-superproject-working-tree [14ms]
2025-12-16 08:31:52.108 [info] [Model][openRepository] Opened repository (path): /home/rudra/DEV_ROOT/PC_TOOLS_AUTOMATION
2025-12-16 08:31:52.108 [info] [Model][openRepository] Opened repository (real path): /home/rudra/DEV_ROOT/PC_TOOLS_AUTOMATION
2025-12-16 08:31:52.108 [info] [Model][openRepository] Opened repository (kind): repository
2025-12-16 08:31:52.127 [info] > git for-each-ref --sort -committerdate --format %(refname)%00%(objectname)%00%(*objectname) [24ms]
2025-12-16 08:31:52.160 [info] > git for-each-ref --format=%(refname)%00%(upstream:short)%00%(objectname)%00%(upstream:track)%00%(upstream:remotename)%00%(upstream:remoteref) refs/heads/main refs/remotes/main [13ms]
2025-12-16 08:31:52.167 [info] > git rev-parse --show-toplevel [46ms]
2025-12-16 08:31:52.167 [info] fatal: not a git repository (or any of the parent directories): .git
2025-12-16 08:31:52.168 [info] > git config --get commit.template [52ms]
2025-12-16 08:31:52.193 [info] > git config --get --local branch.main.vscode-merge-base [26ms]
2025-12-16 08:31:52.201 [info] > git config --get commit.template [42ms]
2025-12-16 08:31:52.215 [info] > git rev-parse --show-toplevel [23ms]
2025-12-16 08:31:52.215 [info] fatal: not a git repository (or any of the parent directories): .git
2025-12-16 08:31:52.228 [info] > git for-each-ref --format=%(refname)%00%(upstream:short)%00%(objectname)%00%(upstream:track)%00%(upstream:remotename)%00%(upstream:remoteref) refs/heads/main refs/remotes/main [20ms]
2025-12-16 08:31:52.228 [info] > git for-each-ref --format=%(refname)%00%(upstream:short)%00%(objectname)%00%(upstream:track)%00%(upstream:remotename)%00%(upstream:remoteref) refs/heads/origin/main refs/remotes/origin/main [27ms]
2025-12-16 08:31:52.243 [warning] [Git][revParse] Unable to read file: ENOENT: no such file or directory, open '/home/rudra/DEV_ROOT/PC_TOOLS_AUTOMATION/.git/refs/remotes/origin/main'
2025-12-16 08:31:52.244 [info] > git rev-parse --show-toplevel [17ms]
2025-12-16 08:31:52.244 [info] > git for-each-ref --format=%(refname)%00%(upstream:short)%00%(objectname)%00%(upstream:track)%00%(upstream:remotename)%00%(upstream:remoteref) refs/heads/main refs/remotes/main [22ms]
2025-12-16 08:31:52.251 [info] > git rev-parse refs/remotes/origin/main [8ms]
2025-12-16 08:31:52.263 [info] > git merge-base refs/heads/main refs/remotes/origin/main [28ms]
2025-12-16 08:31:52.271 [info] > git status -z -uall [14ms]
2025-12-16 08:31:52.271 [info] > git for-each-ref --sort -committerdate --format %(refname)%00%(objectname)%00%(*objectname) [8ms]
2025-12-16 08:31:52.283 [info] > git rev-parse --git-dir --git-common-dir --show-superproject-working-tree [33ms]
2025-12-16 08:31:52.287 [info] [Model][openRepository] Opened repository (path): /home/rudra/DEV_ROOT/career_assistant
2025-12-16 08:31:52.287 [info] [Model][openRepository] Opened repository (real path): /home/rudra/DEV_ROOT/career_assistant
2025-12-16 08:31:52.287 [info] [Model][openRepository] Opened repository (kind): repository
2025-12-16 08:31:52.307 [info] > git for-each-ref --format=%(refname)%00%(upstream:short)%00%(objectname)%00%(upstream:track)%00%(upstream:remotename)%00%(upstream:remoteref) refs/heads/main refs/remotes/main [25ms]
2025-12-16 08:31:52.314 [info] > git diff --name-status -z --diff-filter=ADMR 36da54c1fc0f74ae3e58714124147b1beab16cff...refs/remotes/origin/main [44ms]
2025-12-16 08:31:52.328 [info] > git status -z -uall [7ms]
2025-12-16 08:31:52.329 [info] > git config --get --local branch.main.vscode-merge-base [16ms]
2025-12-16 08:31:52.336 [info] > git rev-parse --show-toplevel [29ms]
2025-12-16 08:31:52.336 [info] > git config --get commit.template [35ms]
2025-12-16 08:31:52.336 [info] > git config --get commit.template [42ms]
2025-12-16 08:31:52.345 [info] > git for-each-ref --format=%(refname)%00%(upstream:short)%00%(objectname)%00%(upstream:track)%00%(upstream:remotename)%00%(upstream:remoteref) refs/heads/origin/main refs/remotes/origin/main [9ms]
2025-12-16 08:31:52.353 [info] > git for-each-ref --sort -committerdate --format %(refname)%00%(objectname)%00%(*objectname) [25ms]
2025-12-16 08:31:52.389 [info] > git merge-base refs/heads/main refs/remotes/origin/main [37ms]
2025-12-16 08:31:52.395 [info] > git rev-parse --git-dir --git-common-dir --show-superproject-working-tree [50ms]
2025-12-16 08:31:52.399 [info] [Model][openRepository] Opened repository (path): /home/rudra/DEV_ROOT/coding_practice
2025-12-16 08:31:52.399 [info] [Model][openRepository] Opened repository (real path): /home/rudra/DEV_ROOT/coding_practice
2025-12-16 08:31:52.399 [info] [Model][openRepository] Opened repository (kind): repository
2025-12-16 08:31:52.433 [info] > git diff --name-status -z --diff-filter=ADMR 12b914080d490bc93f7c1c24e6528bf55ced65aa...refs/remotes/origin/main [38ms]
2025-12-16 08:31:52.433 [info] > git for-each-ref --format=%(refname)%00%(upstream:short)%00%(objectname)%00%(upstream:track)%00%(upstream:remotename)%00%(upstream:remoteref) refs/heads/main refs/remotes/main [45ms]
2025-12-16 08:31:52.434 [info] > git for-each-ref --format=%(refname)%00%(upstream:short)%00%(objectname)%00%(upstream:track)%00%(upstream:remotename)%00%(upstream:remoteref) refs/heads/main refs/remotes/main [51ms]
2025-12-16 08:31:52.441 [warning] [Git][revParse] Unable to read file: ENOENT: no such file or directory, open '/home/rudra/DEV_ROOT/PC_TOOLS_AUTOMATION/.git/refs/remotes/origin/main'
2025-12-16 08:31:52.442 [info] > git rev-parse --show-toplevel [9ms]
2025-12-16 08:31:52.442 [info] fatal: not a git repository (or any of the parent directories): .git
2025-12-16 08:31:52.444 [info] [Model][doInitialScan] Initial repository scan completed - repositories (4), closed repositories (0), parent repositories (0), unsafe repositories (0)
2025-12-16 08:31:52.444 [info] > git config --get commit.template [20ms]
2025-12-16 08:31:52.446 [info] > git rev-parse refs/remotes/origin/main [5ms]
2025-12-16 08:31:52.467 [info] > git status -z -uall [15ms]
2025-12-16 08:31:52.467 [info] > git for-each-ref --sort -committerdate --format %(refname)%00%(objectname)%00%(*objectname) [9ms]
2025-12-16 08:31:52.483 [info] > git status -z -uall [7ms]
2025-12-16 08:31:52.483 [info] > git for-each-ref --format=%(refname)%00%(upstream:short)%00%(objectname)%00%(upstream:track)%00%(upstream:remotename)%00%(upstream:remoteref) refs/heads/main refs/remotes/main [17ms]
2025-12-16 08:31:52.490 [warning] [Git][revParse] Unable to read file: ENOENT: no such file or directory, open '/home/rudra/DEV_ROOT/coding_practice/.git/refs/remotes/origin/main'
2025-12-16 08:31:52.493 [info] > git rev-parse refs/remotes/origin/main [3ms]
2025-12-16 08:31:52.505 [info] > git for-each-ref --sort -committerdate --format %(refname)%00%(objectname)%00%(*objectname) [23ms]
2025-12-16 08:31:52.522 [info] > git for-each-ref --format=%(refname)%00%(upstream:short)%00%(objectname)%00%(upstream:track)%00%(upstream:remotename)%00%(upstream:remoteref) refs/heads/main refs/remotes/main [9ms]
2025-12-16 08:31:52.528 [info] > git for-each-ref --sort -committerdate --format %(refname)%00%(objectname)%00%(*objectname) [23ms]
2025-12-16 08:31:52.528 [info] > git status -z -uall [29ms]
2025-12-16 08:31:52.529 [info] > git config --get commit.template [8ms]
2025-12-16 08:31:52.544 [info] > git config --get --local branch.main.vscode-merge-base [16ms]
2025-12-16 08:31:52.556 [info] > git config --get commit.template [12ms]
2025-12-16 08:31:52.556 [info] > git for-each-ref --format=%(refname)%00%(upstream:short)%00%(objectname)%00%(upstream:track)%00%(upstream:remotename)%00%(upstream:remoteref) refs/heads/main refs/remotes/main [19ms]
2025-12-16 08:31:52.565 [info] > git config --get --local branch.main.vscode-merge-base [2ms]
2025-12-16 08:31:52.571 [info] > git for-each-ref --format=%(refname)%00%(upstream:short)%00%(objectname)%00%(upstream:track)%00%(upstream:remotename)%00%(upstream:remoteref) refs/heads/main refs/remotes/main [15ms]
2025-12-16 08:31:52.572 [info] > git for-each-ref --format=%(refname)%00%(upstream:short)%00%(objectname)%00%(upstream:track)%00%(upstream:remotename)%00%(upstream:remoteref) refs/heads/origin/main refs/remotes/origin/main [22ms]
2025-12-16 08:31:52.590 [info] > git merge-base refs/heads/main refs/remotes/origin/main [12ms]
2025-12-16 08:31:52.596 [info] > git for-each-ref --format=%(refname)%00%(upstream:short)%00%(objectname)%00%(upstream:track)%00%(upstream:remotename)%00%(upstream:remoteref) refs/heads/origin/main refs/remotes/origin/main [25ms]
2025-12-16 08:31:52.604 [info] > git diff --name-status -z --diff-filter=ADMR af2f51c17ac74089672c16c356e8542714d4e662...refs/remotes/origin/main [7ms]
2025-12-16 08:31:52.604 [info] > git for-each-ref --format=%(refname)%00%(upstream:short)%00%(objectname)%00%(upstream:track)%00%(upstream:remotename)%00%(upstream:remoteref) refs/heads/main refs/remotes/main [15ms]
2025-12-16 08:31:52.613 [warning] [Git][revParse] Unable to read file: ENOENT: no such file or directory, open '/home/rudra/DEV_ROOT/coding_practice/.git/refs/remotes/origin/main'
2025-12-16 08:31:52.619 [info] > git merge-base refs/heads/main refs/remotes/origin/main [17ms]
2025-12-16 08:31:52.640 [info] > git status -z -uall [8ms]
2025-12-16 08:31:52.640 [info] > git rev-parse --show-toplevel [21ms]
2025-12-16 08:31:52.640 [info] fatal: not a git repository (or any of the parent directories): .git
2025-12-16 08:31:52.640 [info] > git rev-parse refs/remotes/origin/main [27ms]
2025-12-16 08:31:52.657 [info] > git for-each-ref --sort -committerdate --format %(refname)%00%(objectname)%00%(*objectname) [17ms]
2025-12-16 08:31:52.659 [info] > git diff --name-status -z --diff-filter=ADMR 3cd9f0344c4c8f6cc17439444e6648a28d25b476...refs/remotes/origin/main [34ms]
2025-12-16 08:31:52.681 [info] > git for-each-ref --sort -committerdate --format %(refname)%00%(objectname)%00%(*objectname) [27ms]
2025-12-16 08:31:52.682 [info] > git status -z -uall [35ms]
2025-12-16 08:31:52.973 [info] > git check-ignore -v -z --stdin [21ms]
2025-12-16 08:31:52.974 [info] > git check-ignore -v -z --stdin [16ms]
2025-12-16 08:31:52.974 [info] > git check-ignore -v -z --stdin [8ms]
2025-12-16 08:31:52.974 [info] > git check-ignore -v -z --stdin [3ms]
2025-12-16 08:31:55.005 [info] > git rev-parse --show-toplevel [3ms]
2025-12-16 08:31:55.005 [info] fatal: not a git repository (or any of the parent directories): .git
2025-12-16 08:31:55.014 [info] > git rev-parse --show-toplevel [2ms]
2025-12-16 08:31:55.014 [info] fatal: not a git repository (or any of the parent directories): .git
2025-12-16 08:35:41.082 [info] > git rev-parse --show-toplevel [1ms]
2025-12-16 08:35:41.082 [info] fatal: not a git repository (or any of the parent directories): .git
2025-12-16 08:36:28.827 [info] > git rev-parse --show-toplevel [1ms]
2025-12-16 08:36:28.827 [info] fatal: not a git repository (or any of the parent directories): .git
2025-12-16 08:36:34.491 [info] > git rev-parse --show-toplevel [1ms]
2025-12-16 08:36:34.492 [info] fatal: not a git repository (or any of the parent directories): .git
2025-12-16 08:52:36.281 [info] > git rev-parse --show-toplevel [1ms]
2025-12-16 08:52:36.281 [info] fatal: not a git repository (or any of the parent directories): .git
2025-12-16 08:53:36.638 [info] > git config --get commit.template [9ms]
2025-12-16 08:53:36.638 [info] > git for-each-ref --format=%(refname)%00%(upstream:short)%00%(objectname)%00%(upstream:track)%00%(upstream:remotename)%00%(upstream:remoteref) refs/heads/main refs/remotes/main [1ms]
2025-12-16 08:53:36.646 [warning] [Git][revParse] Unable to read file: ENOENT: no such file or directory, open '/home/rudra/DEV_ROOT/PC_TOOLS_AUTOMATION/.git/refs/remotes/origin/main'
2025-12-16 08:53:36.647 [info] > git rev-parse refs/remotes/origin/main [1ms]
2025-12-16 08:53:36.665 [info] > git status -z -uall [10ms]
2025-12-16 08:53:36.666 [info] > git for-each-ref --sort -committerdate --format %(refname)%00%(objectname)%00%(*objectname) [3ms]
2025-12-16 08:53:41.690 [info] > git config --get commit.template [9ms]
2025-12-16 08:53:41.690 [info] > git for-each-ref --format=%(refname)%00%(upstream:short)%00%(objectname)%00%(upstream:track)%00%(upstream:remotename)%00%(upstream:remoteref) refs/heads/main refs/remotes/main [1ms]
2025-12-16 08:53:41.697 [warning] [Git][revParse] Unable to read file: ENOENT: no such file or directory, open '/home/rudra/DEV_ROOT/PC_TOOLS_AUTOMATION/.git/refs/remotes/origin/main'
2025-12-16 08:53:41.698 [info] > git rev-parse refs/remotes/origin/main [1ms]
2025-12-16 08:53:41.714 [info] > git status -z -uall [9ms]
2025-12-16 08:53:41.715 [info] > git for-each-ref --sort -committerdate --format %(refname)%00%(objectname)%00%(*objectname) [3ms]
2025-12-16 08:53:47.348 [info] > git config --get commit.template [8ms]
2025-12-16 08:53:47.349 [info] > git for-each-ref --format=%(refname)%00%(upstream:short)%00%(objectname)%00%(upstream:track)%00%(upstream:remotename)%00%(upstream:remoteref) refs/heads/main refs/remotes/main [2ms]
2025-12-16 08:53:47.356 [warning] [Git][revParse] Unable to read file: ENOENT: no such file or directory, open '/home/rudra/DEV_ROOT/PC_TOOLS_AUTOMATION/.git/refs/remotes/origin/main'
2025-12-16 08:53:47.357 [info] > git rev-parse refs/remotes/origin/main [1ms]
2025-12-16 08:53:47.372 [info] > git status -z -uall [9ms]
2025-12-16 08:53:47.377 [info] > git for-each-ref --sort -committerdate --format %(refname)%00%(objectname)%00%(*objectname) [7ms]
2025-12-16 08:53:52.408 [info] > git config --get commit.template [8ms]
2025-12-16 08:53:52.408 [info] > git for-each-ref --format=%(refname)%00%(upstream:short)%00%(objectname)%00%(upstream:track)%00%(upstream:remotename)%00%(upstream:remoteref) refs/heads/main refs/remotes/main [1ms]
2025-12-16 08:53:52.415 [warning] [Git][revParse] Unable to read file: ENOENT: no such file or directory, open '/home/rudra/DEV_ROOT/PC_TOOLS_AUTOMATION/.git/refs/remotes/origin/main'
2025-12-16 08:53:52.416 [info] > git rev-parse refs/remotes/origin/main [1ms]
2025-12-16 08:53:52.431 [info] > git status -z -uall [8ms]
2025-12-16 08:53:52.436 [info] > git for-each-ref --sort -committerdate --format %(refname)%00%(objectname)%00%(*objectname) [6ms]
2025-12-16 08:59:39.981 [info] > git rev-parse --show-toplevel [2ms]
2025-12-16 08:59:39.981 [info] fatal: not a git repository (or any of the parent directories): .git
2025-12-16 09:00:29.785 [info] > git rev-parse --show-toplevel [1ms]
2025-12-16 09:00:29.785 [info] fatal: not a git repository (or any of the parent directories): .git
2025-12-16 09:01:39.467 [info] > git config --get commit.template [9ms]
2025-12-16 09:01:39.468 [info] > git for-each-ref --format=%(refname)%00%(upstream:short)%00%(objectname)%00%(upstream:track)%00%(upstream:remotename)%00%(upstream:remoteref) refs/heads/main refs/remotes/main [1ms]
2025-12-16 09:01:39.476 [warning] [Git][revParse] Unable to read file: ENOENT: no such file or directory, open '/home/rudra/DEV_ROOT/PC_TOOLS_AUTOMATION/.git/refs/remotes/origin/main'
2025-12-16 09:01:39.477 [info] > git rev-parse refs/remotes/origin/main [1ms]
2025-12-16 09:01:39.494 [info] > git status -z -uall [9ms]
2025-12-16 09:01:39.494 [info] > git for-each-ref --sort -committerdate --format %(refname)%00%(objectname)%00%(*objectname) [1ms]
