2025-12-14 07:02:49.920 [info] Experiment 'pythonSurveyNotification' is active
2025-12-14 07:02:49.920 [warning] Dir "/home/rudra/DEV_ROOT/career_assistant/.pixi/envs" is not watchable (directory does not exist)
2025-12-14 07:02:50.156 [info] Skipping ActivatedEnv Detection:  process.env.VSCODE_CLI !== '1'
2025-12-14 07:02:50.172 [info] Running installed packages checker:  {
  id: '/home/rudra/DEV_ROOT/career_assistant/.venv/bin/python',
  sysPrefix: '/home/rudra/DEV_ROOT/career_assistant/.venv',
  envType: 'Venv',
  envName: '.venv',
  envPath: '/home/rudra/DEV_ROOT/career_assistant/.venv',
  path: '/home/rudra/DEV_ROOT/career_assistant/.venv/bin/python',
  architecture: 3,
  sysVersion: '3.13.11 (main, Dec  9 2025, 19:04:10) [Clang 21.1.4 ]',
  version: {
    raw: '3.13.11',
    major: 3,
    minor: 13,
    patch: 11,
    build: [],
    prerelease: [ 'final', '0' ]
  },
  displayName: "Python 3.13.11 ('.venv')",
  detailedDisplayName: "Python 3.13.11 ('.venv': venv)",
  type: 'Virtual'
} /home/rudra/.antigravity/extensions/ms-python.python-2025.16.0-universal/python_files/installed_check.py /home/rudra/DEV_ROOT/career_assistant/requirements.txt
2025-12-14 07:02:50.172 [info] > ./.venv/bin/python ~/.antigravity/extensions/ms-python.python-2025.16.0-universal/python_files/installed_check.py ./requirements.txt
2025-12-14 07:02:50.180 [info] Python interpreter path: ./.venv/bin/python
2025-12-14 07:02:50.286 [info] > pyenv which python
2025-12-14 07:02:50.286 [info] cwd: .
2025-12-14 07:02:52.354 [info] Send text to terminal: source /home/rudra/DEV_ROOT/career_assistant/.venv/bin/activate
2025-12-14 07:02:53.006 [info] Starting Jedi language server for career_assistant.
2025-12-14 07:02:54.312 [info] Running installed packages checker:  {
  id: '/home/rudra/DEV_ROOT/career_assistant/.venv/bin/python',
  sysPrefix: '/home/rudra/DEV_ROOT/career_assistant/.venv',
  envType: 'Venv',
  envName: '.venv',
  envPath: '/home/rudra/DEV_ROOT/career_assistant/.venv',
  path: '/home/rudra/DEV_ROOT/career_assistant/.venv/bin/python',
  architecture: 3,
  sysVersion: '3.13.11 (main, Dec  9 2025, 19:04:10) [Clang 21.1.4 ]',
  version: {
    raw: '3.13.11',
    major: 3,
    minor: 13,
    patch: 11,
    build: [],
    prerelease: [ 'final', '0' ]
  },
  displayName: "Python 3.13.11 ('.venv')",
  detailedDisplayName: "Python 3.13.11 ('.venv': venv)",
  type: 'Virtual'
} /home/rudra/.antigravity/extensions/ms-python.python-2025.16.0-universal/python_files/installed_check.py /home/rudra/DEV_ROOT/career_assistant/pyproject.toml
2025-12-14 07:02:54.312 [info] > ./.venv/bin/python ~/.antigravity/extensions/ms-python.python-2025.16.0-universal/python_files/installed_check.py ./pyproject.toml
2025-12-14 07:04:15.090 [info] > hatch env show --json
2025-12-14 07:04:15.090 [info] cwd: .
2025-12-14 07:04:15.190 [info] > ./.venv/bin/python -I ~/.antigravity/extensions/ms-python.python-2025.16.0-universal/python_files/get_output_via_markers.py ~/.antigravity/extensions/ms-python.python-2025.16.0-universal/python_files/interpreterInfo.py
2025-12-14 07:04:15.190 [info] Environments refresh paths discovered: 118 milliseconds
2025-12-14 07:04:15.252 [info] Environments refresh finished (event): 180 milliseconds
2025-12-14 07:08:15.601 [info] Running installed packages checker:  {
  id: '/home/rudra/DEV_ROOT/career_assistant/.venv/bin/python',
  sysPrefix: '/home/rudra/DEV_ROOT/career_assistant/.venv',
  envType: 'Venv',
  envName: '.venv',
  envPath: '/home/rudra/DEV_ROOT/career_assistant/.venv',
  path: '/home/rudra/DEV_ROOT/career_assistant/.venv/bin/python',
  architecture: 3,
  sysVersion: '3.12.3 (main, Nov  6 2025, 13:44:16) [GCC 13.3.0]',
  version: {
    raw: '3.12.3',
    major: 3,
    minor: 12,
    patch: 3,
    build: [],
    prerelease: [ 'final', '0' ]
  },
  displayName: "Python 3.12.3 ('.venv')",
  detailedDisplayName: "Python 3.12.3 ('.venv': venv)",
  type: 'Virtual'
} /home/rudra/.antigravity/extensions/ms-python.python-2025.16.0-universal/python_files/installed_check.py /home/rudra/DEV_ROOT/career_assistant/requirements.txt
2025-12-14 07:08:15.601 [info] > ./.venv/bin/python ~/.antigravity/extensions/ms-python.python-2025.16.0-universal/python_files/installed_check.py ./requirements.txt
