2025-12-16 08:28:18.537 [info] [main] Log level: Info
2025-12-16 08:28:18.537 [info] [main] Validating found git in: "git"
2025-12-16 08:28:18.537 [info] [main] Using git "2.43.0" from "git"
2025-12-16 08:28:18.537 [info] [Model][doInitialScan] Initial repository scan started
2025-12-16 08:28:18.537 [info] > git rev-parse --show-toplevel [7ms]
2025-12-16 08:28:18.537 [info] fatal: not a git repository (or any of the parent directories): .git
2025-12-16 08:28:18.537 [info] > git rev-parse --show-toplevel [2ms]
2025-12-16 08:28:18.537 [info] > git rev-parse --git-dir --git-common-dir --show-superproject-working-tree [312ms]
2025-12-16 08:28:18.537 [info] [Model][openRepository] Opened repository (path): /home/rudra/DEV_ROOT/AI-workbench
2025-12-16 08:28:18.537 [info] [Model][openRepository] Opened repository (real path): /home/rudra/DEV_ROOT/AI-workbench
2025-12-16 08:28:18.537 [info] [Model][openRepository] Opened repository (kind): repository
2025-12-16 08:28:18.537 [info] > git rev-parse --show-toplevel [23ms]
2025-12-16 08:28:18.537 [info] fatal: not a git repository (or any of the parent directories): .git
2025-12-16 08:28:18.537 [info] > git config --get commit.template [30ms]
2025-12-16 08:28:18.554 [info] > git for-each-ref --format=%(refname)%00%(upstream:short)%00%(objectname)%00%(upstream:track)%00%(upstream:remotename)%00%(upstream:remoteref) refs/heads/main refs/remotes/main [9ms]
2025-12-16 08:28:18.555 [info] > git rev-parse --show-toplevel [2ms]
2025-12-16 08:28:18.555 [info] fatal: not a git repository (or any of the parent directories): .git
2025-12-16 08:28:18.578 [info] > git status -z -uall [10ms]
2025-12-16 08:28:18.578 [info] > git rev-parse --show-toplevel [17ms]
2025-12-16 08:28:18.578 [info] fatal: not a git repository (or any of the parent directories): .git
2025-12-16 08:28:18.586 [info] > git for-each-ref --sort -committerdate --format %(refname)%00%(objectname)%00%(*objectname) [10ms]
2025-12-16 08:28:18.620 [info] > git for-each-ref --format=%(refname)%00%(upstream:short)%00%(objectname)%00%(upstream:track)%00%(upstream:remotename)%00%(upstream:remoteref) refs/heads/main refs/remotes/main [7ms]
2025-12-16 08:28:18.628 [info] > git rev-parse --show-toplevel [42ms]
2025-12-16 08:28:18.637 [info] > git config --get --local branch.main.vscode-merge-base [9ms]
2025-12-16 08:28:18.646 [info] > git config --get commit.template [25ms]
2025-12-16 08:28:18.647 [info] > git rev-parse --git-dir --git-common-dir --show-superproject-working-tree [10ms]
2025-12-16 08:28:18.654 [info] [Model][openRepository] Opened repository (path): /home/rudra/DEV_ROOT/PC_TOOLS_AUTOMATION
2025-12-16 08:28:18.654 [info] [Model][openRepository] Opened repository (real path): /home/rudra/DEV_ROOT/PC_TOOLS_AUTOMATION
2025-12-16 08:28:18.654 [info] [Model][openRepository] Opened repository (kind): repository
2025-12-16 08:28:18.679 [info] > git for-each-ref --format=%(refname)%00%(upstream:short)%00%(objectname)%00%(upstream:track)%00%(upstream:remotename)%00%(upstream:remoteref) refs/heads/origin/main refs/remotes/origin/main [34ms]
2025-12-16 08:28:18.709 [info] > git merge-base refs/heads/main refs/remotes/origin/main [22ms]
2025-12-16 08:28:18.717 [info] > git rev-parse --show-toplevel [38ms]
2025-12-16 08:28:18.717 [info] fatal: not a git repository (or any of the parent directories): .git
2025-12-16 08:28:18.717 [info] > git config --get commit.template [46ms]
2025-12-16 08:28:18.717 [info] > git for-each-ref --format=%(refname)%00%(upstream:short)%00%(objectname)%00%(upstream:track)%00%(upstream:remotename)%00%(upstream:remoteref) refs/heads/main refs/remotes/main [54ms]
2025-12-16 08:28:18.734 [info] > git diff --name-status -z --diff-filter=ADMR 36da54c1fc0f74ae3e58714124147b1beab16cff...refs/remotes/origin/main [18ms]
2025-12-16 08:28:18.736 [info] > git for-each-ref --format=%(refname)%00%(upstream:short)%00%(objectname)%00%(upstream:track)%00%(upstream:remotename)%00%(upstream:remoteref) refs/heads/main refs/remotes/main [3ms]
2025-12-16 08:28:18.736 [info] > git rev-parse --show-toplevel [11ms]
2025-12-16 08:28:18.736 [info] fatal: not a git repository (or any of the parent directories): .git
2025-12-16 08:28:18.760 [warning] [Git][revParse] Unable to read file: ENOENT: no such file or directory, open '/home/rudra/DEV_ROOT/PC_TOOLS_AUTOMATION/.git/refs/remotes/origin/main'
2025-12-16 08:28:18.772 [info] > git status -z -uall [29ms]
2025-12-16 08:28:18.772 [info] > git rev-parse refs/remotes/origin/main [12ms]
2025-12-16 08:28:18.790 [info] > git for-each-ref --sort -committerdate --format %(refname)%00%(objectname)%00%(*objectname) [38ms]
2025-12-16 08:28:18.796 [info] > git status -z -uall [14ms]
2025-12-16 08:28:18.796 [info] > git for-each-ref --sort -committerdate --format %(refname)%00%(objectname)%00%(*objectname) [7ms]
2025-12-16 08:28:18.809 [info] > git rev-parse --show-toplevel [39ms]
2025-12-16 08:28:18.826 [info] > git for-each-ref --format=%(refname)%00%(upstream:short)%00%(objectname)%00%(upstream:track)%00%(upstream:remotename)%00%(upstream:remoteref) refs/heads/main refs/remotes/main [19ms]
2025-12-16 08:28:18.836 [info] > git config --get --local branch.main.vscode-merge-base [2ms]
2025-12-16 08:28:18.844 [info] > git rev-parse --git-dir --git-common-dir --show-superproject-working-tree [18ms]
2025-12-16 08:28:18.848 [info] [Model][openRepository] Opened repository (path): /home/rudra/DEV_ROOT/career_assistant
2025-12-16 08:28:18.848 [info] [Model][openRepository] Opened repository (real path): /home/rudra/DEV_ROOT/career_assistant
2025-12-16 08:28:18.848 [info] [Model][openRepository] Opened repository (kind): repository
2025-12-16 08:28:18.849 [info] > git config --get commit.template [31ms]
2025-12-16 08:28:18.865 [info] > git for-each-ref --format=%(refname)%00%(upstream:short)%00%(objectname)%00%(upstream:track)%00%(upstream:remotename)%00%(upstream:remoteref) refs/heads/origin/main refs/remotes/origin/main [21ms]
2025-12-16 08:28:18.900 [info] > git merge-base refs/heads/main refs/remotes/origin/main [28ms]
2025-12-16 08:28:18.907 [info] > git rev-parse --show-toplevel [42ms]
2025-12-16 08:28:18.908 [info] > git config --get commit.template [51ms]
2025-12-16 08:28:18.926 [info] > git diff --name-status -z --diff-filter=ADMR 12b914080d490bc93f7c1c24e6528bf55ced65aa...refs/remotes/origin/main [19ms]
2025-12-16 08:28:18.926 [info] > git for-each-ref --format=%(refname)%00%(upstream:short)%00%(objectname)%00%(upstream:track)%00%(upstream:remotename)%00%(upstream:remoteref) refs/heads/main refs/remotes/main [27ms]
2025-12-16 08:28:18.959 [warning] [Git][revParse] Unable to read file: ENOENT: no such file or directory, open '/home/rudra/DEV_ROOT/PC_TOOLS_AUTOMATION/.git/refs/remotes/origin/main'
2025-12-16 08:28:18.960 [info] > git rev-parse --git-dir --git-common-dir --show-superproject-working-tree [35ms]
2025-12-16 08:28:18.963 [info] [Model][openRepository] Opened repository (path): /home/rudra/DEV_ROOT/coding_practice
2025-12-16 08:28:18.963 [info] [Model][openRepository] Opened repository (real path): /home/rudra/DEV_ROOT/coding_practice
2025-12-16 08:28:18.963 [info] [Model][openRepository] Opened repository (kind): repository
2025-12-16 08:28:18.987 [info] > git rev-parse refs/remotes/origin/main [28ms]
2025-12-16 08:28:19.000 [info] > git for-each-ref --format=%(refname)%00%(upstream:short)%00%(objectname)%00%(upstream:track)%00%(upstream:remotename)%00%(upstream:remoteref) refs/heads/main refs/remotes/main [48ms]
2025-12-16 08:28:19.002 [info] > git status -z -uall [8ms]
2025-12-16 08:28:19.002 [info] > git rev-parse --show-toplevel [24ms]
2025-12-16 08:28:19.002 [info] fatal: not a git repository (or any of the parent directories): .git
2025-12-16 08:28:19.005 [info] [Model][doInitialScan] Initial repository scan completed - repositories (4), closed repositories (0), parent repositories (0), unsafe repositories (0)
2025-12-16 08:28:19.005 [info] > git config --get commit.template [34ms]
2025-12-16 08:28:19.009 [info] > git for-each-ref --sort -committerdate --format %(refname)%00%(objectname)%00%(*objectname) [9ms]
2025-12-16 08:28:19.035 [info] > git for-each-ref --format=%(refname)%00%(upstream:short)%00%(objectname)%00%(upstream:track)%00%(upstream:remotename)%00%(upstream:remoteref) refs/heads/main refs/remotes/main [17ms]
2025-12-16 08:28:19.035 [info] > git status -z -uall [8ms]
2025-12-16 08:28:19.035 [info] > git for-each-ref --sort -committerdate --format %(refname)%00%(objectname)%00%(*objectname) [2ms]
2025-12-16 08:28:19.052 [warning] [Git][revParse] Unable to read file: ENOENT: no such file or directory, open '/home/rudra/DEV_ROOT/coding_practice/.git/refs/remotes/origin/main'
2025-12-16 08:28:19.060 [info] > git rev-parse refs/remotes/origin/main [8ms]
2025-12-16 08:28:19.075 [info] > git for-each-ref --format=%(refname)%00%(upstream:short)%00%(objectname)%00%(upstream:track)%00%(upstream:remotename)%00%(upstream:remoteref) refs/heads/main refs/remotes/main [31ms]
2025-12-16 08:28:19.083 [info] > git for-each-ref --sort -committerdate --format %(refname)%00%(objectname)%00%(*objectname) [8ms]
2025-12-16 08:28:19.083 [info] > git config --get commit.template [24ms]
2025-12-16 08:28:19.092 [info] > git config --get --local branch.main.vscode-merge-base [10ms]
2025-12-16 08:28:19.100 [info] > git status -z -uall [33ms]
2025-12-16 08:28:19.100 [info] > git for-each-ref --format=%(refname)%00%(upstream:short)%00%(objectname)%00%(upstream:track)%00%(upstream:remotename)%00%(upstream:remoteref) refs/heads/main refs/remotes/main [9ms]
2025-12-16 08:28:19.122 [info] > git for-each-ref --format=%(refname)%00%(upstream:short)%00%(objectname)%00%(upstream:track)%00%(upstream:remotename)%00%(upstream:remoteref) refs/heads/main refs/remotes/main [13ms]
2025-12-16 08:28:19.130 [info] > git for-each-ref --format=%(refname)%00%(upstream:short)%00%(objectname)%00%(upstream:track)%00%(upstream:remotename)%00%(upstream:remoteref) refs/heads/origin/main refs/remotes/origin/main [30ms]
2025-12-16 08:28:19.138 [info] > git config --get --local branch.main.vscode-merge-base [9ms]
2025-12-16 08:28:19.145 [info] > git config --get commit.template [23ms]
2025-12-16 08:28:19.146 [info] > git merge-base refs/heads/main refs/remotes/origin/main [10ms]
2025-12-16 08:28:19.175 [info] > git status -z -uall [15ms]
2025-12-16 08:28:19.176 [info] > git for-each-ref --format=%(refname)%00%(upstream:short)%00%(objectname)%00%(upstream:track)%00%(upstream:remotename)%00%(upstream:remoteref) refs/heads/origin/main refs/remotes/origin/main [31ms]
2025-12-16 08:28:19.186 [info] > git for-each-ref --format=%(refname)%00%(upstream:short)%00%(objectname)%00%(upstream:track)%00%(upstream:remotename)%00%(upstream:remoteref) refs/heads/main refs/remotes/main [11ms]
2025-12-16 08:28:19.186 [info] > git for-each-ref --sort -committerdate --format %(refname)%00%(objectname)%00%(*objectname) [19ms]
2025-12-16 08:28:19.196 [info] > git diff --name-status -z --diff-filter=ADMR af2f51c17ac74089672c16c356e8542714d4e662...refs/remotes/origin/main [43ms]
2025-12-16 08:28:19.203 [warning] [Git][revParse] Unable to read file: ENOENT: no such file or directory, open '/home/rudra/DEV_ROOT/coding_practice/.git/refs/remotes/origin/main'
2025-12-16 08:28:19.221 [info] > git merge-base refs/heads/main refs/remotes/origin/main [26ms]
2025-12-16 08:28:19.228 [info] > git merge-base refs/heads/main refs/remotes/origin/main [44ms]
2025-12-16 08:28:19.237 [info] > git diff --name-status -z --diff-filter=ADMR af2f51c17ac74089672c16c356e8542714d4e662...refs/remotes/origin/main [9ms]
2025-12-16 08:28:19.237 [info] > git rev-parse refs/remotes/origin/main [34ms]
2025-12-16 08:28:19.265 [info] > git for-each-ref --sort -committerdate --format %(refname)%00%(objectname)%00%(*objectname) [13ms]
2025-12-16 08:28:19.266 [info] > git diff --name-status -z --diff-filter=ADMR 3cd9f0344c4c8f6cc17439444e6648a28d25b476...refs/remotes/origin/main [30ms]
2025-12-16 08:28:19.275 [info] > git status -z -uall [31ms]
2025-12-16 08:28:19.539 [info] > git check-ignore -v -z --stdin [24ms]
2025-12-16 08:28:19.540 [info] > git check-ignore -v -z --stdin [18ms]
2025-12-16 08:28:19.541 [info] > git check-ignore -v -z --stdin [12ms]
2025-12-16 08:28:19.541 [info] > git check-ignore -v -z --stdin [5ms]
2025-12-16 08:28:20.188 [info] > git rev-parse --show-toplevel [2ms]
2025-12-16 08:28:20.188 [info] fatal: not a git repository (or any of the parent directories): .git
2025-12-16 08:28:20.559 [info] > git rev-parse --show-toplevel [2ms]
2025-12-16 08:28:20.559 [info] fatal: not a git repository (or any of the parent directories): .git
2025-12-16 08:28:22.691 [info] > git check-ignore -v -z --stdin [189ms]
2025-12-16 08:28:22.773 [info] > git rev-parse --show-toplevel [4ms]
2025-12-16 08:28:22.773 [info] fatal: not a git repository (or any of the parent directories): .git
2025-12-16 08:28:26.848 [info] > git check-ignore -v -z --stdin [1ms]
2025-12-16 08:28:35.556 [info] > git check-ignore -v -z --stdin [4ms]
2025-12-16 08:28:35.660 [info] > git check-ignore -v -z --stdin [1ms]
2025-12-16 08:28:35.786 [info] > git show --textconv :src/agent_persona/coding-assistant.md [9ms]
2025-12-16 08:28:35.788 [info] > git ls-files --stage -- src/agent_persona/coding-assistant.md [2ms]
2025-12-16 08:28:35.797 [info] > git cat-file -s a3aacc79a030225524c3c59d3e307bbc44fee9cd [1ms]
2025-12-16 08:28:35.983 [info] > git blame --root --incremental 36da54c1fc0f74ae3e58714124147b1beab16cff -- src/agent_persona/coding-assistant.md [2ms]
2025-12-16 08:28:37.866 [info] > git check-ignore -v -z --stdin [3ms]
2025-12-16 08:28:37.909 [info] > git check-ignore -v -z --stdin [2ms]
