2025-12-16 08:19:51.014 [info] Reading sessions from keychain...
2025-12-16 08:19:51.014 [info] Getting sessions for all scopes...
2025-12-16 08:19:51.014 [info] Got 0 sessions for ...
2025-12-16 08:19:51.014 [info] Getting sessions for all scopes...
2025-12-16 08:19:51.014 [info] Got 0 sessions for ...
2025-12-16 08:19:51.014 [info] Getting sessions for all scopes...
2025-12-16 08:19:51.014 [info] Got 0 sessions for ...
2025-12-16 08:19:51.014 [info] Getting sessions for read:user,repo,user:email,workflow...
2025-12-16 08:19:51.014 [info] Got 0 sessions for read:user,repo,user:email,workflow...
2025-12-16 08:19:51.014 [info] Getting sessions for read:user,repo,user:email,workflow...
2025-12-16 08:19:51.014 [info] Got 0 sessions for read:user,repo,user:email,workflow...
2025-12-16 08:19:51.016 [info] Getting sessions for read:user,repo,user:email,workflow...
2025-12-16 08:19:51.016 [info] Got 0 sessions for read:user,repo,user:email,workflow...
2025-12-16 08:19:51.017 [info] Getting sessions for read:user,repo,user:email,workflow...
2025-12-16 08:19:51.017 [info] Got 0 sessions for read:user,repo,user:email,workflow...
2025-12-16 08:19:51.874 [info] Getting sessions for all scopes...
2025-12-16 08:19:51.874 [info] Got 0 sessions for ...
2025-12-16 08:19:52.371 [info] Getting sessions for all scopes...
2025-12-16 08:19:52.371 [info] Got 0 sessions for ...
2025-12-16 08:19:52.453 [info] Getting sessions for all scopes...
2025-12-16 08:19:52.453 [info] Got 0 sessions for ...
2025-12-16 08:19:52.453 [info] Getting sessions for all scopes...
2025-12-16 08:19:52.453 [info] Got 0 sessions for ...
2025-12-16 08:19:52.453 [info] Getting sessions for all scopes...
2025-12-16 08:19:52.453 [info] Got 0 sessions for ...
2025-12-16 08:20:07.068 [info] Getting sessions for all scopes...
2025-12-16 08:20:07.068 [info] Got 0 sessions for ...
2025-12-16 08:20:07.262 [info] Getting sessions for all scopes...
2025-12-16 08:20:07.262 [info] Got 0 sessions for ...
2025-12-16 08:20:14.718 [info] Getting sessions for read:user,repo,user:email,workflow...
2025-12-16 08:20:14.718 [info] Got 0 sessions for read:user,repo,user:email,workflow...
