2025-12-16 08:56:00.817 [info] Reading sessions from keychain...
2025-12-16 08:56:00.817 [info] Getting sessions for all scopes...
2025-12-16 08:56:00.817 [info] Got stored sessions!
2025-12-16 08:56:00.817 [info] Got 2 verified sessions.
2025-12-16 08:56:00.817 [info] Got 2 sessions for ...
2025-12-16 08:56:00.817 [info] Getting sessions for all scopes...
2025-12-16 08:56:00.817 [info] Got 2 sessions for ...
2025-12-16 08:56:00.817 [info] Getting sessions for all scopes...
2025-12-16 08:56:00.817 [info] Got 2 sessions for ...
2025-12-16 08:56:00.817 [info] Getting sessions for all scopes...
2025-12-16 08:56:00.817 [info] Got 2 sessions for ...
2025-12-16 08:56:00.817 [info] Getting sessions for user:email...
2025-12-16 08:56:00.817 [info] Got 1 sessions for user:email...
2025-12-16 08:56:00.817 [info] Getting sessions for all scopes...
2025-12-16 08:56:00.817 [info] Got 2 sessions for ...
2025-12-16 08:56:00.817 [info] Getting sessions for all scopes...
2025-12-16 08:56:00.817 [info] Got 2 sessions for ...
2025-12-16 08:56:00.817 [info] Getting sessions for all scopes...
2025-12-16 08:56:00.817 [info] Got 2 sessions for ...
2025-12-16 08:56:00.818 [info] Getting sessions for all scopes...
2025-12-16 08:56:00.818 [info] Got 2 sessions for ...
2025-12-16 08:56:00.818 [info] Getting sessions for all scopes...
2025-12-16 08:56:00.818 [info] Got 2 sessions for ...
2025-12-16 08:56:00.818 [info] Getting sessions for all scopes...
2025-12-16 08:56:00.818 [info] Got 2 sessions for ...
2025-12-16 08:56:00.818 [info] Getting sessions for all scopes...
2025-12-16 08:56:00.818 [info] Got 2 sessions for ...
2025-12-16 08:56:00.818 [info] Getting sessions for all scopes...
2025-12-16 08:56:00.818 [info] Got 2 sessions for ...
2025-12-16 08:56:00.818 [info] Getting sessions for all scopes...
2025-12-16 08:56:00.818 [info] Got 2 sessions for ...
2025-12-16 08:56:00.818 [info] Getting sessions for all scopes...
2025-12-16 08:56:00.818 [info] Got 2 sessions for ...
2025-12-16 08:56:00.818 [info] Getting sessions for all scopes...
2025-12-16 08:56:00.818 [info] Got 2 sessions for ...
2025-12-16 08:56:00.818 [info] Getting sessions for all scopes...
2025-12-16 08:56:00.818 [info] Got 2 sessions for ...
2025-12-16 08:56:00.818 [info] Getting sessions for all scopes...
2025-12-16 08:56:00.818 [info] Got 2 sessions for ...
2025-12-16 08:56:00.818 [info] Getting sessions for all scopes...
2025-12-16 08:56:00.818 [info] Got 2 sessions for ...
2025-12-16 08:56:00.818 [info] Getting sessions for read:user,repo,user:email,workflow...
2025-12-16 08:56:00.818 [info] Got 1 sessions for read:user,repo,user:email,workflow...
2025-12-16 08:56:00.829 [info] Getting sessions for user:email...
2025-12-16 08:56:00.829 [info] Got 1 sessions for user:email...
2025-12-16 08:56:00.836 [info] Getting sessions for all scopes...
2025-12-16 08:56:00.836 [info] Got 2 sessions for ...
2025-12-16 08:56:00.837 [info] Getting sessions for read:user,repo,user:email,workflow...
2025-12-16 08:56:00.837 [info] Got 1 sessions for read:user,repo,user:email,workflow...
2025-12-16 08:56:01.009 [info] Getting sessions for all scopes...
2025-12-16 08:56:01.009 [info] Got 2 sessions for ...
2025-12-16 08:56:01.014 [info] Getting sessions for all scopes...
2025-12-16 08:56:01.014 [info] Got 2 sessions for ...
2025-12-16 08:56:01.014 [info] Getting sessions for all scopes...
2025-12-16 08:56:01.014 [info] Got 2 sessions for ...
2025-12-16 08:56:01.014 [info] Getting sessions for all scopes...
2025-12-16 08:56:01.014 [info] Got 2 sessions for ...
2025-12-16 08:56:01.034 [info] Getting sessions for read:user,repo,user:email,workflow...
2025-12-16 08:56:01.034 [info] Got 1 sessions for read:user,repo,user:email,workflow...
2025-12-16 08:56:01.339 [info] Getting sessions for all scopes...
2025-12-16 08:56:01.339 [info] Got 2 sessions for ...
2025-12-16 08:56:01.339 [info] Getting sessions for all scopes...
2025-12-16 08:56:01.339 [info] Got 2 sessions for ...
2025-12-16 08:56:01.349 [info] Getting sessions for read:user,repo,user:email,workflow...
2025-12-16 08:56:01.349 [info] Got 1 sessions for read:user,repo,user:email,workflow...
2025-12-16 08:56:01.443 [info] Getting sessions for all scopes...
2025-12-16 08:56:01.443 [info] Got 2 sessions for ...
2025-12-16 08:56:01.448 [info] Getting sessions for all scopes...
2025-12-16 08:56:01.448 [info] Got 2 sessions for ...
2025-12-16 08:56:01.449 [info] Getting sessions for all scopes...
2025-12-16 08:56:01.449 [info] Got 2 sessions for ...
2025-12-16 08:56:01.456 [info] Getting sessions for all scopes...
2025-12-16 08:56:01.456 [info] Got 2 sessions for ...
2025-12-16 08:56:01.515 [info] Getting sessions for read:user,repo,user:email,workflow...
2025-12-16 08:56:01.515 [info] Got 1 sessions for read:user,repo,user:email,workflow...
2025-12-16 08:56:01.634 [info] Getting sessions for all scopes...
2025-12-16 08:56:01.634 [info] Got 2 sessions for ...
2025-12-16 08:56:02.368 [info] FetcherService: Electron fetch failed with status: 429 
2025-12-16 08:56:03.281 [info] FetcherService: Node fetch failed with status: 429 Too Many Requests
2025-12-16 08:56:04.072 [info] FetcherService: Node http/s failed with status: 429 Too Many Requests
