2025-12-09 11:57:07.443 [info] Reading sessions from keychain...
2025-12-09 11:57:07.443 [info] Getting sessions for all scopes...
2025-12-09 11:57:07.443 [info] Got 0 sessions for ...
2025-12-09 11:57:07.443 [info] Getting sessions for all scopes...
2025-12-09 11:57:07.443 [info] Got 0 sessions for ...
2025-12-09 11:57:07.443 [info] Getting sessions for all scopes...
2025-12-09 11:57:07.443 [info] Got 0 sessions for ...
2025-12-09 11:57:07.443 [info] Getting sessions for all scopes...
2025-12-09 11:57:07.443 [info] Got 0 sessions for ...
2025-12-09 11:57:07.443 [info] Getting sessions for all scopes...
2025-12-09 11:57:07.443 [info] Got 0 sessions for ...
2025-12-09 11:57:07.443 [info] Getting sessions for all scopes...
2025-12-09 11:57:07.443 [info] Got 0 sessions for ...
2025-12-09 11:57:07.443 [info] Getting sessions for all scopes...
2025-12-09 11:57:07.443 [info] Got 0 sessions for ...
2025-12-09 11:57:07.443 [info] Getting sessions for all scopes...
2025-12-09 11:57:07.443 [info] Got 0 sessions for ...
2025-12-09 11:57:07.443 [info] Getting sessions for all scopes...
2025-12-09 11:57:07.443 [info] Got 0 sessions for ...
2025-12-09 11:57:07.443 [info] Getting sessions for all scopes...
2025-12-09 11:57:07.443 [info] Got 0 sessions for ...
2025-12-09 11:57:07.443 [info] Getting sessions for all scopes...
2025-12-09 11:57:07.443 [info] Got 0 sessions for ...
2025-12-09 11:57:07.443 [info] Getting sessions for all scopes...
2025-12-09 11:57:07.443 [info] Got 0 sessions for ...
2025-12-09 11:57:07.443 [info] Getting sessions for all scopes...
2025-12-09 11:57:07.443 [info] Got 0 sessions for ...
2025-12-09 11:57:07.647 [info] Getting sessions for all scopes...
2025-12-09 11:57:07.647 [info] Got 0 sessions for ...
2025-12-09 11:57:08.337 [info] Getting sessions for all scopes...
2025-12-09 11:57:08.337 [info] Got 0 sessions for ...
2025-12-09 11:57:08.925 [info] Getting sessions for all scopes...
2025-12-09 11:57:08.925 [info] Got 0 sessions for ...
2025-12-09 11:57:21.143 [info] Getting sessions for user:email...
2025-12-09 11:57:21.143 [info] Got 0 sessions for user:email...
2025-12-09 11:57:22.175 [info] Logging in with 'any' account...
2025-12-09 11:57:22.175 [info] Logging in for the following scopes: user:email
2025-12-09 11:57:22.196 [info] Trying with local server... (user:email)
2025-12-09 11:57:55.114 [info] Exchanging code for token...
2025-12-09 11:57:55.494 [info] Token exchange success!
2025-12-09 11:57:55.495 [info] Getting user info...
2025-12-09 11:57:55.936 [info] Got account info!
2025-12-09 11:57:55.936 [info] Storing 1 sessions...
2025-12-09 11:57:55.939 [info] Reading sessions from keychain...
2025-12-09 11:57:55.939 [info] Stored 1 sessions!
2025-12-09 11:57:55.940 [info] Login success!
2025-12-09 11:57:55.940 [info] Getting sessions for all scopes...
2025-12-09 11:57:55.942 [info] Got stored sessions!
2025-12-09 11:57:55.942 [info] Got 1 verified sessions.
2025-12-09 11:57:55.942 [info] Got 1 sessions for ...
2025-12-09 11:57:55.942 [info] Getting sessions for all scopes...
2025-12-09 11:57:55.942 [info] Got 1 sessions for ...
2025-12-09 11:57:55.942 [info] Getting sessions for user:email...
2025-12-09 11:57:55.942 [info] Got 1 sessions for user:email...
2025-12-09 11:57:55.942 [info] Getting sessions for all scopes...
2025-12-09 11:57:55.942 [info] Got 1 sessions for ...
2025-12-09 11:57:56.609 [info] FetcherService: Electron fetch failed with status: 429 
2025-12-09 11:57:57.258 [info] FetcherService: Node fetch failed with status: 429 Too Many Requests
2025-12-09 11:57:58.009 [info] FetcherService: Node http/s failed with status: 429 Too Many Requests
2025-12-09 11:58:28.333 [info] Getting sessions for all scopes...
2025-12-09 11:58:28.333 [info] Got 1 sessions for ...
2025-12-09 11:58:28.355 [info] Getting sessions for all scopes...
2025-12-09 11:58:28.355 [info] Got 1 sessions for ...
2025-12-09 11:58:28.826 [info] Getting sessions for all scopes...
2025-12-09 11:58:28.826 [info] Got 1 sessions for ...
2025-12-09 11:58:28.832 [info] Getting sessions for read:user,repo,user:email,workflow...
2025-12-09 11:58:28.832 [info] Got 0 sessions for read:user,repo,user:email,workflow...
2025-12-09 11:58:28.833 [info] Getting sessions for all scopes...
2025-12-09 11:58:28.833 [info] Got 1 sessions for ...
2025-12-09 11:58:28.833 [info] Getting sessions for read:user,repo,user:email,workflow...
2025-12-09 11:58:28.833 [info] Got 0 sessions for read:user,repo,user:email,workflow...
2025-12-09 11:58:28.835 [info] Getting sessions for user:email...
2025-12-09 11:58:28.835 [info] Got 1 sessions for user:email...
2025-12-09 11:58:28.835 [info] Getting sessions for read:user,repo,user:email,workflow...
2025-12-09 11:58:28.835 [info] Got 0 sessions for read:user,repo,user:email,workflow...
2025-12-09 11:58:28.835 [info] Getting sessions for read:user...
2025-12-09 11:58:28.835 [info] Got 0 sessions for read:user...
2025-12-09 11:58:28.837 [info] Getting sessions for all scopes...
2025-12-09 11:58:28.837 [info] Got 1 sessions for ...
2025-12-09 11:58:28.837 [info] Getting sessions for user:email...
2025-12-09 11:58:28.837 [info] Got 1 sessions for user:email...
2025-12-09 11:58:28.903 [info] Getting sessions for read:user,repo,user:email,workflow...
2025-12-09 11:58:28.903 [info] Got 0 sessions for read:user,repo,user:email,workflow...
2025-12-09 11:58:28.905 [info] Getting sessions for user:email...
2025-12-09 11:58:28.905 [info] Got 1 sessions for user:email...
2025-12-09 11:58:29.117 [info] Getting sessions for all scopes...
2025-12-09 11:58:29.117 [info] Got 1 sessions for ...
2025-12-09 11:58:29.117 [info] Getting sessions for all scopes...
2025-12-09 11:58:29.117 [info] Got 1 sessions for ...
2025-12-09 11:58:29.289 [info] Getting sessions for read:user,repo,user:email,workflow...
2025-12-09 11:58:29.289 [info] Got 0 sessions for read:user,repo,user:email,workflow...
2025-12-09 11:58:29.470 [info] Getting sessions for user:email...
2025-12-09 11:58:29.470 [info] Got 1 sessions for user:email...
2025-12-09 11:58:29.471 [info] Getting sessions for read:user,repo,user:email,workflow...
2025-12-09 11:58:29.471 [info] Got 0 sessions for read:user,repo,user:email,workflow...
2025-12-09 11:58:29.537 [info] Getting sessions for all scopes...
2025-12-09 11:58:29.537 [info] Got 1 sessions for ...
2025-12-09 11:58:29.539 [info] Getting sessions for all scopes...
2025-12-09 11:58:29.539 [info] Got 1 sessions for ...
2025-12-09 11:58:29.539 [info] Getting sessions for all scopes...
2025-12-09 11:58:29.539 [info] Got 1 sessions for ...
2025-12-09 11:58:29.543 [info] Getting sessions for all scopes...
2025-12-09 11:58:29.543 [info] Got 1 sessions for ...
2025-12-09 11:58:29.546 [info] Getting sessions for read:user,repo,user:email,workflow...
2025-12-09 11:58:29.546 [info] Got 0 sessions for read:user,repo,user:email,workflow...
2025-12-09 11:58:29.547 [info] Getting sessions for user:email...
2025-12-09 11:58:29.547 [info] Got 1 sessions for user:email...
2025-12-09 11:58:29.547 [info] Getting sessions for read:user,repo,user:email,workflow...
2025-12-09 11:58:29.547 [info] Got 0 sessions for read:user,repo,user:email,workflow...
2025-12-09 11:58:36.046 [info] Getting sessions for all scopes...
2025-12-09 11:58:36.046 [info] Got 1 sessions for ...
2025-12-09 11:58:36.049 [info] Getting sessions for read:user,repo,user:email,workflow...
2025-12-09 11:58:36.049 [info] Got 0 sessions for read:user,repo,user:email,workflow...
2025-12-09 11:58:36.051 [info] Getting sessions for read:user,repo,user:email,workflow...
2025-12-09 11:58:36.051 [info] Got 0 sessions for read:user,repo,user:email,workflow...
2025-12-09 11:58:36.052 [info] Getting sessions for all scopes...
2025-12-09 11:58:36.052 [info] Got 1 sessions for ...
2025-12-09 11:58:36.053 [info] Getting sessions for read:user,repo,user:email,workflow...
2025-12-09 11:58:36.053 [info] Got 0 sessions for read:user,repo,user:email,workflow...
2025-12-09 11:58:36.054 [info] Getting sessions for user:email...
2025-12-09 11:58:36.054 [info] Got 1 sessions for user:email...
2025-12-09 11:58:51.890 [info] Getting sessions for all scopes...
2025-12-09 11:58:51.890 [info] Got 1 sessions for ...
2025-12-09 11:58:51.893 [info] Getting sessions for read:user,repo,user:email,workflow...
2025-12-09 11:58:51.893 [info] Got 0 sessions for read:user,repo,user:email,workflow...
2025-12-09 11:58:53.870 [info] Logging in with 'any' account...
2025-12-09 11:58:53.870 [info] Logging in for the following scopes: read:user repo user:email workflow
2025-12-09 11:58:53.872 [info] Trying with local server... (read:user repo user:email workflow)
2025-12-09 11:58:57.446 [info] Exchanging code for token...
2025-12-09 11:58:57.880 [info] Token exchange success!
2025-12-09 11:58:57.881 [info] Getting user info...
2025-12-09 11:58:58.292 [info] Got account info!
2025-12-09 11:58:58.292 [info] Storing 2 sessions...
2025-12-09 11:58:58.294 [info] Reading sessions from keychain...
2025-12-09 11:58:58.294 [info] Stored 2 sessions!
2025-12-09 11:58:58.295 [info] Login success!
2025-12-09 11:58:58.295 [info] Getting sessions for all scopes...
2025-12-09 11:58:58.296 [info] Got stored sessions!
2025-12-09 11:58:58.296 [info] Got 2 verified sessions.
2025-12-09 11:58:58.296 [info] Got 2 sessions for ...
2025-12-09 11:58:58.296 [info] Getting sessions for user:email...
2025-12-09 11:58:58.296 [info] Got 1 sessions for user:email...
2025-12-09 11:58:58.296 [info] Getting sessions for all scopes...
2025-12-09 11:58:58.296 [info] Got 2 sessions for ...
2025-12-09 11:58:58.296 [info] Getting sessions for all scopes...
2025-12-09 11:58:58.296 [info] Got 2 sessions for ...
2025-12-09 11:58:58.297 [info] Getting sessions for user:email...
2025-12-09 11:58:58.297 [info] Got 1 sessions for user:email...
2025-12-09 11:58:58.297 [info] Getting sessions for all scopes...
2025-12-09 11:58:58.297 [info] Got 2 sessions for ...
2025-12-09 11:58:58.298 [info] Getting sessions for all scopes...
2025-12-09 11:58:58.298 [info] Got 2 sessions for ...
2025-12-09 11:58:58.300 [info] Getting sessions for all scopes...
2025-12-09 11:58:58.300 [info] Got 2 sessions for ...
2025-12-09 11:58:58.302 [info] Getting sessions for all scopes...
2025-12-09 11:58:58.302 [info] Got 2 sessions for ...
2025-12-09 11:58:58.303 [info] Getting sessions for all scopes...
2025-12-09 11:58:58.303 [info] Got 2 sessions for ...
2025-12-09 11:58:58.303 [info] Getting sessions for read:user,repo,user:email,workflow...
2025-12-09 11:58:58.303 [info] Got 1 sessions for read:user,repo,user:email,workflow...
2025-12-09 11:58:58.308 [info] Getting sessions for read:user,repo,user:email,workflow...
2025-12-09 11:58:58.308 [info] Got 1 sessions for read:user,repo,user:email,workflow...
2025-12-09 11:58:58.310 [info] Getting sessions for all scopes...
2025-12-09 11:58:58.310 [info] Got 2 sessions for ...
2025-12-09 11:58:58.311 [info] Getting sessions for read:user,repo,user:email,workflow...
2025-12-09 11:58:58.311 [info] Got 1 sessions for read:user,repo,user:email,workflow...
2025-12-09 11:58:58.780 [info] Getting sessions for all scopes...
2025-12-09 11:58:58.780 [info] Got 2 sessions for ...
2025-12-09 11:58:58.780 [info] Getting sessions for all scopes...
2025-12-09 11:58:58.780 [info] Got 2 sessions for ...
2025-12-09 11:58:58.781 [info] Getting sessions for read:user,repo,user:email,workflow...
2025-12-09 11:58:58.781 [info] Got 1 sessions for read:user,repo,user:email,workflow...
2025-12-09 11:58:58.792 [info] Getting sessions for all scopes...
2025-12-09 11:58:58.792 [info] Got 2 sessions for ...
2025-12-09 11:58:58.794 [info] Getting sessions for read:user,repo,user:email,workflow...
2025-12-09 11:58:58.794 [info] Got 1 sessions for read:user,repo,user:email,workflow...
