2025-12-14 06:16:07.122 [info] [aebc6443-996d-45c2-90f0-388ff96faa56] Native Broker is only available on Windows and macOS
2025-12-14 06:16:07.122 [info] [getSessions] [all] starting
2025-12-14 06:16:07.122 [info] [getSessions] [all] returned 0 session(s)
2025-12-14 06:16:07.122 [info] [getSessions] [all] starting
2025-12-14 06:16:07.122 [info] [getSessions] [all] returned 0 session(s)
2025-12-14 06:16:07.122 [info] [getSessions] [all] starting
2025-12-14 06:16:07.122 [info] [getSessions] [all] returned 0 session(s)
2025-12-14 06:16:07.122 [info] [getSessions] [499b84ac-1321-427f-aa17-267ca6975798/.default offline_access] starting
2025-12-14 06:16:07.122 [info] [aebc6443-996d-45c2-90f0-388ff96faa56] Native Broker is only available on Windows and macOS
2025-12-14 06:16:07.122 [info] [getSessions] [499b84ac-1321-427f-aa17-267ca6975798/.default offline_access] returned 0 session(s)
2025-12-14 06:16:12.011 [info] [aebc6443-996d-45c2-90f0-388ff96faa56] Native Broker is only available on Windows and macOS
2025-12-14 06:16:12.039 [info] [getSessions] [all] starting
2025-12-14 06:16:12.039 [info] [getSessions] [all] returned 0 session(s)
2025-12-14 06:16:12.040 [info] [getSessions] [all] starting
2025-12-14 06:16:12.040 [info] [getSessions] [all] returned 0 session(s)
2025-12-14 06:16:12.040 [info] [getSessions] [all] starting
2025-12-14 06:16:12.040 [info] [getSessions] [all] returned 0 session(s)
2025-12-14 06:16:12.048 [info] [getSessions] [499b84ac-1321-427f-aa17-267ca6975798/.default offline_access] starting
2025-12-14 06:16:12.048 [info] [aebc6443-996d-45c2-90f0-388ff96faa56] Native Broker is only available on Windows and macOS
2025-12-14 06:16:12.062 [info] [getSessions] [499b84ac-1321-427f-aa17-267ca6975798/.default offline_access] returned 0 session(s)
2025-12-14 06:16:12.734 [info] [getSessions] [499b84ac-1321-427f-aa17-267ca6975798/.default offline_access] starting
2025-12-14 06:16:12.734 [info] [getSessions] [499b84ac-1321-427f-aa17-267ca6975798/.default offline_access] returned 0 session(s)
2025-12-14 06:22:10.808 [info] [aebc6443-996d-45c2-90f0-388ff96faa56] Native Broker is only available on Windows and macOS
2025-12-14 06:22:11.024 [info] [getSessions] [all] starting
2025-12-14 06:22:11.024 [info] [getSessions] [all] returned 0 session(s)
2025-12-14 06:22:11.024 [info] [getSessions] [all] starting
2025-12-14 06:22:11.024 [info] [getSessions] [all] returned 0 session(s)
2025-12-14 06:22:11.025 [info] [getSessions] [all] starting
2025-12-14 06:22:11.025 [info] [getSessions] [all] returned 0 session(s)
2025-12-14 06:22:11.036 [info] [getSessions] [499b84ac-1321-427f-aa17-267ca6975798/.default offline_access] starting
2025-12-14 06:22:11.036 [info] [aebc6443-996d-45c2-90f0-388ff96faa56] Native Broker is only available on Windows and macOS
2025-12-14 06:22:11.517 [info] [getSessions] [499b84ac-1321-427f-aa17-267ca6975798/.default offline_access] returned 0 session(s)
2025-12-14 06:22:12.277 [info] [getSessions] [499b84ac-1321-427f-aa17-267ca6975798/.default offline_access] starting
2025-12-14 06:22:12.277 [info] [getSessions] [499b84ac-1321-427f-aa17-267ca6975798/.default offline_access] returned 0 session(s)
2025-12-14 06:22:24.945 [info] [aebc6443-996d-45c2-90f0-388ff96faa56] Native Broker is only available on Windows and macOS
2025-12-14 06:22:25.073 [info] [getSessions] [all] starting
2025-12-14 06:22:25.073 [info] [getSessions] [all] returned 0 session(s)
2025-12-14 06:22:25.073 [info] [getSessions] [all] starting
2025-12-14 06:22:25.073 [info] [getSessions] [all] returned 0 session(s)
2025-12-14 06:22:25.073 [info] [getSessions] [all] starting
2025-12-14 06:22:25.073 [info] [getSessions] [all] returned 0 session(s)
2025-12-14 06:22:25.106 [info] [getSessions] [499b84ac-1321-427f-aa17-267ca6975798/.default offline_access] starting
2025-12-14 06:22:25.106 [info] [aebc6443-996d-45c2-90f0-388ff96faa56] Native Broker is only available on Windows and macOS
2025-12-14 06:22:25.117 [info] [getSessions] [499b84ac-1321-427f-aa17-267ca6975798/.default offline_access] returned 0 session(s)
2025-12-14 06:22:25.737 [info] [getSessions] [499b84ac-1321-427f-aa17-267ca6975798/.default offline_access] starting
2025-12-14 06:22:25.737 [info] [getSessions] [499b84ac-1321-427f-aa17-267ca6975798/.default offline_access] returned 0 session(s)
2025-12-14 06:24:55.565 [info] [aebc6443-996d-45c2-90f0-388ff96faa56] Native Broker is only available on Windows and macOS
2025-12-14 06:24:56.025 [info] [getSessions] [all] starting
2025-12-14 06:24:56.025 [info] [getSessions] [all] returned 0 session(s)
2025-12-14 06:24:56.025 [info] [getSessions] [all] starting
2025-12-14 06:24:56.025 [info] [getSessions] [all] returned 0 session(s)
2025-12-14 06:24:56.025 [info] [getSessions] [all] starting
2025-12-14 06:24:56.025 [info] [getSessions] [all] returned 0 session(s)
2025-12-14 06:24:56.094 [info] [getSessions] [499b84ac-1321-427f-aa17-267ca6975798/.default offline_access] starting
2025-12-14 06:24:56.094 [info] [aebc6443-996d-45c2-90f0-388ff96faa56] Native Broker is only available on Windows and macOS
2025-12-14 06:24:56.171 [info] [getSessions] [499b84ac-1321-427f-aa17-267ca6975798/.default offline_access] returned 0 session(s)
2025-12-14 06:24:57.100 [info] [getSessions] [499b84ac-1321-427f-aa17-267ca6975798/.default offline_access] starting
2025-12-14 06:24:57.100 [info] [getSessions] [499b84ac-1321-427f-aa17-267ca6975798/.default offline_access] returned 0 session(s)
2025-12-14 09:43:00.684 [info] [getSessions] [499b84ac-1321-427f-aa17-267ca6975798/.default offline_access] starting
2025-12-14 09:43:00.684 [info] [getSessions] [499b84ac-1321-427f-aa17-267ca6975798/.default offline_access] returned 0 session(s)
2025-12-14 09:43:01.314 [info] [getSessions] [499b84ac-1321-427f-aa17-267ca6975798/.default offline_access] starting
2025-12-14 09:43:01.314 [info] [getSessions] [499b84ac-1321-427f-aa17-267ca6975798/.default offline_access] returned 0 session(s)
2025-12-14 09:43:01.795 [info] [getSessions] [499b84ac-1321-427f-aa17-267ca6975798/.default offline_access] starting
2025-12-14 09:43:01.795 [info] [getSessions] [499b84ac-1321-427f-aa17-267ca6975798/.default offline_access] returned 0 session(s)
2025-12-14 11:54:56.927 [info] [getSessions] [499b84ac-1321-427f-aa17-267ca6975798/.default offline_access] starting
2025-12-14 11:54:56.927 [info] [getSessions] [499b84ac-1321-427f-aa17-267ca6975798/.default offline_access] returned 0 session(s)
2025-12-14 11:54:57.599 [info] [getSessions] [499b84ac-1321-427f-aa17-267ca6975798/.default offline_access] starting
2025-12-14 11:54:57.599 [info] [getSessions] [499b84ac-1321-427f-aa17-267ca6975798/.default offline_access] returned 0 session(s)
2025-12-14 14:08:26.898 [info] [aebc6443-996d-45c2-90f0-388ff96faa56] Native Broker is only available on Windows and macOS
2025-12-14 14:08:26.977 [info] [getSessions] [all] starting
2025-12-14 14:08:26.977 [info] [getSessions] [all] returned 0 session(s)
2025-12-14 14:08:26.977 [info] [getSessions] [all] starting
2025-12-14 14:08:26.977 [info] [getSessions] [all] returned 0 session(s)
2025-12-14 14:08:26.977 [info] [getSessions] [all] starting
2025-12-14 14:08:26.977 [info] [getSessions] [all] returned 0 session(s)
2025-12-14 14:08:27.042 [info] [getSessions] [499b84ac-1321-427f-aa17-267ca6975798/.default offline_access] starting
2025-12-14 14:08:27.042 [info] [aebc6443-996d-45c2-90f0-388ff96faa56] Native Broker is only available on Windows and macOS
2025-12-14 14:08:27.263 [info] [getSessions] [499b84ac-1321-427f-aa17-267ca6975798/.default offline_access] returned 0 session(s)
2025-12-14 14:08:27.789 [info] [getSessions] [499b84ac-1321-427f-aa17-267ca6975798/.default offline_access] starting
2025-12-14 14:08:27.789 [info] [getSessions] [499b84ac-1321-427f-aa17-267ca6975798/.default offline_access] returned 0 session(s)
