2025-12-13 18:51:31.527 [info] Using Cloud Code URL: https://daily-cloudcode-pa.sandbox.googleapis.com
2025-12-13 18:51:31.527 [info] [BrowserOnboardingClientMainService] Starting browser onboarding server
2025-12-13 18:51:31.527 [info] [BrowserOnboardingClientServer] Browser onboarding server started on http://localhost:41597
2025-12-13 18:51:31.527 [info] [CascadeMonitoringServer] Monitoring server started on http://localhost:9101/antigravity
2025-12-13 18:51:31.527 [info] update#setState idle
2025-12-13 18:51:34.278 [info] AntigravityAuthMainService initialized
2025-12-13 18:51:36.367 [info] Pruning 0 of 0 trajectory summaries
2025-12-13 18:51:39.305 [info] [AgentClientServer] Cascade initializing for worksapce file:///home/rudra/DEV_ROOT/carrer_chat_assistant
2025-12-13 18:51:39.306 [info] [AgentClientServer] Starting server
2025-12-13 18:51:39.313 [info] [AgentClientServer] Read HTML file, length: 127
2025-12-13 18:51:39.313 [info] [AgentClientServer] Cascade server started on http://localhost:9092
2025-12-13 18:51:39.314 [info] [AgentClientServer] Cascade server started on port 9092
2025-12-13 18:52:01.527 [info] update#setState checking for updates
2025-12-13 18:52:01.838 [info] update#setState idle
2025-12-13 18:52:06.969 [info] Extension host with pid 25034 exited with code: 0, signal: unknown.
2025-12-13 18:52:07.969 [error] Extension host with pid 25034 still exists, forcefully killing it...
2025-12-13 18:52:10.349 [info] Pruning 0 of 0 trajectory summaries
2025-12-13 18:52:13.387 [info] [AgentClientServer] Cascade initializing for worksapce file:///home/rudra/DEV_ROOT/career_assistant
2025-12-13 18:52:13.387 [info] [AgentClientServer] Starting server
2025-12-13 18:52:13.391 [info] [AgentClientServer] Read HTML file, length: 127
2025-12-13 18:52:13.393 [info] [AgentClientServer] Cascade server started on http://localhost:9090
2025-12-13 18:52:13.393 [info] [AgentClientServer] Cascade server started on port 9090
2025-12-13 19:52:01.528 [info] update#setState checking for updates
2025-12-13 19:52:01.924 [info] update#setState idle
2025-12-13 20:52:01.530 [info] update#setState checking for updates
2025-12-13 20:52:01.850 [info] update#setState idle
2025-12-13 21:52:01.532 [info] update#setState checking for updates
2025-12-13 21:52:01.894 [info] update#setState idle
2025-12-13 22:53:32.528 [error] Failed to fetch NUXes: fetch failed
2025-12-13 22:53:48.962 [info] update#setState checking for updates
2025-12-13 22:53:51.988 [info] update#setState idle
2025-12-13 23:57:08.599 [info] update#setState checking for updates
2025-12-13 23:57:08.608 [error] #10: https://antigravity-auto-updater-974169037036.us-central1.run.app/api/update/linux-x64/stable/c595276fa83d83a7c3233d582e4120f92017171c?bg=true - error undefined net::ERR_INTERNET_DISCONNECTED
2025-12-13 23:57:08.609 [error] Error: net::ERR_INTERNET_DISCONNECTED
    at SimpleURLLoaderWrapper.<anonymous> (node:electron/js2c/browser_init:2:123921)
    at SimpleURLLoaderWrapper.emit (node:events:518:28)
2025-12-13 23:57:08.611 [info] update#setState idle
2025-12-14 06:56:03.951 [info] update#setState checking for updates
2025-12-14 06:56:04.444 [info] update#setState idle
2025-12-14 06:59:37.304 [info] Extension host with pid 25296 exited with code: 0, signal: unknown.
2025-12-14 06:59:38.306 [error] Extension host with pid 25296 still exists, forcefully killing it...
2025-12-14 07:40:16.835 [warning] No ptyHost heartbeat after 6 seconds
2025-12-14 07:40:57.913 [warning] No ptyHost heartbeat after 6 seconds
2025-12-14 08:23:41.559 [info] update#setState checking for updates
2025-12-14 08:23:41.881 [info] update#setState idle
2025-12-14 09:23:41.560 [info] update#setState checking for updates
2025-12-14 09:23:41.936 [info] update#setState idle
2025-12-14 10:23:41.563 [info] update#setState checking for updates
2025-12-14 10:23:41.877 [info] update#setState idle
2025-12-14 11:23:41.565 [info] update#setState checking for updates
2025-12-14 11:23:41.933 [info] update#setState idle
2025-12-14 12:23:41.571 [info] update#setState checking for updates
2025-12-14 12:23:41.895 [info] update#setState idle
2025-12-14 13:23:41.572 [info] update#setState checking for updates
2025-12-14 13:23:42.175 [info] update#setState idle
2025-12-14 14:23:41.575 [info] update#setState checking for updates
2025-12-14 14:23:41.900 [info] update#setState idle
2025-12-14 15:23:41.578 [info] update#setState checking for updates
2025-12-14 15:23:42.316 [info] update#setState idle
2025-12-14 16:23:41.578 [info] update#setState checking for updates
2025-12-14 16:23:41.961 [info] update#setState idle
2025-12-14 17:23:41.580 [info] update#setState checking for updates
2025-12-14 17:23:41.978 [info] update#setState idle
2025-12-14 18:23:41.583 [info] update#setState checking for updates
2025-12-14 18:23:41.961 [info] update#setState idle
