2025-12-15 09:53:14.440 [info] [main] Log level: Info
2025-12-15 09:53:14.440 [info] [main] Validating found git in: "git"
2025-12-15 09:53:14.440 [info] [main] Using git "2.43.0" from "git"
2025-12-15 09:53:14.440 [info] [Model][doInitialScan] Initial repository scan started
2025-12-15 09:53:14.440 [info] > git rev-parse --show-toplevel [15ms]
2025-12-15 09:53:14.440 [info] > git rev-parse --git-dir --git-common-dir --show-superproject-working-tree [365ms]
2025-12-15 09:53:14.440 [info] [Model][openRepository] Opened repository (path): /home/rudra/DEV_ROOT/career_assistant
2025-12-15 09:53:14.440 [info] [Model][openRepository] Opened repository (real path): /home/rudra/DEV_ROOT/career_assistant
2025-12-15 09:53:14.440 [info] [Model][openRepository] Opened repository (kind): repository
2025-12-15 09:53:14.440 [info] > git rev-parse --show-toplevel [32ms]
2025-12-15 09:53:14.440 [info] > git config --get commit.template [41ms]
2025-12-15 09:53:14.458 [info] > git rev-parse --show-toplevel [12ms]
2025-12-15 09:53:14.460 [info] [Model][doInitialScan] Initial repository scan completed - repositories (1), closed repositories (0), parent repositories (0), unsafe repositories (0)
2025-12-15 09:53:14.462 [info] > git for-each-ref --format=%(refname)%00%(upstream:short)%00%(objectname)%00%(upstream:track)%00%(upstream:remotename)%00%(upstream:remoteref) refs/heads/main refs/remotes/main [6ms]
2025-12-15 09:53:14.470 [warning] [Git][revParse] Unable to read file: ENOENT: no such file or directory, open '/home/rudra/DEV_ROOT/career_assistant/.git/refs/remotes/origin/main'
2025-12-15 09:53:14.471 [info] > git rev-parse refs/remotes/origin/main [1ms]
2025-12-15 09:53:14.487 [info] > git status -z -uall [9ms]
2025-12-15 09:53:14.489 [info] > git for-each-ref --sort -committerdate --format %(refname)%00%(objectname)%00%(*objectname) [3ms]
2025-12-15 09:53:14.521 [info] > git for-each-ref --format=%(refname)%00%(upstream:short)%00%(objectname)%00%(upstream:track)%00%(upstream:remotename)%00%(upstream:remoteref) refs/heads/main refs/remotes/main [9ms]
2025-12-15 09:53:14.533 [info] > git config --get --local branch.main.vscode-merge-base [4ms]
2025-12-15 09:53:14.541 [info] > git config --get commit.template [20ms]
2025-12-15 09:53:14.551 [info] > git for-each-ref --format=%(refname)%00%(upstream:short)%00%(objectname)%00%(upstream:track)%00%(upstream:remotename)%00%(upstream:remoteref) refs/heads/origin/main refs/remotes/origin/main [10ms]
2025-12-15 09:53:14.563 [info] > git for-each-ref --format=%(refname)%00%(upstream:short)%00%(objectname)%00%(upstream:track)%00%(upstream:remotename)%00%(upstream:remoteref) refs/heads/main refs/remotes/main [13ms]
2025-12-15 09:53:14.586 [warning] [Git][revParse] Unable to read file: ENOENT: no such file or directory, open '/home/rudra/DEV_ROOT/career_assistant/.git/refs/remotes/origin/main'
2025-12-15 09:53:14.588 [info] > git merge-base refs/heads/main refs/remotes/origin/main [28ms]
2025-12-15 09:53:14.610 [info] > git diff --name-status -z --diff-filter=ADMR 2e084b704ec696f83c3d852f28f65e4fcab98069...refs/remotes/origin/main [15ms]
2025-12-15 09:53:14.610 [info] > git rev-parse refs/remotes/origin/main [24ms]
2025-12-15 09:53:14.626 [info] > git status -z -uall [9ms]
2025-12-15 09:53:14.628 [info] > git for-each-ref --sort -committerdate --format %(refname)%00%(objectname)%00%(*objectname) [4ms]
2025-12-15 09:53:14.949 [info] > git check-ignore -v -z --stdin [2ms]
2025-12-15 09:53:15.003 [info] > git show --textconv :requirements.txt [23ms]
2025-12-15 09:53:15.003 [info] > git show --textconv HEAD:requirements.txt [16ms]
2025-12-15 09:53:15.003 [info] > git ls-files --stage -- requirements.txt [9ms]
2025-12-15 09:53:15.019 [info] > git hash-object -t tree /dev/null [2ms]
2025-12-15 09:53:15.019 [warning] [GitFileSystemProvider][readFile] File not found - git:/home/rudra/DEV_ROOT/career_assistant/requirements.txt.git?%7B%22path%22%3A%22%2Fhome%2Frudra%2FDEV_ROOT%2Fcareer_assistant%2Frequirements.txt%22%2C%22ref%22%3A%22HEAD%22%7D
2025-12-15 09:53:15.019 [info] > git cat-file -s b35dc6632d0945b80be22b6dcc0765999b9802e8 [10ms]
2025-12-15 09:53:15.020 [info] > git ls-tree -l HEAD -- requirements.txt [19ms]
2025-12-15 09:53:15.020 [warning] [GitFileSystemProvider][stat] File not found - git:/home/rudra/DEV_ROOT/career_assistant/requirements.txt.git?%7B%22path%22%3A%22%2Fhome%2Frudra%2FDEV_ROOT%2Fcareer_assistant%2Frequirements.txt%22%2C%22ref%22%3A%22HEAD%22%7D
2025-12-15 09:53:15.066 [info] > git blame --root --incremental 2e084b704ec696f83c3d852f28f65e4fcab98069 -- requirements.txt [3ms]
2025-12-15 09:53:15.066 [info] fatal: no such path requirements.txt in 2e084b704ec696f83c3d852f28f65e4fcab98069
2025-12-15 09:53:19.518 [info] [main] Log level: Info
2025-12-15 09:53:19.518 [info] [main] Validating found git in: "git"
2025-12-15 09:53:19.518 [info] [main] Using git "2.43.0" from "git"
2025-12-15 09:53:19.518 [info] [Model][doInitialScan] Initial repository scan started
2025-12-15 09:53:19.518 [info] > git rev-parse --show-toplevel [6ms]
2025-12-15 09:53:19.518 [info] fatal: not a git repository (or any of the parent directories): .git
2025-12-15 09:53:19.559 [info] > git rev-parse --show-toplevel [22ms]
2025-12-15 09:53:19.559 [info] fatal: not a git repository (or any of the parent directories): .git
2025-12-15 09:53:19.572 [info] > git rev-parse --show-toplevel [5ms]
2025-12-15 09:53:19.572 [info] fatal: not a git repository (or any of the parent directories): .git
2025-12-15 09:53:19.579 [info] > git rev-parse --show-toplevel [2ms]
2025-12-15 09:53:19.579 [info] fatal: not a git repository (or any of the parent directories): .git
2025-12-15 09:53:19.586 [info] > git rev-parse --show-toplevel [2ms]
2025-12-15 09:53:19.586 [info] fatal: not a git repository (or any of the parent directories): .git
2025-12-15 09:53:19.594 [info] > git rev-parse --show-toplevel [2ms]
2025-12-15 09:53:19.603 [info] > git rev-parse --git-dir --git-common-dir --show-superproject-working-tree [3ms]
2025-12-15 09:53:19.612 [info] [Model][openRepository] Opened repository (path): /home/rudra/DEV_ROOT/AI-workbench_old
2025-12-15 09:53:19.612 [info] [Model][openRepository] Opened repository (real path): /home/rudra/DEV_ROOT/AI-workbench_old
2025-12-15 09:53:19.612 [info] [Model][openRepository] Opened repository (kind): repository
2025-12-15 09:53:19.628 [info] > git rev-parse --show-toplevel [3ms]
2025-12-15 09:53:19.628 [info] fatal: not a git repository (or any of the parent directories): .git
2025-12-15 09:53:19.628 [info] > git config --get commit.template [8ms]
2025-12-15 09:53:19.671 [info] > git rev-parse --show-toplevel [20ms]
2025-12-15 09:53:19.671 [info] fatal: not a git repository (or any of the parent directories): .git
2025-12-15 09:53:19.681 [info] > git for-each-ref --format=%(refname)%00%(upstream:short)%00%(objectname)%00%(upstream:track)%00%(upstream:remotename)%00%(upstream:remoteref) refs/heads/main refs/remotes/main [11ms]
2025-12-15 09:53:19.701 [info] > git rev-parse --show-toplevel [21ms]
2025-12-15 09:53:19.701 [info] fatal: not a git repository (or any of the parent directories): .git
2025-12-15 09:53:19.730 [info] > git rev-parse --show-toplevel [21ms]
2025-12-15 09:53:19.731 [info] > git status -z -uall [11ms]
2025-12-15 09:53:19.740 [info] > git for-each-ref --sort -committerdate --format %(refname)%00%(objectname)%00%(*objectname) [12ms]
2025-12-15 09:53:19.783 [info] > git for-each-ref --format=%(refname)%00%(upstream:short)%00%(objectname)%00%(upstream:track)%00%(upstream:remotename)%00%(upstream:remoteref) refs/heads/main refs/remotes/main [19ms]
2025-12-15 09:53:19.791 [info] > git rev-parse --git-dir --git-common-dir --show-superproject-working-tree [51ms]
2025-12-15 09:53:19.796 [info] [Model][openRepository] Opened repository (path): /home/rudra/DEV_ROOT/career_assistant
2025-12-15 09:53:19.796 [info] [Model][openRepository] Opened repository (real path): /home/rudra/DEV_ROOT/career_assistant
2025-12-15 09:53:19.796 [info] [Model][openRepository] Opened repository (kind): repository
2025-12-15 09:53:19.811 [info] > git config --get --local branch.main.vscode-merge-base [20ms]
2025-12-15 09:53:19.819 [info] > git config --get commit.template [44ms]
2025-12-15 09:53:19.820 [info] > git rev-parse --show-toplevel [10ms]
2025-12-15 09:53:19.820 [info] fatal: not a git repository (or any of the parent directories): .git
2025-12-15 09:53:19.820 [info] > git config --get commit.template [17ms]
2025-12-15 09:53:19.835 [info] > git for-each-ref --format=%(refname)%00%(upstream:short)%00%(objectname)%00%(upstream:track)%00%(upstream:remotename)%00%(upstream:remoteref) refs/heads/origin/main refs/remotes/origin/main [17ms]
2025-12-15 09:53:19.854 [info] > git merge-base refs/heads/main refs/remotes/origin/main [11ms]
2025-12-15 09:53:19.862 [info] > git rev-parse --show-toplevel [27ms]
2025-12-15 09:53:19.862 [info] > git for-each-ref --format=%(refname)%00%(upstream:short)%00%(objectname)%00%(upstream:track)%00%(upstream:remotename)%00%(upstream:remoteref) refs/heads/main refs/remotes/main [36ms]
2025-12-15 09:53:19.870 [info] > git for-each-ref --format=%(refname)%00%(upstream:short)%00%(objectname)%00%(upstream:track)%00%(upstream:remotename)%00%(upstream:remoteref) refs/heads/main refs/remotes/main [17ms]
2025-12-15 09:53:19.877 [warning] [Git][revParse] Unable to read file: ENOENT: no such file or directory, open '/home/rudra/DEV_ROOT/career_assistant/.git/refs/remotes/origin/main'
2025-12-15 09:53:19.878 [info] > git diff --name-status -z --diff-filter=ADMR b6aded36754e2ffc46b1d1f32bc2dcd3bf1d205f...refs/remotes/origin/main [16ms]
2025-12-15 09:53:19.879 [info] > git rev-parse refs/remotes/origin/main [2ms]
2025-12-15 09:53:19.893 [info] > git rev-parse --git-dir --git-common-dir --show-superproject-working-tree [23ms]
2025-12-15 09:53:19.897 [info] [Model][openRepository] Opened repository (path): /home/rudra/DEV_ROOT/coding_practice
2025-12-15 09:53:19.897 [info] [Model][openRepository] Opened repository (real path): /home/rudra/DEV_ROOT/coding_practice
2025-12-15 09:53:19.897 [info] [Model][openRepository] Opened repository (kind): repository
2025-12-15 09:53:19.927 [info] > git status -z -uall [41ms]
2025-12-15 09:53:19.927 [info] > git status -z -uall [22ms]
2025-12-15 09:53:19.927 [info] > git for-each-ref --sort -committerdate --format %(refname)%00%(objectname)%00%(*objectname) [35ms]
2025-12-15 09:53:19.947 [info] > git rev-parse --show-toplevel [21ms]
2025-12-15 09:53:19.947 [info] > git config --get commit.template [27ms]
2025-12-15 09:53:19.948 [info] > git for-each-ref --sort -committerdate --format %(refname)%00%(objectname)%00%(*objectname) [36ms]
2025-12-15 09:53:19.960 [info] > git config --get commit.template [14ms]
2025-12-15 09:53:19.960 [info] > git for-each-ref --format=%(refname)%00%(upstream:short)%00%(objectname)%00%(upstream:track)%00%(upstream:remotename)%00%(upstream:remoteref) refs/heads/main refs/remotes/main [21ms]
2025-12-15 09:53:19.977 [info] > git rev-parse --git-dir --git-common-dir --show-superproject-working-tree [17ms]
2025-12-15 09:53:19.981 [info] [Model][openRepository] Opened repository (path): /home/rudra/DEV_ROOT/courier-nexus-hub
2025-12-15 09:53:19.981 [info] [Model][openRepository] Opened repository (real path): /home/rudra/DEV_ROOT/courier-nexus-hub
2025-12-15 09:53:19.981 [info] [Model][openRepository] Opened repository (kind): repository
2025-12-15 09:53:20.004 [info] > git for-each-ref --format=%(refname)%00%(upstream:short)%00%(objectname)%00%(upstream:track)%00%(upstream:remotename)%00%(upstream:remoteref) refs/heads/main refs/remotes/main [28ms]
2025-12-15 09:53:20.004 [info] > git config --get --local branch.main.vscode-merge-base [35ms]
2025-12-15 09:53:20.022 [warning] [Git][revParse] Unable to read file: ENOENT: no such file or directory, open '/home/rudra/DEV_ROOT/coding_practice/.git/refs/remotes/origin/main'
2025-12-15 09:53:20.024 [info] > git for-each-ref --format=%(refname)%00%(upstream:short)%00%(objectname)%00%(upstream:track)%00%(upstream:remotename)%00%(upstream:remoteref) refs/heads/origin/main refs/remotes/origin/main [12ms]
2025-12-15 09:53:20.033 [info] > git rev-parse --show-toplevel [29ms]
2025-12-15 09:53:20.033 [info] fatal: not a git repository (or any of the parent directories): .git
2025-12-15 09:53:20.036 [info] [Model][doInitialScan] Initial repository scan completed - repositories (4), closed repositories (0), parent repositories (0), unsafe repositories (0)
2025-12-15 09:53:20.036 [info] > git config --get commit.template [40ms]
2025-12-15 09:53:20.036 [info] > git for-each-ref --format=%(refname)%00%(upstream:short)%00%(objectname)%00%(upstream:track)%00%(upstream:remotename)%00%(upstream:remoteref) refs/heads/main refs/remotes/main [47ms]
2025-12-15 09:53:20.051 [warning] [Git][revParse] Unable to read file: ENOENT: no such file or directory, open '/home/rudra/DEV_ROOT/career_assistant/.git/refs/remotes/origin/main'
2025-12-15 09:53:20.052 [info] > git merge-base refs/heads/main refs/remotes/origin/main [20ms]
2025-12-15 09:53:20.058 [info] > git rev-parse refs/remotes/origin/main [36ms]
2025-12-15 09:53:20.169 [info] > git status -z -uall [102ms]
2025-12-15 09:53:20.169 [info] > git for-each-ref --sort -committerdate --format %(refname)%00%(objectname)%00%(*objectname) [95ms]
2025-12-15 09:53:20.185 [info] > git diff --name-status -z --diff-filter=ADMR 2e084b704ec696f83c3d852f28f65e4fcab98069...refs/remotes/origin/main [127ms]
2025-12-15 09:53:20.186 [info] > git rev-parse refs/remotes/origin/main [135ms]
2025-12-15 09:53:20.244 [info] > git status -z -uall [51ms]
2025-12-15 09:53:20.244 [info] > git for-each-ref --sort -committerdate --format %(refname)%00%(objectname)%00%(*objectname) [42ms]
2025-12-15 09:53:20.247 [info] > git for-each-ref --format=%(refname)%00%(upstream:short)%00%(objectname)%00%(upstream:track)%00%(upstream:remotename)%00%(upstream:remoteref) refs/heads/main refs/remotes/main [63ms]
2025-12-15 09:53:20.255 [info] > git for-each-ref --format=%(refname)%00%(upstream:short)%00%(objectname)%00%(upstream:track)%00%(upstream:remotename)%00%(upstream:remoteref) refs/heads/main refs/remotes/main [89ms]
2025-12-15 09:53:20.268 [warning] [Git][revParse] Unable to read file: ENOENT: no such file or directory, open '/home/rudra/DEV_ROOT/courier-nexus-hub/.git/refs/remotes/origin/main'
2025-12-15 09:53:20.288 [info] > git config --get --local branch.main.vscode-merge-base [34ms]
2025-12-15 09:53:20.296 [info] > git config --get commit.template [54ms]
2025-12-15 09:53:20.300 [info] > git for-each-ref --format=%(refname)%00%(upstream:short)%00%(objectname)%00%(upstream:track)%00%(upstream:remotename)%00%(upstream:remoteref) refs/heads/origin/main refs/remotes/origin/main [4ms]
2025-12-15 09:53:20.308 [info] > git rev-parse refs/remotes/origin/main [40ms]
2025-12-15 09:53:20.362 [info] > git status -z -uall [45ms]
2025-12-15 09:53:20.362 [info] > git for-each-ref --sort -committerdate --format %(refname)%00%(objectname)%00%(*objectname) [37ms]
2025-12-15 09:53:20.375 [info] > git merge-base refs/heads/main refs/remotes/origin/main [67ms]
2025-12-15 09:53:20.403 [info] > git diff --name-status -z --diff-filter=ADMR 3cd9f0344c4c8f6cc17439444e6648a28d25b476...refs/remotes/origin/main [19ms]
2025-12-15 09:53:20.404 [info] > git for-each-ref --format=%(refname)%00%(upstream:short)%00%(objectname)%00%(upstream:track)%00%(upstream:remotename)%00%(upstream:remoteref) refs/heads/main refs/remotes/main [30ms]
2025-12-15 09:53:20.411 [info] > git rev-parse --show-toplevel [50ms]
2025-12-15 09:53:20.412 [info] fatal: not a git repository (or any of the parent directories): .git
2025-12-15 09:53:20.412 [info] > git for-each-ref --format=%(refname)%00%(upstream:short)%00%(objectname)%00%(upstream:track)%00%(upstream:remotename)%00%(upstream:remoteref) refs/heads/main refs/remotes/main [59ms]
2025-12-15 09:53:20.421 [warning] [Git][revParse] Unable to read file: ENOENT: no such file or directory, open '/home/rudra/DEV_ROOT/coding_practice/.git/refs/remotes/origin/main'
2025-12-15 09:53:20.422 [info] > git config --get --local branch.main.vscode-merge-base [11ms]
2025-12-15 09:53:20.423 [warning] [Git][config] git config failed: Failed to execute git
2025-12-15 09:53:20.430 [info] > git config --get commit.template [32ms]
2025-12-15 09:53:20.435 [info] > git rev-parse refs/remotes/origin/main [14ms]
2025-12-15 09:53:20.459 [info] > git reflog main --grep-reflog=branch: Created from *. [29ms]
2025-12-15 09:53:20.490 [info] > git status -z -uall [48ms]
2025-12-15 09:53:20.490 [info] > git for-each-ref --format=%(refname)%00%(upstream:short)%00%(objectname)%00%(upstream:track)%00%(upstream:remotename)%00%(upstream:remoteref) refs/heads/main refs/remotes/main [32ms]
2025-12-15 09:53:20.490 [info] > git for-each-ref --sort -committerdate --format %(refname)%00%(objectname)%00%(*objectname) [40ms]
2025-12-15 09:53:20.501 [warning] [Git][revParse] Unable to read file: ENOENT: no such file or directory, open '/home/rudra/DEV_ROOT/courier-nexus-hub/.git/refs/remotes/origin/main'
2025-12-15 09:53:20.508 [info] > git symbolic-ref --short refs/remotes/origin/HEAD [42ms]
2025-12-15 09:53:20.519 [info] > git rev-parse refs/remotes/origin/main [17ms]
2025-12-15 09:53:20.537 [info] > git status -z -uall [12ms]
2025-12-15 09:53:20.538 [info] > git for-each-ref --format=%(refname)%00%(upstream:short)%00%(objectname)%00%(upstream:track)%00%(upstream:remotename)%00%(upstream:remoteref) refs/heads/origin/main refs/remotes/origin/main [22ms]
2025-12-15 09:53:20.568 [info] > git for-each-ref --sort -committerdate --format %(refname)%00%(objectname)%00%(*objectname) [34ms]
2025-12-15 09:53:20.571 [info] > git config --add --local branch.main.vscode-merge-base origin/main [26ms]
2025-12-15 09:53:20.615 [info] > git check-ignore -v -z --stdin [27ms]
2025-12-15 09:53:20.616 [info] > git check-ignore -v -z --stdin [20ms]
2025-12-15 09:53:20.616 [info] > git check-ignore -v -z --stdin [11ms]
2025-12-15 09:53:20.616 [info] > git check-ignore -v -z --stdin [3ms]
2025-12-15 09:53:20.617 [info] > git config --get commit.template [37ms]
2025-12-15 09:53:20.628 [info] > git for-each-ref --format=%(refname)%00%(upstream:short)%00%(objectname)%00%(upstream:track)%00%(upstream:remotename)%00%(upstream:remoteref) refs/heads/main refs/remotes/main [2ms]
2025-12-15 09:53:20.636 [warning] [Git][revParse] Unable to read file: ENOENT: no such file or directory, open '/home/rudra/DEV_ROOT/courier-nexus-hub/.git/refs/remotes/origin/main'
2025-12-15 09:53:20.637 [info] > git rev-parse refs/remotes/origin/main [1ms]
2025-12-15 09:53:20.655 [info] > git status -z -uall [10ms]
2025-12-15 09:53:20.656 [info] > git for-each-ref --sort -committerdate --format %(refname)%00%(objectname)%00%(*objectname) [2ms]
2025-12-15 09:53:20.674 [info] > git merge-base refs/heads/main refs/remotes/origin/main [8ms]
2025-12-15 09:53:20.684 [info] > git merge-base refs/heads/main refs/remotes/origin/main [11ms]
2025-12-15 09:53:20.696 [info] > git diff --name-status -z --diff-filter=ADMR 16af097e5f7a09dffb2909e1891b3245edc90d69...refs/remotes/origin/main [3ms]
2025-12-15 09:53:20.697 [info] > git diff --name-status -z --diff-filter=ADMR 16af097e5f7a09dffb2909e1891b3245edc90d69...refs/remotes/origin/main [14ms]
2025-12-15 09:53:20.775 [info] > git rev-parse --show-toplevel [2ms]
2025-12-15 09:53:20.775 [info] fatal: not a git repository (or any of the parent directories): .git
2025-12-15 09:53:21.084 [info] > git rev-parse --show-toplevel [2ms]
2025-12-15 09:53:21.084 [info] fatal: not a git repository (or any of the parent directories): .git
2025-12-15 09:53:27.464 [info] > git rev-parse --show-toplevel [2ms]
2025-12-15 09:53:27.464 [info] fatal: not a git repository (or any of the parent directories): .git
2025-12-15 09:53:30.875 [info] > git rev-parse --show-toplevel [3ms]
2025-12-15 09:53:30.875 [info] fatal: not a git repository (or any of the parent directories): .git
2025-12-15 09:53:51.425 [info] > git rev-parse --show-toplevel [3ms]
2025-12-15 09:53:51.425 [info] fatal: not a git repository (or any of the parent directories): .git
2025-12-15 09:53:54.281 [info] > git rev-parse --show-toplevel [3ms]
2025-12-15 09:53:54.281 [info] fatal: not a git repository (or any of the parent directories): .git
2025-12-15 09:53:59.571 [info] > git rev-parse --show-toplevel [3ms]
2025-12-15 09:53:59.571 [info] fatal: not a git repository (or any of the parent directories): .git
2025-12-15 09:54:04.263 [info] > git rev-parse --show-toplevel [3ms]
2025-12-15 09:54:04.263 [info] fatal: not a git repository (or any of the parent directories): .git
2025-12-15 09:56:48.404 [info] > git rev-parse --show-toplevel [1ms]
2025-12-15 09:56:48.415 [info] > git rev-parse --git-dir --git-common-dir --show-superproject-working-tree [3ms]
2025-12-15 09:56:48.421 [info] [Model][openRepository] Opened repository (path): /home/rudra/DEV_ROOT/AI-workbench
2025-12-15 09:56:48.421 [info] [Model][openRepository] Opened repository (real path): /home/rudra/DEV_ROOT/AI-workbench
2025-12-15 09:56:48.421 [info] [Model][openRepository] Opened repository (kind): repository
2025-12-15 09:56:48.433 [info] > git config --get commit.template [3ms]
2025-12-15 09:56:48.445 [info] > git for-each-ref --format=%(refname)%00%(upstream:short)%00%(objectname)%00%(upstream:track)%00%(upstream:remotename)%00%(upstream:remoteref) refs/heads/master refs/remotes/master [1ms]
2025-12-15 09:56:48.446 [warning] [Git][getBranch] No such branch: master
2025-12-15 09:56:48.462 [info] > git status -z -uall [9ms]
2025-12-15 09:56:48.463 [info] > git for-each-ref --sort -committerdate --format %(refname)%00%(objectname)%00%(*objectname) [1ms]
2025-12-15 09:56:48.486 [info] > git for-each-ref --format=%(refname)%00%(upstream:short)%00%(objectname)%00%(upstream:track)%00%(upstream:remotename)%00%(upstream:remoteref) refs/heads/master refs/remotes/master [11ms]
2025-12-15 09:56:48.486 [warning] [Git][getBranch] No such branch: master
2025-12-15 09:56:48.487 [error] [GitHistoryProvider][resolveHEADMergeBase] Failed to resolve merge base for master: Error: No such branch: master.
2025-12-15 09:56:48.489 [info] > git config --get commit.template [3ms]
2025-12-15 09:56:48.500 [info] > git for-each-ref --format=%(refname)%00%(upstream:short)%00%(objectname)%00%(upstream:track)%00%(upstream:remotename)%00%(upstream:remoteref) refs/heads/master refs/remotes/master [1ms]
2025-12-15 09:56:48.500 [warning] [Git][getBranch] No such branch: master
2025-12-15 09:56:48.519 [info] > git status -z -uall [9ms]
2025-12-15 09:56:48.519 [info] > git for-each-ref --sort -committerdate --format %(refname)%00%(objectname)%00%(*objectname) [1ms]
2025-12-15 09:56:48.981 [info] > git check-ignore -v -z --stdin [34ms]
2025-12-15 09:56:48.981 [info] > git check-ignore -v -z --stdin [25ms]
2025-12-15 09:56:48.981 [info] > git check-ignore -v -z --stdin [18ms]
2025-12-15 09:56:48.982 [info] > git check-ignore -v -z --stdin [11ms]
2025-12-15 09:56:48.982 [info] > git check-ignore -v -z --stdin [3ms]
2025-12-15 09:56:53.293 [info] > git config --get commit.template [9ms]
2025-12-15 09:56:53.293 [info] > git for-each-ref --format=%(refname)%00%(upstream:short)%00%(objectname)%00%(upstream:track)%00%(upstream:remotename)%00%(upstream:remoteref) refs/heads/main refs/remotes/main [1ms]
2025-12-15 09:56:53.301 [warning] [Git][revParse] Unable to read file: ENOENT: no such file or directory, open '/home/rudra/DEV_ROOT/AI-workbench/.git/refs/remotes/origin/main'
2025-12-15 09:56:53.302 [info] > git rev-parse refs/remotes/origin/main [1ms]
2025-12-15 09:56:53.319 [info] > git status -z -uall [9ms]
2025-12-15 09:56:53.320 [info] > git for-each-ref --sort -committerdate --format %(refname)%00%(objectname)%00%(*objectname) [2ms]
2025-12-15 09:56:53.332 [info] > git for-each-ref --format=%(refname)%00%(upstream:short)%00%(objectname)%00%(upstream:track)%00%(upstream:remotename)%00%(upstream:remoteref) refs/heads/main refs/remotes/main [2ms]
2025-12-15 09:56:53.341 [info] > git config --get --local branch.main.vscode-merge-base [1ms]
2025-12-15 09:56:53.341 [warning] [Git][config] git config failed: Failed to execute git
2025-12-15 09:56:53.351 [info] > git reflog main --grep-reflog=branch: Created from *. [2ms]
2025-12-15 09:56:53.359 [info] > git symbolic-ref --short refs/remotes/origin/HEAD [2ms]
2025-12-15 09:56:53.367 [info] > git for-each-ref --format=%(refname)%00%(upstream:short)%00%(objectname)%00%(upstream:track)%00%(upstream:remotename)%00%(upstream:remoteref) refs/heads/origin/main refs/remotes/origin/main [2ms]
2025-12-15 09:56:53.376 [info] > git config --add --local branch.main.vscode-merge-base origin/main [2ms]
2025-12-15 09:56:53.393 [info] > git config --get commit.template [10ms]
2025-12-15 09:56:53.394 [info] > git for-each-ref --format=%(refname)%00%(upstream:short)%00%(objectname)%00%(upstream:track)%00%(upstream:remotename)%00%(upstream:remoteref) refs/heads/main refs/remotes/main [1ms]
2025-12-15 09:56:53.402 [warning] [Git][revParse] Unable to read file: ENOENT: no such file or directory, open '/home/rudra/DEV_ROOT/AI-workbench/.git/refs/remotes/origin/main'
2025-12-15 09:56:53.403 [info] > git rev-parse refs/remotes/origin/main [2ms]
2025-12-15 09:56:53.419 [info] > git status -z -uall [7ms]
2025-12-15 09:56:53.419 [info] > git for-each-ref --sort -committerdate --format %(refname)%00%(objectname)%00%(*objectname) [1ms]
2025-12-15 09:56:53.437 [info] > git merge-base refs/heads/main refs/remotes/origin/main [8ms]
2025-12-15 09:56:53.446 [info] > git merge-base refs/heads/main refs/remotes/origin/main [9ms]
2025-12-15 09:56:53.456 [info] > git diff --name-status -z --diff-filter=ADMR ef227b711654380e34d595809f7744547306d176...refs/remotes/origin/main [10ms]
2025-12-15 09:56:53.457 [info] > git diff --name-status -z --diff-filter=ADMR ef227b711654380e34d595809f7744547306d176...refs/remotes/origin/main [3ms]
2025-12-15 09:56:55.192 [info] > git check-ignore -v -z --stdin [1ms]
2025-12-15 09:56:56.458 [info] > git check-ignore -v -z --stdin [2ms]
2025-12-15 09:56:58.351 [info] > git config --get commit.template [9ms]
2025-12-15 09:56:58.352 [info] > git for-each-ref --format=%(refname)%00%(upstream:short)%00%(objectname)%00%(upstream:track)%00%(upstream:remotename)%00%(upstream:remoteref) refs/heads/main refs/remotes/main [2ms]
2025-12-15 09:56:58.359 [warning] [Git][revParse] Unable to read file: ENOENT: no such file or directory, open '/home/rudra/DEV_ROOT/AI-workbench/.git/refs/remotes/origin/main'
2025-12-15 09:56:58.360 [info] > git rev-parse refs/remotes/origin/main [1ms]
2025-12-15 09:56:58.379 [info] > git status -z -uall [11ms]
2025-12-15 09:56:58.379 [info] > git for-each-ref --sort -committerdate --format %(refname)%00%(objectname)%00%(*objectname) [3ms]
2025-12-15 09:57:02.602 [info] > git check-ignore -v -z --stdin [2ms]
2025-12-15 09:57:02.644 [info] > git check-ignore -v -z --stdin [2ms]
2025-12-15 09:57:02.807 [info] > git show --textconv :CHANGELOG.md [10ms]
2025-12-15 09:57:02.808 [info] > git ls-files --stage -- CHANGELOG.md [2ms]
2025-12-15 09:57:02.817 [info] > git cat-file -s e69de29bb2d1d6434b8b29ae775ad8c2e48c5391 [1ms]
2025-12-15 09:57:03.555 [info] > git check-ignore -v -z --stdin [2ms]
2025-12-15 09:57:03.584 [info] > git check-ignore -v -z --stdin [3ms]
2025-12-15 09:57:03.763 [info] > git show --textconv :.gitignore [9ms]
2025-12-15 09:57:03.764 [info] > git ls-files --stage -- .gitignore [1ms]
2025-12-15 09:57:03.773 [info] > git cat-file -s ec8c126f791f5d51ca495ba7906b6f18eaccae9f [1ms]
2025-12-15 09:57:06.016 [info] > git check-ignore -v -z --stdin [4ms]
2025-12-15 09:57:06.048 [info] > git check-ignore -v -z --stdin [3ms]
2025-12-15 09:57:06.220 [info] > git show --textconv :CHANGELOG.md [8ms]
2025-12-15 09:57:06.221 [info] > git ls-files --stage -- CHANGELOG.md [1ms]
2025-12-15 09:57:06.230 [info] > git cat-file -s e69de29bb2d1d6434b8b29ae775ad8c2e48c5391 [1ms]
2025-12-15 09:57:06.665 [info] > git check-ignore -v -z --stdin [3ms]
2025-12-15 09:57:06.688 [info] > git check-ignore -v -z --stdin [2ms]
2025-12-15 09:57:06.872 [info] > git show --textconv :keys.env [10ms]
2025-12-15 09:57:06.873 [info] > git ls-files --stage -- keys.env [1ms]
2025-12-15 09:57:06.883 [info] > git cat-file -s cbde4d28ee3115c81b287ce49c69ffe5d88368b1 [2ms]
2025-12-15 09:57:09.666 [info] > git check-ignore -v -z --stdin [3ms]
2025-12-15 09:57:09.696 [info] > git check-ignore -v -z --stdin [2ms]
2025-12-15 09:57:09.871 [info] > git show --textconv :LICENSE [10ms]
2025-12-15 09:57:09.872 [info] > git ls-files --stage -- LICENSE [2ms]
2025-12-15 09:57:09.881 [info] > git cat-file -s ce8e4af7f824dfc5fd09a8374323d161d005272d [2ms]
2025-12-15 09:57:10.916 [info] > git check-ignore -v -z --stdin [3ms]
2025-12-15 09:57:10.949 [info] > git check-ignore -v -z --stdin [1ms]
2025-12-15 09:57:11.124 [info] > git show --textconv :mkdocs.yml [9ms]
2025-12-15 09:57:11.125 [info] > git ls-files --stage -- mkdocs.yml [1ms]
2025-12-15 09:57:11.134 [info] > git cat-file -s 48076fb0bef3df7e7846baa96f22fa4923835bf3 [1ms]
2025-12-15 09:57:12.446 [info] > git check-ignore -v -z --stdin [3ms]
2025-12-15 09:57:12.463 [info] > git check-ignore -v -z --stdin [2ms]
2025-12-15 09:57:12.644 [info] > git show --textconv :pyproject.toml [8ms]
2025-12-15 09:57:12.645 [info] > git ls-files --stage -- pyproject.toml [1ms]
2025-12-15 09:57:12.654 [info] > git cat-file -s 0371a236fa732770cddb2fa83c6b2969ce392449 [2ms]
2025-12-15 09:57:16.167 [info] > git check-ignore -v -z --stdin [2ms]
2025-12-15 09:57:16.211 [info] > git check-ignore -v -z --stdin [2ms]
2025-12-15 09:57:16.375 [info] > git show --textconv :README.md [11ms]
2025-12-15 09:57:16.375 [info] > git ls-files --stage -- README.md [2ms]
2025-12-15 09:57:16.384 [info] > git cat-file -s 4aa225055f6e1c408451bdc710d2ffea31cca5f3 [2ms]
2025-12-15 09:57:16.851 [info] > git check-ignore -v -z --stdin [2ms]
2025-12-15 09:57:16.871 [info] > git check-ignore -v -z --stdin [2ms]
2025-12-15 09:57:17.049 [info] > git show --textconv :requirements.txt [9ms]
2025-12-15 09:57:17.050 [info] > git ls-files --stage -- requirements.txt [2ms]
2025-12-15 09:57:17.059 [info] > git cat-file -s e69de29bb2d1d6434b8b29ae775ad8c2e48c5391 [2ms]
2025-12-15 09:57:18.884 [info] > git check-ignore -v -z --stdin [3ms]
2025-12-15 09:57:18.916 [info] > git check-ignore -v -z --stdin [1ms]
2025-12-15 09:57:19.090 [info] > git show --textconv :README.md [9ms]
2025-12-15 09:57:19.091 [info] > git ls-files --stage -- README.md [2ms]
2025-12-15 09:57:19.099 [info] > git cat-file -s 4aa225055f6e1c408451bdc710d2ffea31cca5f3 [1ms]
2025-12-15 09:57:23.189 [info] > git check-ignore -v -z --stdin [3ms]
2025-12-15 09:57:23.206 [info] > git check-ignore -v -z --stdin [2ms]
2025-12-15 09:57:23.389 [info] > git show --textconv :requirements.txt [9ms]
2025-12-15 09:57:23.390 [info] > git ls-files --stage -- requirements.txt [1ms]
2025-12-15 09:57:23.398 [info] > git cat-file -s e69de29bb2d1d6434b8b29ae775ad8c2e48c5391 [1ms]
2025-12-15 09:57:33.496 [info] > git check-ignore -v -z --stdin [1ms]
2025-12-15 09:57:34.130 [info] > git config --get commit.template [9ms]
2025-12-15 09:57:34.131 [info] > git for-each-ref --format=%(refname)%00%(upstream:short)%00%(objectname)%00%(upstream:track)%00%(upstream:remotename)%00%(upstream:remoteref) refs/heads/main refs/remotes/main [2ms]
2025-12-15 09:57:34.138 [warning] [Git][revParse] Unable to read file: ENOENT: no such file or directory, open '/home/rudra/DEV_ROOT/AI-workbench/.git/refs/remotes/origin/main'
2025-12-15 09:57:34.139 [info] > git rev-parse refs/remotes/origin/main [1ms]
2025-12-15 09:57:34.156 [info] > git status -z -uall [9ms]
2025-12-15 09:57:34.157 [info] > git for-each-ref --sort -committerdate --format %(refname)%00%(objectname)%00%(*objectname) [1ms]
2025-12-15 09:57:35.676 [info] > git check-ignore -v -z --stdin [3ms]
2025-12-15 09:57:35.716 [info] > git check-ignore -v -z --stdin [3ms]
2025-12-15 09:57:38.505 [info] > git check-ignore -v -z --stdin [1ms]
2025-12-15 09:57:38.527 [info] > git check-ignore -v -z --stdin [1ms]
2025-12-15 09:57:38.714 [info] > git show --textconv :LICENSE [9ms]
2025-12-15 09:57:38.715 [info] > git ls-files --stage -- LICENSE [1ms]
2025-12-15 09:57:38.724 [info] > git cat-file -s bf103e13785e2f6eae98c24de7d614e53b56fbd8 [1ms]
2025-12-15 09:57:39.959 [info] > git check-ignore -v -z --stdin [3ms]
2025-12-15 09:57:39.981 [info] > git check-ignore -v -z --stdin [1ms]
2025-12-15 09:57:53.932 [info] > git config --get commit.template [2ms]
2025-12-15 09:57:53.942 [info] > git for-each-ref --format=%(refname)%00%(upstream:short)%00%(objectname)%00%(upstream:track)%00%(upstream:remotename)%00%(upstream:remoteref) refs/heads/main refs/remotes/main [2ms]
2025-12-15 09:57:53.950 [warning] [Git][revParse] Unable to read file: ENOENT: no such file or directory, open '/home/rudra/DEV_ROOT/AI-workbench/.git/refs/remotes/origin/main'
2025-12-15 09:57:53.951 [info] > git rev-parse refs/remotes/origin/main [1ms]
2025-12-15 09:57:53.967 [info] > git status -z -uall [8ms]
2025-12-15 09:57:53.968 [info] > git for-each-ref --sort -committerdate --format %(refname)%00%(objectname)%00%(*objectname) [1ms]
2025-12-15 09:57:55.325 [info] > git check-ignore -v -z --stdin [2ms]
2025-12-15 09:57:55.364 [info] > git check-ignore -v -z --stdin [3ms]
2025-12-15 09:57:57.282 [info] > git check-ignore -v -z --stdin [2ms]
2025-12-15 09:57:57.306 [info] > git check-ignore -v -z --stdin [2ms]
2025-12-15 09:57:57.489 [info] > git show --textconv :README.md [9ms]
2025-12-15 09:57:57.490 [info] > git ls-files --stage -- README.md [1ms]
2025-12-15 09:57:57.498 [info] > git cat-file -s 3a570ffe36d70211edec25035e20735113aa3487 [1ms]
2025-12-15 09:57:59.471 [info] > git check-ignore -v -z --stdin [3ms]
2025-12-15 09:57:59.497 [info] > git check-ignore -v -z --stdin [2ms]
2025-12-15 09:58:07.087 [info] > git config --get commit.template [2ms]
2025-12-15 09:58:07.096 [info] > git for-each-ref --format=%(refname)%00%(upstream:short)%00%(objectname)%00%(upstream:track)%00%(upstream:remotename)%00%(upstream:remoteref) refs/heads/main refs/remotes/main [1ms]
2025-12-15 09:58:07.104 [warning] [Git][revParse] Unable to read file: ENOENT: no such file or directory, open '/home/rudra/DEV_ROOT/AI-workbench/.git/refs/remotes/origin/main'
2025-12-15 09:58:07.105 [info] > git rev-parse refs/remotes/origin/main [1ms]
2025-12-15 09:58:07.120 [info] > git status -z -uall [8ms]
2025-12-15 09:58:07.121 [info] > git for-each-ref --sort -committerdate --format %(refname)%00%(objectname)%00%(*objectname) [1ms]
2025-12-15 09:58:15.037 [warning] [Git][getHEAD] Failed to parse HEAD file: ENOENT: no such file or directory, open '/home/rudra/DEV_ROOT/AI-workbench_old/.git/HEAD'
2025-12-15 09:58:15.054 [warning] [Git][getRemotes] Error: ENOENT: no such file or directory, open '/home/rudra/DEV_ROOT/AI-workbench_old/.git/config'
2025-12-15 09:58:15.072 [warning] [Git][getHEAD] Failed to parse HEAD file: ENOENT: no such file or directory, open '/home/rudra/DEV_ROOT/AI-workbench_old/.git/HEAD'
2025-12-15 09:58:15.087 [warning] [Git][getRemotes] Error: ENOENT: no such file or directory, open '/home/rudra/DEV_ROOT/AI-workbench_old/.git/config'
2025-12-15 09:58:15.694 [info] > git check-ignore -v -z --stdin [25ms]
2025-12-15 09:58:15.695 [info] > git check-ignore -v -z --stdin [17ms]
2025-12-15 09:58:15.695 [info] > git check-ignore -v -z --stdin [10ms]
2025-12-15 09:58:15.695 [info] > git check-ignore -v -z --stdin [2ms]
2025-12-15 09:58:23.231 [info] > git config --get commit.template [8ms]
2025-12-15 09:58:23.232 [info] > git for-each-ref --format=%(refname)%00%(upstream:short)%00%(objectname)%00%(upstream:track)%00%(upstream:remotename)%00%(upstream:remoteref) refs/heads/main refs/remotes/main [2ms]
2025-12-15 09:58:23.240 [warning] [Git][revParse] Unable to read file: ENOENT: no such file or directory, open '/home/rudra/DEV_ROOT/AI-workbench/.git/refs/remotes/origin/main'
2025-12-15 09:58:23.241 [info] > git rev-parse refs/remotes/origin/main [1ms]
2025-12-15 09:58:23.257 [info] > git status -z -uall [8ms]
2025-12-15 09:58:23.258 [info] > git for-each-ref --sort -committerdate --format %(refname)%00%(objectname)%00%(*objectname) [1ms]
2025-12-15 09:58:24.276 [info] > git config --get commit.template [9ms]
2025-12-15 09:58:24.277 [info] > git for-each-ref --format=%(refname)%00%(upstream:short)%00%(objectname)%00%(upstream:track)%00%(upstream:remotename)%00%(upstream:remoteref) refs/heads/main refs/remotes/main [1ms]
2025-12-15 09:58:24.285 [warning] [Git][revParse] Unable to read file: ENOENT: no such file or directory, open '/home/rudra/DEV_ROOT/AI-workbench/.git/refs/remotes/origin/main'
2025-12-15 09:58:24.286 [info] > git rev-parse refs/remotes/origin/main [1ms]
2025-12-15 09:58:24.301 [info] > git status -z -uall [8ms]
2025-12-15 09:58:24.302 [info] > git for-each-ref --sort -committerdate --format %(refname)%00%(objectname)%00%(*objectname) [1ms]
2025-12-15 09:58:28.281 [info] > git config --get commit.template [9ms]
2025-12-15 09:58:28.281 [info] > git for-each-ref --format=%(refname)%00%(upstream:short)%00%(objectname)%00%(upstream:track)%00%(upstream:remotename)%00%(upstream:remoteref) refs/heads/main refs/remotes/main [1ms]
2025-12-15 09:58:28.288 [warning] [Git][revParse] Unable to read file: ENOENT: no such file or directory, open '/home/rudra/DEV_ROOT/AI-workbench/.git/refs/remotes/origin/main'
2025-12-15 09:58:28.289 [info] > git rev-parse refs/remotes/origin/main [1ms]
2025-12-15 09:58:28.305 [info] > git status -z -uall [8ms]
2025-12-15 09:58:28.306 [info] > git for-each-ref --sort -committerdate --format %(refname)%00%(objectname)%00%(*objectname) [2ms]
2025-12-15 09:58:32.068 [info] > git config --get commit.template [3ms]
2025-12-15 09:58:32.078 [info] > git for-each-ref --format=%(refname)%00%(upstream:short)%00%(objectname)%00%(upstream:track)%00%(upstream:remotename)%00%(upstream:remoteref) refs/heads/main refs/remotes/main [2ms]
2025-12-15 09:58:32.085 [warning] [Git][revParse] Unable to read file: ENOENT: no such file or directory, open '/home/rudra/DEV_ROOT/AI-workbench/.git/refs/remotes/origin/main'
2025-12-15 09:58:32.086 [info] > git rev-parse refs/remotes/origin/main [1ms]
2025-12-15 09:58:32.103 [info] > git status -z -uall [9ms]
2025-12-15 09:58:32.104 [info] > git for-each-ref --sort -committerdate --format %(refname)%00%(objectname)%00%(*objectname) [1ms]
2025-12-15 09:58:32.119 [info] > git merge-base refs/heads/main refs/remotes/origin/main [3ms]
2025-12-15 09:58:32.128 [info] > git diff --name-status -z --diff-filter=ADMR ef227b711654380e34d595809f7744547306d176...refs/remotes/origin/main [1ms]
2025-12-15 09:58:33.329 [info] > git config --get commit.template [9ms]
2025-12-15 09:58:33.329 [info] > git for-each-ref --format=%(refname)%00%(upstream:short)%00%(objectname)%00%(upstream:track)%00%(upstream:remotename)%00%(upstream:remoteref) refs/heads/main refs/remotes/main [1ms]
2025-12-15 09:58:33.337 [warning] [Git][revParse] Unable to read file: ENOENT: no such file or directory, open '/home/rudra/DEV_ROOT/AI-workbench/.git/refs/remotes/origin/main'
2025-12-15 09:58:33.338 [info] > git rev-parse refs/remotes/origin/main [1ms]
2025-12-15 09:58:33.356 [info] > git status -z -uall [9ms]
2025-12-15 09:58:33.357 [info] > git for-each-ref --sort -committerdate --format %(refname)%00%(objectname)%00%(*objectname) [1ms]
2025-12-15 09:58:37.381 [info] > git config --get commit.template [2ms]
2025-12-15 09:58:37.390 [info] > git for-each-ref --format=%(refname)%00%(upstream:short)%00%(objectname)%00%(upstream:track)%00%(upstream:remotename)%00%(upstream:remoteref) refs/heads/main refs/remotes/main [2ms]
2025-12-15 09:58:37.405 [info] > git status -z -uall [8ms]
2025-12-15 09:58:37.407 [info] > git for-each-ref --sort -committerdate --format %(refname)%00%(objectname)%00%(*objectname) [2ms]
2025-12-15 09:58:37.417 [info] > git merge-base refs/heads/main refs/remotes/origin/main [1ms]
2025-12-15 09:58:37.427 [info] > git diff --name-status -z --diff-filter=ADMR 36da54c1fc0f74ae3e58714124147b1beab16cff...refs/remotes/origin/main [2ms]
2025-12-15 09:59:50.195 [info] > git check-ignore -v -z --stdin [1ms]
2025-12-15 10:00:11.333 [info] > git config --get commit.template [2ms]
2025-12-15 10:00:11.343 [info] > git for-each-ref --format=%(refname)%00%(upstream:short)%00%(objectname)%00%(upstream:track)%00%(upstream:remotename)%00%(upstream:remoteref) refs/heads/main refs/remotes/main [1ms]
2025-12-15 10:00:11.351 [warning] [Git][revParse] Unable to read file: ENOENT: no such file or directory, open '/home/rudra/DEV_ROOT/career_assistant/.git/refs/remotes/origin/main'
2025-12-15 10:00:11.352 [info] > git rev-parse refs/remotes/origin/main [1ms]
2025-12-15 10:00:11.369 [info] > git status -z -uall [8ms]
2025-12-15 10:00:11.370 [info] > git for-each-ref --sort -committerdate --format %(refname)%00%(objectname)%00%(*objectname) [1ms]
2025-12-15 10:00:12.396 [info] > git config --get commit.template [8ms]
2025-12-15 10:00:12.397 [info] > git for-each-ref --format=%(refname)%00%(upstream:short)%00%(objectname)%00%(upstream:track)%00%(upstream:remotename)%00%(upstream:remoteref) refs/heads/main refs/remotes/main [1ms]
2025-12-15 10:00:12.404 [warning] [Git][revParse] Unable to read file: ENOENT: no such file or directory, open '/home/rudra/DEV_ROOT/career_assistant/.git/refs/remotes/origin/main'
2025-12-15 10:00:12.406 [info] > git rev-parse refs/remotes/origin/main [1ms]
2025-12-15 10:00:12.421 [info] > git status -z -uall [7ms]
2025-12-15 10:00:12.423 [info] > git for-each-ref --sort -committerdate --format %(refname)%00%(objectname)%00%(*objectname) [2ms]
2025-12-15 10:00:18.141 [info] > git config --get commit.template [10ms]
2025-12-15 10:00:18.142 [info] > git for-each-ref --format=%(refname)%00%(upstream:short)%00%(objectname)%00%(upstream:track)%00%(upstream:remotename)%00%(upstream:remoteref) refs/heads/main refs/remotes/main [2ms]
2025-12-15 10:00:18.149 [warning] [Git][revParse] Unable to read file: ENOENT: no such file or directory, open '/home/rudra/DEV_ROOT/career_assistant/.git/refs/remotes/origin/main'
2025-12-15 10:00:18.150 [info] > git rev-parse refs/remotes/origin/main [1ms]
2025-12-15 10:00:18.165 [info] > git status -z -uall [8ms]
2025-12-15 10:00:18.166 [info] > git for-each-ref --sort -committerdate --format %(refname)%00%(objectname)%00%(*objectname) [2ms]
2025-12-15 10:00:36.670 [info] > git config --get commit.template [1ms]
2025-12-15 10:00:36.679 [info] > git for-each-ref --format=%(refname)%00%(upstream:short)%00%(objectname)%00%(upstream:track)%00%(upstream:remotename)%00%(upstream:remoteref) refs/heads/main refs/remotes/main [1ms]
2025-12-15 10:00:36.687 [warning] [Git][revParse] Unable to read file: ENOENT: no such file or directory, open '/home/rudra/DEV_ROOT/career_assistant/.git/refs/remotes/origin/main'
2025-12-15 10:00:36.688 [info] > git rev-parse refs/remotes/origin/main [1ms]
2025-12-15 10:00:36.703 [info] > git status -z -uall [8ms]
2025-12-15 10:00:36.704 [info] > git for-each-ref --sort -committerdate --format %(refname)%00%(objectname)%00%(*objectname) [1ms]
2025-12-15 10:00:38.319 [info] > git config --get commit.template [2ms]
2025-12-15 10:00:38.331 [info] > git for-each-ref --format=%(refname)%00%(upstream:short)%00%(objectname)%00%(upstream:track)%00%(upstream:remotename)%00%(upstream:remoteref) refs/heads/main refs/remotes/main [2ms]
2025-12-15 10:00:38.339 [warning] [Git][revParse] Unable to read file: ENOENT: no such file or directory, open '/home/rudra/DEV_ROOT/career_assistant/.git/refs/remotes/origin/main'
2025-12-15 10:00:38.341 [info] > git rev-parse refs/remotes/origin/main [2ms]
2025-12-15 10:00:38.359 [info] > git status -z -uall [10ms]
2025-12-15 10:00:38.360 [info] > git for-each-ref --sort -committerdate --format %(refname)%00%(objectname)%00%(*objectname) [2ms]
2025-12-15 10:00:38.371 [info] > git merge-base refs/heads/main refs/remotes/origin/main [1ms]
2025-12-15 10:00:51.295 [info] > git config --get commit.template [11ms]
2025-12-15 10:00:51.296 [info] > git for-each-ref --format=%(refname)%00%(upstream:short)%00%(objectname)%00%(upstream:track)%00%(upstream:remotename)%00%(upstream:remoteref) refs/heads/main refs/remotes/main [2ms]
2025-12-15 10:00:51.313 [info] > git status -z -uall [9ms]
2025-12-15 10:00:51.314 [info] > git for-each-ref --sort -committerdate --format %(refname)%00%(objectname)%00%(*objectname) [2ms]
2025-12-15 10:00:51.325 [info] > git merge-base refs/heads/main refs/remotes/origin/main [2ms]
2025-12-15 10:00:51.334 [info] > git diff --name-status -z --diff-filter=ADMR af2f51c17ac74089672c16c356e8542714d4e662...refs/remotes/origin/main [1ms]
2025-12-15 10:00:52.358 [info] > git config --get commit.template [9ms]
2025-12-15 10:00:52.359 [info] > git for-each-ref --format=%(refname)%00%(upstream:short)%00%(objectname)%00%(upstream:track)%00%(upstream:remotename)%00%(upstream:remoteref) refs/heads/main refs/remotes/main [1ms]
2025-12-15 10:00:52.375 [info] > git status -z -uall [9ms]
2025-12-15 10:00:52.376 [info] > git for-each-ref --sort -committerdate --format %(refname)%00%(objectname)%00%(*objectname) [2ms]
2025-12-15 17:16:13.911 [info] > git check-ignore -v -z --stdin [1ms]
2025-12-15 17:16:15.276 [info] > git check-ignore -v -z --stdin [2ms]
2025-12-15 17:16:16.243 [info] > git check-ignore -v -z --stdin [1ms]
2025-12-15 17:16:21.023 [info] > git check-ignore -v -z --stdin [5ms]
2025-12-15 17:16:21.126 [info] > git check-ignore -v -z --stdin [1ms]
2025-12-15 17:16:21.230 [info] > git show --textconv :src/agent_persona/self-persona.md [11ms]
2025-12-15 17:16:21.232 [info] > git ls-files --stage -- src/agent_persona/self-persona.md [3ms]
2025-12-15 17:16:21.243 [info] > git cat-file -s 83e0520d29967e46d0e1ab3322f86e04d4b78bd2 [2ms]
2025-12-15 17:16:21.851 [info] > git check-ignore -v -z --stdin [2ms]
2025-12-15 17:16:21.878 [info] > git check-ignore -v -z --stdin [2ms]
2025-12-15 17:16:22.058 [info] > git show --textconv :src/agent_persona/self-intro.md [9ms]
2025-12-15 17:16:22.058 [info] > git ls-files --stage -- src/agent_persona/self-intro.md [1ms]
2025-12-15 17:16:22.067 [info] > git cat-file -s f0e20d61c670e1b624194cc9531c24bfee00a9ab [1ms]
2025-12-15 17:16:23.628 [info] > git check-ignore -v -z --stdin [2ms]
2025-12-15 17:16:23.655 [info] > git check-ignore -v -z --stdin [1ms]
2025-12-15 17:16:23.834 [info] > git show --textconv :src/agent_persona/self-persona.md [8ms]
2025-12-15 17:16:23.835 [info] > git ls-files --stage -- src/agent_persona/self-persona.md [1ms]
2025-12-15 17:16:23.845 [info] > git cat-file -s 83e0520d29967e46d0e1ab3322f86e04d4b78bd2 [2ms]
2025-12-15 17:16:25.346 [info] > git blame --root --incremental 36da54c1fc0f74ae3e58714124147b1beab16cff -- src/agent_persona/self-persona.md [2ms]
2025-12-15 17:53:31.367 [warning] [Git][getHEAD] Failed to parse HEAD file: ENOENT: no such file or directory, open '/home/rudra/DEV_ROOT/courier-nexus-hub/.git/HEAD'
2025-12-15 17:53:31.383 [warning] [Git][getRemotes] Error: ENOENT: no such file or directory, open '/home/rudra/DEV_ROOT/courier-nexus-hub/.git/config'
2025-12-15 17:53:31.401 [warning] [Git][getHEAD] Failed to parse HEAD file: ENOENT: no such file or directory, open '/home/rudra/DEV_ROOT/courier-nexus-hub/.git/HEAD'
2025-12-15 17:53:31.417 [warning] [Git][getRemotes] Error: ENOENT: no such file or directory, open '/home/rudra/DEV_ROOT/courier-nexus-hub/.git/config'
2025-12-15 17:53:32.017 [info] > git check-ignore -v -z --stdin [18ms]
2025-12-15 17:53:32.018 [info] > git check-ignore -v -z --stdin [11ms]
2025-12-15 17:53:32.018 [info] > git check-ignore -v -z --stdin [2ms]
2025-12-15 18:21:22.140 [info] > git config --get commit.template [8ms]
2025-12-15 18:21:22.141 [info] > git for-each-ref --format=%(refname)%00%(upstream:short)%00%(objectname)%00%(upstream:track)%00%(upstream:remotename)%00%(upstream:remoteref) refs/heads/main refs/remotes/main [2ms]
2025-12-15 18:21:22.160 [info] > git status -z -uall [12ms]
2025-12-15 18:21:22.161 [info] > git for-each-ref --sort -committerdate --format %(refname)%00%(objectname)%00%(*objectname) [2ms]
2025-12-15 18:21:22.795 [info] > git check-ignore -v -z --stdin [3ms]
2025-12-15 18:21:22.830 [info] > git check-ignore -v -z --stdin [2ms]
2025-12-15 18:21:23.003 [info] > git show --textconv :src/agent_persona/self-intro.md [9ms]
2025-12-15 18:21:23.003 [info] > git ls-files --stage -- src/agent_persona/self-intro.md [1ms]
2025-12-15 18:21:23.012 [info] > git cat-file -s f0e20d61c670e1b624194cc9531c24bfee00a9ab [1ms]
2025-12-15 18:21:31.005 [info] > git check-ignore -v -z --stdin [4ms]
2025-12-15 18:21:31.033 [info] > git check-ignore -v -z --stdin [1ms]
2025-12-15 18:21:31.209 [info] > git show --textconv :src/agent_persona/self-persona.md [9ms]
2025-12-15 18:21:31.210 [info] > git ls-files --stage -- src/agent_persona/self-persona.md [1ms]
2025-12-15 18:21:31.219 [info] > git cat-file -s 83e0520d29967e46d0e1ab3322f86e04d4b78bd2 [1ms]
2025-12-15 18:21:32.064 [info] > git config --get commit.template [10ms]
2025-12-15 18:21:32.065 [info] > git for-each-ref --format=%(refname)%00%(upstream:short)%00%(objectname)%00%(upstream:track)%00%(upstream:remotename)%00%(upstream:remoteref) refs/heads/main refs/remotes/main [2ms]
2025-12-15 18:21:32.082 [info] > git status -z -uall [9ms]
2025-12-15 18:21:32.083 [info] > git for-each-ref --sort -committerdate --format %(refname)%00%(objectname)%00%(*objectname) [1ms]
2025-12-15 18:21:32.208 [info] > git check-ignore -v -z --stdin [2ms]
2025-12-15 18:21:32.255 [info] > git check-ignore -v -z --stdin [2ms]
2025-12-15 18:21:32.421 [info] > git show --textconv :src/agent_persona/summarise-learning-helper.md [10ms]
2025-12-15 18:21:32.422 [info] > git ls-files --stage -- src/agent_persona/summarise-learning-helper.md [2ms]
2025-12-15 18:21:32.431 [info] > git cat-file -s 3a57a298325bc51673720e84f6acdfba200458a7 [1ms]
2025-12-15 18:21:33.639 [info] > git check-ignore -v -z --stdin [3ms]
2025-12-15 18:21:33.682 [info] > git check-ignore -v -z --stdin [2ms]
2025-12-15 18:21:33.846 [info] > git show --textconv :src/agent_persona/self-persona.md [9ms]
2025-12-15 18:21:33.847 [info] > git ls-files --stage -- src/agent_persona/self-persona.md [2ms]
2025-12-15 18:21:33.856 [info] > git cat-file -s 83e0520d29967e46d0e1ab3322f86e04d4b78bd2 [2ms]
2025-12-15 18:21:37.066 [info] > git check-ignore -v -z --stdin [2ms]
2025-12-15 18:21:37.108 [info] > git check-ignore -v -z --stdin [2ms]
2025-12-15 18:21:37.378 [info] > git show --textconv :src/agent_persona/agent_instructor.md [12ms]
2025-12-15 18:21:37.378 [info] > git ls-files --stage -- src/agent_persona/agent_instructor.md [1ms]
2025-12-15 18:21:37.390 [info] > git cat-file -s 59b0201dd675ee05dc0c5b48da78219e3732fa71 [2ms]
2025-12-15 18:21:37.857 [info] > git blame --root --incremental 36da54c1fc0f74ae3e58714124147b1beab16cff -- src/agent_persona/agent_instructor.md [3ms]
2025-12-15 18:48:01.405 [info] > git check-ignore -v -z --stdin [1ms]
2025-12-15 18:48:01.966 [info] > git config --get commit.template [2ms]
2025-12-15 18:48:01.975 [info] > git for-each-ref --format=%(refname)%00%(upstream:short)%00%(objectname)%00%(upstream:track)%00%(upstream:remotename)%00%(upstream:remoteref) refs/heads/main refs/remotes/main [1ms]
2025-12-15 18:48:01.990 [info] > git status -z -uall [8ms]
2025-12-15 18:48:01.991 [info] > git for-each-ref --sort -committerdate --format %(refname)%00%(objectname)%00%(*objectname) [1ms]
2025-12-15 18:48:04.602 [info] > git check-ignore -v -z --stdin [3ms]
2025-12-15 18:48:04.634 [info] > git check-ignore -v -z --stdin [1ms]
2025-12-15 18:48:04.812 [info] > git show --textconv :src/agent_persona/documentation-helper.md [9ms]
2025-12-15 18:48:04.813 [info] > git ls-files --stage -- src/agent_persona/documentation-helper.md [1ms]
2025-12-15 18:48:04.823 [info] > git cat-file -s 5db6fdba68da7490b2e222aa12e25a99dcc4c8f2 [1ms]
2025-12-15 18:48:22.591 [info] > git rev-parse --show-toplevel [11ms]
2025-12-15 18:48:22.592 [info] fatal: not a git repository (or any of the parent directories): .git
2025-12-15 18:48:22.681 [info] > git check-ignore -v -z --stdin [17ms]
2025-12-15 18:48:22.682 [info] > git check-ignore -v -z --stdin [4ms]
2025-12-15 18:48:22.968 [info] > git show --textconv :src/agent_persona/old/documentation-helper.md [11ms]
2025-12-15 18:48:22.978 [info] > git ls-files --stage -- src/agent_persona/old/documentation-helper.md [12ms]
2025-12-15 18:48:22.990 [info] > git hash-object -t tree /dev/null [3ms]
2025-12-15 18:48:22.990 [warning] [GitFileSystemProvider][stat] File not found - git:/home/rudra/DEV_ROOT/AI-workbench/src/agent_persona/old/documentation-helper.md.git?%7B%22path%22%3A%22%2Fhome%2Frudra%2FDEV_ROOT%2FAI-workbench%2Fsrc%2Fagent_persona%2Fold%2Fdocumentation-helper.md%22%2C%22ref%22%3A%22%22%7D
2025-12-15 18:48:22.991 [info] > git hash-object -t tree /dev/null [14ms]
2025-12-15 18:48:22.991 [warning] [GitFileSystemProvider][readFile] File not found - git:/home/rudra/DEV_ROOT/AI-workbench/src/agent_persona/old/documentation-helper.md.git?%7B%22path%22%3A%22%2Fhome%2Frudra%2FDEV_ROOT%2FAI-workbench%2Fsrc%2Fagent_persona%2Fold%2Fdocumentation-helper.md%22%2C%22ref%22%3A%22%22%7D
2025-12-15 18:48:23.499 [info] > git check-ignore -v -z --stdin [1ms]
2025-12-15 18:48:24.087 [info] > git config --get commit.template [9ms]
2025-12-15 18:48:24.088 [info] > git for-each-ref --format=%(refname)%00%(upstream:short)%00%(objectname)%00%(upstream:track)%00%(upstream:remotename)%00%(upstream:remoteref) refs/heads/main refs/remotes/main [2ms]
2025-12-15 18:48:24.104 [info] > git status -z -uall [8ms]
2025-12-15 18:48:24.106 [info] > git for-each-ref --sort -committerdate --format %(refname)%00%(objectname)%00%(*objectname) [2ms]
2025-12-15 18:48:25.831 [info] > git check-ignore -v -z --stdin [2ms]
2025-12-15 18:48:25.875 [info] > git check-ignore -v -z --stdin [2ms]
2025-12-15 18:48:26.041 [info] > git show --textconv :src/agent_persona/daily-research-updater.yaml [9ms]
2025-12-15 18:48:26.042 [info] > git ls-files --stage -- src/agent_persona/daily-research-updater.yaml [2ms]
2025-12-15 18:48:26.052 [info] > git cat-file -s afe2a0e4eacff94d3b043c141ab041f0c77b2cbd [1ms]
2025-12-15 18:48:35.568 [info] > git check-ignore -v -z --stdin [3ms]
2025-12-15 18:48:35.602 [info] > git check-ignore -v -z --stdin [2ms]
2025-12-15 18:48:35.774 [info] > git show --textconv :src/agent_persona/self-persona.md [10ms]
2025-12-15 18:48:35.775 [info] > git ls-files --stage -- src/agent_persona/self-persona.md [1ms]
2025-12-15 18:48:35.786 [info] > git cat-file -s 83e0520d29967e46d0e1ab3322f86e04d4b78bd2 [2ms]
2025-12-15 18:48:36.632 [info] > git config --get commit.template [10ms]
2025-12-15 18:48:36.633 [info] > git for-each-ref --format=%(refname)%00%(upstream:short)%00%(objectname)%00%(upstream:track)%00%(upstream:remotename)%00%(upstream:remoteref) refs/heads/main refs/remotes/main [2ms]
2025-12-15 18:48:36.650 [info] > git status -z -uall [9ms]
2025-12-15 18:48:36.651 [info] > git for-each-ref --sort -committerdate --format %(refname)%00%(objectname)%00%(*objectname) [2ms]
2025-12-15 18:48:38.288 [info] > git check-ignore -v -z --stdin [2ms]
2025-12-15 18:48:38.346 [info] > git check-ignore -v -z --stdin [2ms]
2025-12-15 18:48:38.493 [info] > git show --textconv :src/agent_persona/prompt_generator.md [9ms]
2025-12-15 18:48:38.494 [info] > git ls-files --stage -- src/agent_persona/prompt_generator.md [1ms]
2025-12-15 18:48:38.503 [info] > git cat-file -s b6bf85b44e63516c97491345b140068ae9e89cde [1ms]
2025-12-15 18:48:43.327 [info] > git check-ignore -v -z --stdin [2ms]
2025-12-15 18:48:43.365 [info] > git check-ignore -v -z --stdin [1ms]
2025-12-15 18:48:43.631 [info] > git show --textconv :src/agent_persona/business_idea_validator.md [10ms]
2025-12-15 18:48:43.632 [info] > git ls-files --stage -- src/agent_persona/business_idea_validator.md [2ms]
2025-12-15 18:48:43.642 [info] > git cat-file -s 8b2fb1f97a7933cc64fa66a8f16997c6e3aeffb5 [2ms]
2025-12-15 18:48:44.115 [info] > git blame --root --incremental 36da54c1fc0f74ae3e58714124147b1beab16cff -- src/agent_persona/business_idea_validator.md [2ms]
2025-12-15 18:53:23.857 [info] > git check-ignore -v -z --stdin [3ms]
2025-12-15 18:53:23.896 [info] > git check-ignore -v -z --stdin [1ms]
2025-12-15 18:53:24.080 [info] > git show --textconv :src/agent_persona/prompt_generator.md [13ms]
2025-12-15 18:53:24.081 [info] > git ls-files --stage -- src/agent_persona/prompt_generator.md [1ms]
2025-12-15 18:53:24.097 [info] > git cat-file -s b6bf85b44e63516c97491345b140068ae9e89cde [4ms]
2025-12-15 18:56:44.538 [info] > git blame --root --incremental 36da54c1fc0f74ae3e58714124147b1beab16cff -- src/agent_persona/prompt_generator.md [2ms]
2025-12-15 19:01:34.649 [info] > git config --get commit.template [10ms]
2025-12-15 19:01:34.649 [info] > git for-each-ref --format=%(refname)%00%(upstream:short)%00%(objectname)%00%(upstream:track)%00%(upstream:remotename)%00%(upstream:remoteref) refs/heads/main refs/remotes/main [1ms]
2025-12-15 19:01:34.667 [info] > git status -z -uall [9ms]
2025-12-15 19:01:34.668 [info] > git for-each-ref --sort -committerdate --format %(refname)%00%(objectname)%00%(*objectname) [1ms]
2025-12-15 19:47:02.669 [info] > git check-ignore -v -z --stdin [1ms]
2025-12-15 19:47:02.720 [info] > git check-ignore -v -z --stdin [2ms]
2025-12-15 19:47:02.878 [info] > git show --textconv :src/agent_persona/self-persona.md [10ms]
2025-12-15 19:47:02.879 [info] > git ls-files --stage -- src/agent_persona/self-persona.md [2ms]
2025-12-15 19:47:02.889 [info] > git cat-file -s 83e0520d29967e46d0e1ab3322f86e04d4b78bd2 [2ms]
2025-12-15 19:47:07.763 [info] > git check-ignore -v -z --stdin [2ms]
2025-12-15 19:47:07.796 [info] > git check-ignore -v -z --stdin [2ms]
2025-12-15 19:47:07.995 [info] > git show --textconv :src/agent_persona/self-persona.md [10ms]
2025-12-15 19:47:07.996 [info] > git ls-files --stage -- src/agent_persona/self-persona.md [2ms]
2025-12-15 19:47:08.005 [info] > git cat-file -s 83e0520d29967e46d0e1ab3322f86e04d4b78bd2 [2ms]
2025-12-15 19:47:21.744 [info] > git check-ignore -v -z --stdin [5ms]
2025-12-15 19:47:21.828 [info] > git check-ignore -v -z --stdin [2ms]
2025-12-15 19:47:21.949 [info] > git show --textconv :src/agent_persona/self_custom_instructions.md [10ms]
2025-12-15 19:47:21.949 [warning] [GitFileSystemProvider][readFile] File not found - git:/home/rudra/DEV_ROOT/AI-workbench/src/agent_persona/self_custom_instructions.md.git?%7B%22path%22%3A%22%2Fhome%2Frudra%2FDEV_ROOT%2FAI-workbench%2Fsrc%2Fagent_persona%2Fself_custom_instructions.md%22%2C%22ref%22%3A%22%22%7D
2025-12-15 19:47:21.950 [info] > git ls-files --stage -- src/agent_persona/self_custom_instructions.md [2ms]
2025-12-15 19:47:21.950 [warning] [GitFileSystemProvider][stat] File not found - git:/home/rudra/DEV_ROOT/AI-workbench/src/agent_persona/self_custom_instructions.md.git?%7B%22path%22%3A%22%2Fhome%2Frudra%2FDEV_ROOT%2FAI-workbench%2Fsrc%2Fagent_persona%2Fself_custom_instructions.md%22%2C%22ref%22%3A%22%22%7D
2025-12-15 19:47:21.962 [info] > git blame --root --incremental 36da54c1fc0f74ae3e58714124147b1beab16cff -- src/agent_persona/self_custom_instructions.md [2ms]
2025-12-15 19:47:21.962 [info] fatal: no such path src/agent_persona/self_custom_instructions.md in 36da54c1fc0f74ae3e58714124147b1beab16cff
2025-12-15 19:47:22.222 [info] > git check-ignore -v -z --stdin [2ms]
2025-12-15 19:47:22.814 [info] > git config --get commit.template [9ms]
2025-12-15 19:47:22.815 [info] > git for-each-ref --format=%(refname)%00%(upstream:short)%00%(objectname)%00%(upstream:track)%00%(upstream:remotename)%00%(upstream:remoteref) refs/heads/main refs/remotes/main [2ms]
2025-12-15 19:47:22.834 [info] > git status -z -uall [10ms]
2025-12-15 19:47:22.834 [info] > git for-each-ref --sort -committerdate --format %(refname)%00%(objectname)%00%(*objectname) [2ms]
2025-12-15 19:47:26.040 [info] > git check-ignore -v -z --stdin [2ms]
2025-12-15 19:47:26.079 [info] > git check-ignore -v -z --stdin [1ms]
2025-12-15 19:47:26.251 [info] > git show --textconv :src/agent_persona/business_idea_validator.md [11ms]
2025-12-15 19:47:26.252 [info] > git ls-files --stage -- src/agent_persona/business_idea_validator.md [2ms]
2025-12-15 19:47:26.262 [info] > git cat-file -s 8b2fb1f97a7933cc64fa66a8f16997c6e3aeffb5 [1ms]
2025-12-15 19:47:27.425 [info] > git check-ignore -v -z --stdin [3ms]
2025-12-15 19:47:27.487 [info] > git check-ignore -v -z --stdin [2ms]
2025-12-15 19:47:27.633 [info] > git show --textconv :src/agent_persona/agent_instructor.md [10ms]
2025-12-15 19:47:27.633 [info] > git ls-files --stage -- src/agent_persona/agent_instructor.md [1ms]
2025-12-15 19:47:27.644 [info] > git cat-file -s 59b0201dd675ee05dc0c5b48da78219e3732fa71 [2ms]
2025-12-15 20:04:54.072 [info] > git config --get commit.template [3ms]
2025-12-15 20:04:54.081 [info] > git for-each-ref --format=%(refname)%00%(upstream:short)%00%(objectname)%00%(upstream:track)%00%(upstream:remotename)%00%(upstream:remoteref) refs/heads/main refs/remotes/main [1ms]
2025-12-15 20:04:54.099 [info] > git status -z -uall [9ms]
2025-12-15 20:04:54.100 [info] > git for-each-ref --sort -committerdate --format %(refname)%00%(objectname)%00%(*objectname) [2ms]
2025-12-15 20:04:54.168 [info] > git check-ignore -v -z --stdin [2ms]
2025-12-15 20:04:54.222 [info] > git check-ignore -v -z --stdin [2ms]
2025-12-15 20:04:54.453 [info] > git show --textconv :src/agent_persona/coding-assistant.md [10ms]
2025-12-15 20:04:54.454 [info] > git ls-files --stage -- src/agent_persona/coding-assistant.md [2ms]
2025-12-15 20:04:54.467 [info] > git cat-file -s a3aacc79a030225524c3c59d3e307bbc44fee9cd [2ms]
2025-12-15 20:04:54.713 [info] > git blame --root --incremental 36da54c1fc0f74ae3e58714124147b1beab16cff -- src/agent_persona/coding-assistant.md [2ms]
2025-12-15 20:05:45.574 [info] > git config --get commit.template [10ms]
2025-12-15 20:05:45.574 [info] > git for-each-ref --format=%(refname)%00%(upstream:short)%00%(objectname)%00%(upstream:track)%00%(upstream:remotename)%00%(upstream:remoteref) refs/heads/main refs/remotes/main [1ms]
2025-12-15 20:05:45.592 [info] > git status -z -uall [10ms]
2025-12-15 20:05:45.593 [info] > git for-each-ref --sort -committerdate --format %(refname)%00%(objectname)%00%(*objectname) [2ms]
2025-12-15 21:20:16.568 [info] > git config --get commit.template [10ms]
2025-12-15 21:20:16.568 [info] > git for-each-ref --format=%(refname)%00%(upstream:short)%00%(objectname)%00%(upstream:track)%00%(upstream:remotename)%00%(upstream:remoteref) refs/heads/main refs/remotes/main [2ms]
2025-12-15 21:20:16.586 [info] > git status -z -uall [9ms]
2025-12-15 21:20:16.587 [info] > git for-each-ref --sort -committerdate --format %(refname)%00%(objectname)%00%(*objectname) [1ms]
