2025-12-14 06:20:56.288 [info] Name: Ruff
2025-12-14 06:20:56.289 [info] Module: ruff
2025-12-14 06:20:56.289 [info] Python extension loading
2025-12-14 06:20:56.289 [info] Waiting for interpreter from python extension.
2025-12-14 06:20:56.289 [info] Python extension loaded
2025-12-14 06:20:56.289 [info] Using interpreter: /bin/python3
2025-12-14 06:20:56.289 [info] Workspace settings for /home/rudra/DEV_ROOT: {
    "nativeServer": "auto",
    "cwd": "/home/rudra/DEV_ROOT",
    "workspace": "file:///home/rudra/DEV_ROOT",
    "path": [],
    "ignoreStandardLibrary": true,
    "interpreter": [
        "/bin/python3"
    ],
    "configuration": null,
    "importStrategy": "fromEnvironment",
    "codeAction": {
        "fixViolation": {
            "enable": true
        },
        "disableRuleComment": {
            "enable": true
        }
    },
    "lint": {
        "enable": true,
        "run": "onType",
        "args": [],
        "preview": null,
        "select": null,
        "extendSelect": null,
        "ignore": null
    },
    "format": {
        "args": [],
        "preview": null,
        "backend": "internal"
    },
    "enable": true,
    "organizeImports": true,
    "fixAll": true,
    "showNotifications": "off",
    "exclude": null,
    "lineLength": null,
    "configurationPreference": "editorFirst",
    "showSyntaxErrors": true,
    "logLevel": null,
    "logFile": null
}
2025-12-14 06:20:56.289 [info] Global settings: {
    "nativeServer": "auto",
    "cwd": "/home/rudra",
    "workspace": "/home/rudra",
    "path": [],
    "ignoreStandardLibrary": true,
    "interpreter": [],
    "configuration": null,
    "importStrategy": "fromEnvironment",
    "codeAction": {
        "fixViolation": {
            "enable": true
        },
        "disableRuleComment": {
            "enable": true
        }
    },
    "lint": {
        "enable": true,
        "run": "onType",
        "args": []
    },
    "format": {
        "args": [],
        "backend": "internal"
    },
    "enable": true,
    "organizeImports": true,
    "fixAll": true,
    "showNotifications": "off",
    "configurationPreference": "editorFirst",
    "showSyntaxErrors": true
}
2025-12-14 06:20:56.307 [info] Falling back to bundled executable: /home/rudra/.vscode/extensions/charliermarsh.ruff-2025.32.0-linux-x64/bundled/libs/bin/ruff
2025-12-14 06:20:56.370 [info] Resolved 'ruff.nativeServer: auto' to use the native server
2025-12-14 06:20:56.382 [info] Found Ruff 0.14.8 at /home/rudra/.vscode/extensions/charliermarsh.ruff-2025.32.0-linux-x64/bundled/libs/bin/ruff
2025-12-14 06:20:56.382 [info] Server run command: /home/rudra/.vscode/extensions/charliermarsh.ruff-2025.32.0-linux-x64/bundled/libs/bin/ruff server
2025-12-14 06:20:56.385 [info] Server: Start requested.
2025-12-14 06:25:15.405 [info] Name: Ruff
2025-12-14 06:25:15.405 [info] Module: ruff
2025-12-14 06:25:15.405 [info] Python extension loading
2025-12-14 06:25:15.405 [info] Waiting for interpreter from python extension.
2025-12-14 06:25:15.430 [info] Python extension loaded
2025-12-14 06:25:15.476 [info] Using interpreter: /bin/python3
2025-12-14 06:25:15.606 [info] Workspace settings for /home/rudra/DEV_ROOT/coding_practice/ai_agents: {
    "nativeServer": "auto",
    "cwd": "/home/rudra/DEV_ROOT/coding_practice/ai_agents",
    "workspace": "file:///home/rudra/DEV_ROOT/coding_practice/ai_agents",
    "path": [],
    "ignoreStandardLibrary": true,
    "interpreter": [
        "/bin/python3"
    ],
    "configuration": null,
    "importStrategy": "fromEnvironment",
    "codeAction": {
        "fixViolation": {
            "enable": true
        },
        "disableRuleComment": {
            "enable": true
        }
    },
    "lint": {
        "enable": true,
        "run": "onType",
        "args": [],
        "preview": null,
        "select": null,
        "extendSelect": null,
        "ignore": null
    },
    "format": {
        "args": [],
        "preview": null,
        "backend": "internal"
    },
    "enable": true,
    "organizeImports": true,
    "fixAll": true,
    "showNotifications": "off",
    "exclude": null,
    "lineLength": null,
    "configurationPreference": "editorFirst",
    "showSyntaxErrors": true,
    "logLevel": null,
    "logFile": null
}
2025-12-14 06:25:15.628 [info] Global settings: {
    "nativeServer": "auto",
    "cwd": "/home/rudra",
    "workspace": "/home/rudra",
    "path": [],
    "ignoreStandardLibrary": true,
    "interpreter": [],
    "configuration": null,
    "importStrategy": "fromEnvironment",
    "codeAction": {
        "fixViolation": {
            "enable": true
        },
        "disableRuleComment": {
            "enable": true
        }
    },
    "lint": {
        "enable": true,
        "run": "onType",
        "args": []
    },
    "format": {
        "args": [],
        "backend": "internal"
    },
    "enable": true,
    "organizeImports": true,
    "fixAll": true,
    "showNotifications": "off",
    "configurationPreference": "editorFirst",
    "showSyntaxErrors": true
}
2025-12-14 06:25:15.700 [info] Falling back to bundled executable: /home/rudra/.vscode/extensions/charliermarsh.ruff-2025.32.0-linux-x64/bundled/libs/bin/ruff
2025-12-14 06:25:15.728 [info] Resolved 'ruff.nativeServer: auto' to use the native server
2025-12-14 06:25:15.738 [info] Found Ruff 0.14.8 at /home/rudra/.vscode/extensions/charliermarsh.ruff-2025.32.0-linux-x64/bundled/libs/bin/ruff
2025-12-14 06:25:15.738 [info] Server run command: /home/rudra/.vscode/extensions/charliermarsh.ruff-2025.32.0-linux-x64/bundled/libs/bin/ruff server
2025-12-14 06:25:15.741 [info] Server: Start requested.
2025-12-14 06:46:04.248 [info] Server: Stop requested
2025-12-14 06:46:04.417 [info] Using interpreter: /bin/python3
2025-12-14 06:46:04.490 [info] Workspace settings for /home/rudra/DEV_ROOT/coding_practice/ai_agents: {
    "nativeServer": "auto",
    "cwd": "/home/rudra/DEV_ROOT/coding_practice/ai_agents",
    "workspace": "file:///home/rudra/DEV_ROOT/coding_practice/ai_agents",
    "path": [],
    "ignoreStandardLibrary": true,
    "interpreter": [
        "/bin/python3"
    ],
    "configuration": null,
    "importStrategy": "fromEnvironment",
    "codeAction": {
        "fixViolation": {
            "enable": true
        },
        "disableRuleComment": {
            "enable": true
        }
    },
    "lint": {
        "enable": true,
        "run": "onType",
        "args": [],
        "preview": null,
        "select": null,
        "extendSelect": null,
        "ignore": null
    },
    "format": {
        "args": [],
        "preview": null,
        "backend": "internal"
    },
    "enable": true,
    "organizeImports": true,
    "fixAll": true,
    "showNotifications": "off",
    "exclude": null,
    "lineLength": null,
    "configurationPreference": "editorFirst",
    "showSyntaxErrors": true,
    "logLevel": null,
    "logFile": null
}
2025-12-14 06:46:04.510 [info] Global settings: {
    "nativeServer": "auto",
    "cwd": "/home/rudra",
    "workspace": "/home/rudra",
    "path": [],
    "ignoreStandardLibrary": true,
    "interpreter": [],
    "configuration": null,
    "importStrategy": "fromEnvironment",
    "codeAction": {
        "fixViolation": {
            "enable": true
        },
        "disableRuleComment": {
            "enable": true
        }
    },
    "lint": {
        "enable": true,
        "run": "onType",
        "args": []
    },
    "format": {
        "args": [],
        "backend": "internal"
    },
    "enable": true,
    "organizeImports": true,
    "fixAll": true,
    "showNotifications": "off",
    "configurationPreference": "editorFirst",
    "showSyntaxErrors": true
}
2025-12-14 06:46:04.611 [info] Falling back to bundled executable: /home/rudra/.vscode/extensions/charliermarsh.ruff-2025.32.0-linux-x64/bundled/libs/bin/ruff
2025-12-14 06:46:04.638 [info] Resolved 'ruff.nativeServer: auto' to use the native server
2025-12-14 06:46:04.639 [info] Found Ruff 0.14.8 at /home/rudra/.vscode/extensions/charliermarsh.ruff-2025.32.0-linux-x64/bundled/libs/bin/ruff
2025-12-14 06:46:04.639 [info] Server run command: /home/rudra/.vscode/extensions/charliermarsh.ruff-2025.32.0-linux-x64/bundled/libs/bin/ruff server
2025-12-14 06:46:04.639 [info] Server: Start requested.
2025-12-14 14:08:31.533 [info] Name: Ruff
2025-12-14 14:08:31.533 [info] Module: ruff
2025-12-14 14:08:31.533 [info] Python extension loading
2025-12-14 14:08:31.533 [info] Waiting for interpreter from python extension.
2025-12-14 14:08:31.586 [info] Python extension loaded
2025-12-14 14:08:31.626 [info] Using interpreter: /bin/python3
2025-12-14 14:08:31.745 [info] Workspace settings for /home/rudra/DEV_ROOT/AI-workbench: {
    "nativeServer": "auto",
    "cwd": "/home/rudra/DEV_ROOT/AI-workbench",
    "workspace": "file:///home/rudra/DEV_ROOT/AI-workbench",
    "path": [],
    "ignoreStandardLibrary": true,
    "interpreter": [
        "/bin/python3"
    ],
    "configuration": null,
    "importStrategy": "fromEnvironment",
    "codeAction": {
        "fixViolation": {
            "enable": true
        },
        "disableRuleComment": {
            "enable": true
        }
    },
    "lint": {
        "enable": true,
        "run": "onType",
        "args": [],
        "preview": null,
        "select": null,
        "extendSelect": null,
        "ignore": null
    },
    "format": {
        "args": [],
        "preview": null,
        "backend": "internal"
    },
    "enable": true,
    "organizeImports": true,
    "fixAll": true,
    "showNotifications": "off",
    "exclude": null,
    "lineLength": null,
    "configurationPreference": "editorFirst",
    "showSyntaxErrors": true,
    "logLevel": null,
    "logFile": null
}
2025-12-14 14:08:31.766 [info] Global settings: {
    "nativeServer": "auto",
    "cwd": "/home/rudra",
    "workspace": "/home/rudra",
    "path": [],
    "ignoreStandardLibrary": true,
    "interpreter": [],
    "configuration": null,
    "importStrategy": "fromEnvironment",
    "codeAction": {
        "fixViolation": {
            "enable": true
        },
        "disableRuleComment": {
            "enable": true
        }
    },
    "lint": {
        "enable": true,
        "run": "onType",
        "args": []
    },
    "format": {
        "args": [],
        "backend": "internal"
    },
    "enable": true,
    "organizeImports": true,
    "fixAll": true,
    "showNotifications": "off",
    "configurationPreference": "editorFirst",
    "showSyntaxErrors": true
}
2025-12-14 14:08:31.838 [info] Falling back to bundled executable: /home/rudra/.vscode/extensions/charliermarsh.ruff-2025.32.0-linux-x64/bundled/libs/bin/ruff
2025-12-14 14:08:31.860 [info] Resolved 'ruff.nativeServer: auto' to use the native server
2025-12-14 14:08:31.867 [info] Found Ruff 0.14.8 at /home/rudra/.vscode/extensions/charliermarsh.ruff-2025.32.0-linux-x64/bundled/libs/bin/ruff
2025-12-14 14:08:31.867 [info] Server run command: /home/rudra/.vscode/extensions/charliermarsh.ruff-2025.32.0-linux-x64/bundled/libs/bin/ruff server
2025-12-14 14:08:31.869 [info] Server: Start requested.
