2025-12-13 19:23:53.330 [info] Name: Ruff
2025-12-13 19:23:53.330 [info] Module: ruff
2025-12-13 19:23:53.330 [info] Python extension loading
2025-12-13 19:23:53.330 [info] Waiting for interpreter from python extension.
2025-12-13 19:23:53.330 [info] Python extension loaded
2025-12-13 19:23:53.330 [info] Using interpreter: /bin/python3
2025-12-13 19:23:53.330 [info] Workspace settings for /home/rudra/DEV_ROOT/career_assistant: {
    "nativeServer": "auto",
    "cwd": "/home/rudra/DEV_ROOT/career_assistant",
    "workspace": "file:///home/rudra/DEV_ROOT/career_assistant",
    "path": [],
    "ignoreStandardLibrary": true,
    "interpreter": [
        "/bin/python3"
    ],
    "configuration": null,
    "importStrategy": "fromEnvironment",
    "codeAction": {
        "fixViolation": {
            "enable": true
        },
        "disableRuleComment": {
            "enable": true
        }
    },
    "lint": {
        "enable": true,
        "run": "onType",
        "args": [],
        "preview": null,
        "select": null,
        "extendSelect": null,
        "ignore": null
    },
    "format": {
        "args": [],
        "preview": null,
        "backend": "internal"
    },
    "enable": true,
    "organizeImports": true,
    "fixAll": true,
    "showNotifications": "off",
    "exclude": null,
    "lineLength": null,
    "configurationPreference": "editorFirst",
    "showSyntaxErrors": true,
    "logLevel": null,
    "logFile": null
}
2025-12-13 19:23:53.330 [info] Global settings: {
    "nativeServer": "auto",
    "cwd": "/home/rudra",
    "workspace": "/home/rudra",
    "path": [],
    "ignoreStandardLibrary": true,
    "interpreter": [],
    "configuration": null,
    "importStrategy": "fromEnvironment",
    "codeAction": {
        "fixViolation": {
            "enable": true
        },
        "disableRuleComment": {
            "enable": true
        }
    },
    "lint": {
        "enable": true,
        "run": "onType",
        "args": []
    },
    "format": {
        "args": [],
        "backend": "internal"
    },
    "enable": true,
    "organizeImports": true,
    "fixAll": true,
    "showNotifications": "off",
    "configurationPreference": "editorFirst",
    "showSyntaxErrors": true
}
2025-12-13 19:23:53.361 [info] Falling back to bundled executable: /home/rudra/.antigravity/extensions/charliermarsh.ruff-2025.32.0-linux-x64/bundled/libs/bin/ruff
2025-12-13 19:23:53.375 [info] Resolved 'ruff.nativeServer: auto' to use the native server
2025-12-13 19:23:53.382 [info] Found Ruff 0.14.8 at /home/rudra/.antigravity/extensions/charliermarsh.ruff-2025.32.0-linux-x64/bundled/libs/bin/ruff
2025-12-13 19:23:53.382 [info] Server run command: /home/rudra/.antigravity/extensions/charliermarsh.ruff-2025.32.0-linux-x64/bundled/libs/bin/ruff server
2025-12-13 19:23:53.384 [info] Server: Start requested.
2025-12-13 23:02:53.764 [info] Server: Stop requested
2025-12-13 23:02:53.790 [info] Using interpreter: /home/rudra/DEV_ROOT/career_assistant/.venv/bin/python
2025-12-13 23:02:53.798 [info] Workspace settings for /home/rudra/DEV_ROOT/career_assistant: {
    "nativeServer": "auto",
    "cwd": "/home/rudra/DEV_ROOT/career_assistant",
    "workspace": "file:///home/rudra/DEV_ROOT/career_assistant",
    "path": [],
    "ignoreStandardLibrary": true,
    "interpreter": [
        "/home/rudra/DEV_ROOT/career_assistant/.venv/bin/python"
    ],
    "configuration": null,
    "importStrategy": "fromEnvironment",
    "codeAction": {
        "fixViolation": {
            "enable": true
        },
        "disableRuleComment": {
            "enable": true
        }
    },
    "lint": {
        "enable": true,
        "run": "onType",
        "args": [],
        "preview": null,
        "select": null,
        "extendSelect": null,
        "ignore": null
    },
    "format": {
        "args": [],
        "preview": null,
        "backend": "internal"
    },
    "enable": true,
    "organizeImports": true,
    "fixAll": true,
    "showNotifications": "off",
    "exclude": null,
    "lineLength": null,
    "configurationPreference": "editorFirst",
    "showSyntaxErrors": true,
    "logLevel": null,
    "logFile": null
}
2025-12-13 23:02:53.812 [info] Global settings: {
    "nativeServer": "auto",
    "cwd": "/home/rudra",
    "workspace": "/home/rudra",
    "path": [],
    "ignoreStandardLibrary": true,
    "interpreter": [],
    "configuration": null,
    "importStrategy": "fromEnvironment",
    "codeAction": {
        "fixViolation": {
            "enable": true
        },
        "disableRuleComment": {
            "enable": true
        }
    },
    "lint": {
        "enable": true,
        "run": "onType",
        "args": []
    },
    "format": {
        "args": [],
        "backend": "internal"
    },
    "enable": true,
    "organizeImports": true,
    "fixAll": true,
    "showNotifications": "off",
    "configurationPreference": "editorFirst",
    "showSyntaxErrors": true
}
2025-12-13 23:02:53.902 [info] Falling back to bundled executable: /home/rudra/.antigravity/extensions/charliermarsh.ruff-2025.32.0-linux-x64/bundled/libs/bin/ruff
2025-12-13 23:02:53.950 [info] Resolved 'ruff.nativeServer: auto' to use the native server
2025-12-13 23:02:53.955 [info] Found Ruff 0.14.8 at /home/rudra/.antigravity/extensions/charliermarsh.ruff-2025.32.0-linux-x64/bundled/libs/bin/ruff
2025-12-13 23:02:53.955 [info] Server run command: /home/rudra/.antigravity/extensions/charliermarsh.ruff-2025.32.0-linux-x64/bundled/libs/bin/ruff server
2025-12-13 23:02:53.956 [info] Server: Start requested.
