2025-12-15 09:56:17.164 [info] Reading sessions from keychain...
2025-12-15 09:56:17.164 [info] Getting sessions for all scopes...
2025-12-15 09:56:17.164 [info] Got stored sessions!
2025-12-15 09:56:17.164 [info] Got 2 verified sessions.
2025-12-15 09:56:17.164 [info] Got 2 sessions for ...
2025-12-15 09:56:17.164 [info] Getting sessions for all scopes...
2025-12-15 09:56:17.164 [info] Got 2 sessions for ...
2025-12-15 09:56:17.164 [info] Getting sessions for all scopes...
2025-12-15 09:56:17.164 [info] Got 2 sessions for ...
2025-12-15 09:56:17.164 [info] Getting sessions for all scopes...
2025-12-15 09:56:17.164 [info] Got 2 sessions for ...
2025-12-15 09:56:17.164 [info] Getting sessions for user:email...
2025-12-15 09:56:17.164 [info] Got 1 sessions for user:email...
2025-12-15 09:56:17.165 [info] Getting sessions for all scopes...
2025-12-15 09:56:17.165 [info] Got 2 sessions for ...
2025-12-15 09:56:17.165 [info] Getting sessions for all scopes...
2025-12-15 09:56:17.165 [info] Got 2 sessions for ...
2025-12-15 09:56:17.165 [info] Getting sessions for all scopes...
2025-12-15 09:56:17.165 [info] Got 2 sessions for ...
2025-12-15 09:56:17.165 [info] Getting sessions for all scopes...
2025-12-15 09:56:17.165 [info] Got 2 sessions for ...
2025-12-15 09:56:17.165 [info] Getting sessions for all scopes...
2025-12-15 09:56:17.165 [info] Got 2 sessions for ...
2025-12-15 09:56:17.165 [info] Getting sessions for all scopes...
2025-12-15 09:56:17.165 [info] Got 2 sessions for ...
2025-12-15 09:56:17.165 [info] Getting sessions for all scopes...
2025-12-15 09:56:17.165 [info] Got 2 sessions for ...
2025-12-15 09:56:17.165 [info] Getting sessions for all scopes...
2025-12-15 09:56:17.165 [info] Got 2 sessions for ...
2025-12-15 09:56:17.165 [info] Getting sessions for all scopes...
2025-12-15 09:56:17.165 [info] Got 2 sessions for ...
2025-12-15 09:56:17.165 [info] Getting sessions for all scopes...
2025-12-15 09:56:17.165 [info] Got 2 sessions for ...
2025-12-15 09:56:17.165 [info] Getting sessions for all scopes...
2025-12-15 09:56:17.165 [info] Got 2 sessions for ...
2025-12-15 09:56:17.165 [info] Getting sessions for all scopes...
2025-12-15 09:56:17.165 [info] Got 2 sessions for ...
2025-12-15 09:56:17.165 [info] Getting sessions for all scopes...
2025-12-15 09:56:17.165 [info] Got 2 sessions for ...
2025-12-15 09:56:17.165 [info] Getting sessions for all scopes...
2025-12-15 09:56:17.165 [info] Got 2 sessions for ...
2025-12-15 09:56:17.165 [info] Getting sessions for read:user,repo,user:email,workflow...
2025-12-15 09:56:17.165 [info] Got 1 sessions for read:user,repo,user:email,workflow...
2025-12-15 09:56:17.182 [info] Getting sessions for user:email...
2025-12-15 09:56:17.182 [info] Got 1 sessions for user:email...
2025-12-15 09:56:17.272 [info] Getting sessions for all scopes...
2025-12-15 09:56:17.272 [info] Got 2 sessions for ...
2025-12-15 09:56:17.275 [info] Getting sessions for read:user,repo,user:email,workflow...
2025-12-15 09:56:17.275 [info] Got 1 sessions for read:user,repo,user:email,workflow...
2025-12-15 09:56:17.547 [info] Getting sessions for all scopes...
2025-12-15 09:56:17.547 [info] Got 2 sessions for ...
2025-12-15 09:56:17.552 [info] Getting sessions for all scopes...
2025-12-15 09:56:17.552 [info] Got 2 sessions for ...
2025-12-15 09:56:17.552 [info] Getting sessions for all scopes...
2025-12-15 09:56:17.552 [info] Got 2 sessions for ...
2025-12-15 09:56:17.552 [info] Getting sessions for all scopes...
2025-12-15 09:56:17.552 [info] Got 2 sessions for ...
2025-12-15 09:56:17.554 [info] Getting sessions for read:user,repo,user:email,workflow...
2025-12-15 09:56:17.554 [info] Got 1 sessions for read:user,repo,user:email,workflow...
2025-12-15 09:56:17.725 [info] Getting sessions for all scopes...
2025-12-15 09:56:17.725 [info] Got 2 sessions for ...
2025-12-15 09:56:18.005 [info] Getting sessions for all scopes...
2025-12-15 09:56:18.005 [info] Got 2 sessions for ...
2025-12-15 09:56:18.005 [info] Getting sessions for all scopes...
2025-12-15 09:56:18.005 [info] Got 2 sessions for ...
2025-12-15 09:56:18.006 [info] Getting sessions for read:user,repo,user:email,workflow...
2025-12-15 09:56:18.006 [info] Got 1 sessions for read:user,repo,user:email,workflow...
2025-12-15 09:56:18.073 [info] Getting sessions for all scopes...
2025-12-15 09:56:18.073 [info] Got 2 sessions for ...
2025-12-15 09:56:18.086 [info] Getting sessions for all scopes...
2025-12-15 09:56:18.087 [info] Got 2 sessions for ...
2025-12-15 09:56:18.087 [info] Getting sessions for all scopes...
2025-12-15 09:56:18.087 [info] Got 2 sessions for ...
2025-12-15 09:56:18.089 [info] Getting sessions for all scopes...
2025-12-15 09:56:18.089 [info] Got 2 sessions for ...
2025-12-15 09:56:18.093 [info] Getting sessions for read:user,repo,user:email,workflow...
2025-12-15 09:56:18.093 [info] Got 1 sessions for read:user,repo,user:email,workflow...
2025-12-15 09:56:18.668 [info] FetcherService: Electron fetch failed with status: 429 
2025-12-15 09:56:19.329 [info] FetcherService: Node fetch failed with status: 429 Too Many Requests
2025-12-15 09:56:20.003 [info] FetcherService: Node http/s failed with status: 429 Too Many Requests
