2025-12-16 08:22:15.848 [info] [main] Log level: Info
2025-12-16 08:22:15.848 [info] [main] Validating found git in: "git"
2025-12-16 08:22:15.848 [info] [main] Using git "2.43.0" from "git"
2025-12-16 08:22:15.848 [info] [Model][doInitialScan] Initial repository scan started
2025-12-16 08:22:15.848 [info] > git rev-parse --show-toplevel [11ms]
2025-12-16 08:22:15.848 [info] fatal: not a git repository (or any of the parent directories): .git
2025-12-16 08:22:15.848 [info] > git rev-parse --show-toplevel [333ms]
2025-12-16 08:22:15.848 [info] > git rev-parse --git-dir --git-common-dir --show-superproject-working-tree [8ms]
2025-12-16 08:22:15.848 [info] [Model][openRepository] Opened repository (path): /home/rudra/DEV_ROOT/AI-workbench
2025-12-16 08:22:15.848 [info] [Model][openRepository] Opened repository (real path): /home/rudra/DEV_ROOT/AI-workbench
2025-12-16 08:22:15.848 [info] [Model][openRepository] Opened repository (kind): repository
2025-12-16 08:22:15.866 [info] > git rev-parse --show-toplevel [4ms]
2025-12-16 08:22:15.866 [info] fatal: not a git repository (or any of the parent directories): .git
2025-12-16 08:22:15.866 [info] > git config --get commit.template [11ms]
2025-12-16 08:22:15.884 [info] > git rev-parse --show-toplevel [9ms]
2025-12-16 08:22:15.884 [info] fatal: not a git repository (or any of the parent directories): .git
2025-12-16 08:22:15.893 [info] > git for-each-ref --format=%(refname)%00%(upstream:short)%00%(objectname)%00%(upstream:track)%00%(upstream:remotename)%00%(upstream:remoteref) refs/heads/main refs/remotes/main [11ms]
2025-12-16 08:22:15.894 [info] > git rev-parse --show-toplevel [2ms]
2025-12-16 08:22:15.894 [info] fatal: not a git repository (or any of the parent directories): .git
2025-12-16 08:22:15.917 [info] > git status -z -uall [8ms]
2025-12-16 08:22:15.917 [info] > git rev-parse --show-toplevel [17ms]
2025-12-16 08:22:15.925 [info] > git for-each-ref --sort -committerdate --format %(refname)%00%(objectname)%00%(*objectname) [10ms]
2025-12-16 08:22:15.960 [info] > git for-each-ref --format=%(refname)%00%(upstream:short)%00%(objectname)%00%(upstream:track)%00%(upstream:remotename)%00%(upstream:remoteref) refs/heads/main refs/remotes/main [14ms]
2025-12-16 08:22:15.967 [info] > git rev-parse --git-dir --git-common-dir --show-superproject-working-tree [43ms]
2025-12-16 08:22:15.971 [info] [Model][openRepository] Opened repository (path): /home/rudra/DEV_ROOT/PC_TOOLS_AUTOMATION
2025-12-16 08:22:15.971 [info] [Model][openRepository] Opened repository (real path): /home/rudra/DEV_ROOT/PC_TOOLS_AUTOMATION
2025-12-16 08:22:15.971 [info] [Model][openRepository] Opened repository (kind): repository
2025-12-16 08:22:15.988 [info] > git config --get --local branch.main.vscode-merge-base [21ms]
2025-12-16 08:22:15.995 [info] > git config --get commit.template [36ms]
2025-12-16 08:22:16.010 [info] > git for-each-ref --format=%(refname)%00%(upstream:short)%00%(objectname)%00%(upstream:track)%00%(upstream:remotename)%00%(upstream:remoteref) refs/heads/origin/main refs/remotes/origin/main [15ms]
2025-12-16 08:22:16.018 [info] > git rev-parse --show-toplevel [31ms]
2025-12-16 08:22:16.018 [info] fatal: not a git repository (or any of the parent directories): .git
2025-12-16 08:22:16.018 [info] > git config --get commit.template [38ms]
2025-12-16 08:22:16.040 [info] > git for-each-ref --format=%(refname)%00%(upstream:short)%00%(objectname)%00%(upstream:track)%00%(upstream:remotename)%00%(upstream:remoteref) refs/heads/main refs/remotes/main [16ms]
2025-12-16 08:22:16.040 [info] > git merge-base refs/heads/main refs/remotes/origin/main [23ms]
2025-12-16 08:22:16.049 [info] > git for-each-ref --format=%(refname)%00%(upstream:short)%00%(objectname)%00%(upstream:track)%00%(upstream:remotename)%00%(upstream:remoteref) refs/heads/main refs/remotes/main [10ms]
2025-12-16 08:22:16.049 [info] > git rev-parse --show-toplevel [17ms]
2025-12-16 08:22:16.049 [info] fatal: not a git repository (or any of the parent directories): .git
2025-12-16 08:22:16.057 [warning] [Git][revParse] Unable to read file: ENOENT: no such file or directory, open '/home/rudra/DEV_ROOT/PC_TOOLS_AUTOMATION/.git/refs/remotes/origin/main'
2025-12-16 08:22:16.065 [info] > git diff --name-status -z --diff-filter=ADMR 36da54c1fc0f74ae3e58714124147b1beab16cff...refs/remotes/origin/main [17ms]
2025-12-16 08:22:16.067 [info] > git rev-parse --show-toplevel [2ms]
2025-12-16 08:22:16.067 [info] > git rev-parse refs/remotes/origin/main [10ms]
2025-12-16 08:22:16.102 [info] > git status -z -uall [29ms]
2025-12-16 08:22:16.103 [info] > git status -z -uall [15ms]
2025-12-16 08:22:16.129 [info] > git rev-parse --git-dir --git-common-dir --show-superproject-working-tree [27ms]
2025-12-16 08:22:16.135 [info] [Model][openRepository] Opened repository (path): /home/rudra/DEV_ROOT/career_assistant
2025-12-16 08:22:16.135 [info] [Model][openRepository] Opened repository (real path): /home/rudra/DEV_ROOT/career_assistant
2025-12-16 08:22:16.135 [info] [Model][openRepository] Opened repository (kind): repository
2025-12-16 08:22:16.135 [info] > git for-each-ref --sort -committerdate --format %(refname)%00%(objectname)%00%(*objectname) [40ms]
2025-12-16 08:22:16.139 [info] > git for-each-ref --sort -committerdate --format %(refname)%00%(objectname)%00%(*objectname) [58ms]
2025-12-16 08:22:16.194 [info] > git for-each-ref --format=%(refname)%00%(upstream:short)%00%(objectname)%00%(upstream:track)%00%(upstream:remotename)%00%(upstream:remoteref) refs/heads/main refs/remotes/main [45ms]
2025-12-16 08:22:16.205 [info] > git config --get --local branch.main.vscode-merge-base [3ms]
2025-12-16 08:22:16.212 [info] > git config --get commit.template [18ms]
2025-12-16 08:22:16.212 [info] > git rev-parse --show-toplevel [25ms]
2025-12-16 08:22:16.212 [info] > git config --get commit.template [32ms]
2025-12-16 08:22:16.233 [info] > git for-each-ref --format=%(refname)%00%(upstream:short)%00%(objectname)%00%(upstream:track)%00%(upstream:remotename)%00%(upstream:remoteref) refs/heads/origin/main refs/remotes/origin/main [22ms]
2025-12-16 08:22:16.266 [info] > git merge-base refs/heads/main refs/remotes/origin/main [25ms]
2025-12-16 08:22:16.274 [info] > git for-each-ref --format=%(refname)%00%(upstream:short)%00%(objectname)%00%(upstream:track)%00%(upstream:remotename)%00%(upstream:remoteref) refs/heads/main refs/remotes/main [41ms]
2025-12-16 08:22:16.275 [info] > git for-each-ref --format=%(refname)%00%(upstream:short)%00%(objectname)%00%(upstream:track)%00%(upstream:remotename)%00%(upstream:remoteref) refs/heads/main refs/remotes/main [47ms]
2025-12-16 08:22:16.275 [info] > git rev-parse --git-dir --git-common-dir --show-superproject-working-tree [56ms]
2025-12-16 08:22:16.280 [info] [Model][openRepository] Opened repository (path): /home/rudra/DEV_ROOT/coding_practice
2025-12-16 08:22:16.280 [info] [Model][openRepository] Opened repository (real path): /home/rudra/DEV_ROOT/coding_practice
2025-12-16 08:22:16.280 [info] [Model][openRepository] Opened repository (kind): repository
2025-12-16 08:22:16.291 [warning] [Git][revParse] Unable to read file: ENOENT: no such file or directory, open '/home/rudra/DEV_ROOT/PC_TOOLS_AUTOMATION/.git/refs/remotes/origin/main'
2025-12-16 08:22:16.307 [info] > git diff --name-status -z --diff-filter=ADMR 12b914080d490bc93f7c1c24e6528bf55ced65aa...refs/remotes/origin/main [33ms]
2025-12-16 08:22:16.310 [info] > git rev-parse --show-toplevel [3ms]
2025-12-16 08:22:16.310 [info] fatal: not a git repository (or any of the parent directories): .git
2025-12-16 08:22:16.312 [info] [Model][doInitialScan] Initial repository scan completed - repositories (4), closed repositories (0), parent repositories (0), unsafe repositories (0)
2025-12-16 08:22:16.312 [info] > git config --get commit.template [12ms]
2025-12-16 08:22:16.312 [info] > git rev-parse refs/remotes/origin/main [21ms]
2025-12-16 08:22:16.328 [info] > git status -z -uall [9ms]
2025-12-16 08:22:16.328 [info] > git for-each-ref --sort -committerdate --format %(refname)%00%(objectname)%00%(*objectname) [3ms]
2025-12-16 08:22:16.355 [info] > git status -z -uall [15ms]
2025-12-16 08:22:16.355 [info] > git for-each-ref --format=%(refname)%00%(upstream:short)%00%(objectname)%00%(upstream:track)%00%(upstream:remotename)%00%(upstream:remoteref) refs/heads/main refs/remotes/main [2ms]
2025-12-16 08:22:16.355 [info] > git for-each-ref --sort -committerdate --format %(refname)%00%(objectname)%00%(*objectname) [9ms]
2025-12-16 08:22:16.373 [warning] [Git][revParse] Unable to read file: ENOENT: no such file or directory, open '/home/rudra/DEV_ROOT/coding_practice/.git/refs/remotes/origin/main'
2025-12-16 08:22:16.380 [info] > git for-each-ref --format=%(refname)%00%(upstream:short)%00%(objectname)%00%(upstream:track)%00%(upstream:remotename)%00%(upstream:remoteref) refs/heads/main refs/remotes/main [15ms]
2025-12-16 08:22:16.389 [info] > git config --get --local branch.main.vscode-merge-base [2ms]
2025-12-16 08:22:16.396 [info] > git config --get commit.template [16ms]
2025-12-16 08:22:16.396 [info] > git rev-parse refs/remotes/origin/main [23ms]
2025-12-16 08:22:16.410 [info] > git for-each-ref --format=%(refname)%00%(upstream:short)%00%(objectname)%00%(upstream:track)%00%(upstream:remotename)%00%(upstream:remoteref) refs/heads/origin/main refs/remotes/origin/main [15ms]
2025-12-16 08:22:16.424 [info] > git for-each-ref --sort -committerdate --format %(refname)%00%(objectname)%00%(*objectname) [15ms]
2025-12-16 08:22:16.425 [info] > git merge-base refs/heads/main refs/remotes/origin/main [8ms]
2025-12-16 08:22:16.437 [info] > git status -z -uall [35ms]
2025-12-16 08:22:16.437 [info] > git diff --name-status -z --diff-filter=ADMR af2f51c17ac74089672c16c356e8542714d4e662...refs/remotes/origin/main [5ms]
2025-12-16 08:22:16.447 [info] > git for-each-ref --format=%(refname)%00%(upstream:short)%00%(objectname)%00%(upstream:track)%00%(upstream:remotename)%00%(upstream:remoteref) refs/heads/main refs/remotes/main [23ms]
2025-12-16 08:22:16.455 [info] > git for-each-ref --format=%(refname)%00%(upstream:short)%00%(objectname)%00%(upstream:track)%00%(upstream:remotename)%00%(upstream:remoteref) refs/heads/main refs/remotes/main [10ms]
2025-12-16 08:22:16.463 [info] > git config --get --local branch.main.vscode-merge-base [1ms]
2025-12-16 08:22:16.470 [info] > git config --get commit.template [15ms]
2025-12-16 08:22:16.492 [info] > git status -z -uall [8ms]
2025-12-16 08:22:16.492 [info] > git for-each-ref --format=%(refname)%00%(upstream:short)%00%(objectname)%00%(upstream:track)%00%(upstream:remotename)%00%(upstream:remoteref) refs/heads/main refs/remotes/main [16ms]
2025-12-16 08:22:16.492 [info] > git for-each-ref --format=%(refname)%00%(upstream:short)%00%(objectname)%00%(upstream:track)%00%(upstream:remotename)%00%(upstream:remoteref) refs/heads/origin/main refs/remotes/origin/main [22ms]
2025-12-16 08:22:16.507 [warning] [Git][revParse] Unable to read file: ENOENT: no such file or directory, open '/home/rudra/DEV_ROOT/coding_practice/.git/refs/remotes/origin/main'
2025-12-16 08:22:16.507 [info] > git for-each-ref --sort -committerdate --format %(refname)%00%(objectname)%00%(*objectname) [16ms]
2025-12-16 08:22:16.510 [info] > git rev-parse refs/remotes/origin/main [3ms]
2025-12-16 08:22:16.524 [info] > git merge-base refs/heads/main refs/remotes/origin/main [24ms]
2025-12-16 08:22:16.534 [info] > git for-each-ref --sort -committerdate --format %(refname)%00%(objectname)%00%(*objectname) [10ms]
2025-12-16 08:22:16.551 [info] > git diff --name-status -z --diff-filter=ADMR 3cd9f0344c4c8f6cc17439444e6648a28d25b476...refs/remotes/origin/main [19ms]
2025-12-16 08:22:16.552 [info] > git status -z -uall [35ms]
2025-12-16 08:22:16.813 [info] > git check-ignore -v -z --stdin [23ms]
2025-12-16 08:22:16.813 [info] > git check-ignore -v -z --stdin [16ms]
2025-12-16 08:22:16.814 [info] > git check-ignore -v -z --stdin [10ms]
2025-12-16 08:22:16.815 [info] > git check-ignore -v -z --stdin [4ms]
2025-12-16 08:22:16.873 [info] > git show --textconv :src/agent_persona/coding-assistant.md [9ms]
2025-12-16 08:22:16.874 [info] > git ls-files --stage -- src/agent_persona/coding-assistant.md [2ms]
2025-12-16 08:22:16.882 [info] > git cat-file -s a3aacc79a030225524c3c59d3e307bbc44fee9cd [2ms]
2025-12-16 08:22:17.075 [info] > git blame --root --incremental 36da54c1fc0f74ae3e58714124147b1beab16cff -- src/agent_persona/coding-assistant.md [2ms]
2025-12-16 08:22:17.857 [info] > git rev-parse --show-toplevel [1ms]
2025-12-16 08:22:17.857 [info] fatal: not a git repository (or any of the parent directories): .git
2025-12-16 08:22:17.983 [info] > git rev-parse --show-toplevel [2ms]
2025-12-16 08:22:17.983 [info] fatal: not a git repository (or any of the parent directories): .git
2025-12-16 08:22:18.875 [info] > git check-ignore -v -z --stdin [156ms]
2025-12-16 08:23:31.045 [info] > git rev-parse --show-toplevel [35ms]
2025-12-16 08:23:31.045 [info] fatal: not a git repository (or any of the parent directories): .git
2025-12-16 08:23:33.855 [info] > git rev-parse --show-toplevel [1ms]
2025-12-16 08:23:33.855 [info] fatal: not a git repository (or any of the parent directories): .git
2025-12-16 08:23:36.078 [info] > git rev-parse --show-toplevel [1ms]
2025-12-16 08:23:36.078 [info] fatal: not a git repository (or any of the parent directories): .git
2025-12-16 08:23:38.962 [info] > git check-ignore -v -z --stdin [2ms]
2025-12-16 08:23:39.018 [info] > git check-ignore -v -z --stdin [1ms]
2025-12-16 08:23:40.545 [info] > git check-ignore -v -z --stdin [4ms]
2025-12-16 08:23:40.608 [info] > git check-ignore -v -z --stdin [2ms]
2025-12-16 08:23:40.749 [info] > git show --textconv :src/agent_persona/coding-assistant.md [8ms]
2025-12-16 08:23:40.751 [info] > git ls-files --stage -- src/agent_persona/coding-assistant.md [1ms]
2025-12-16 08:23:40.759 [info] > git cat-file -s a3aacc79a030225524c3c59d3e307bbc44fee9cd [2ms]
2025-12-16 08:23:41.419 [info] > git check-ignore -v -z --stdin [1ms]
2025-12-16 08:23:41.469 [info] > git check-ignore -v -z --stdin [2ms]
2025-12-16 08:23:48.834 [info] > git check-ignore -v -z --stdin [1ms]
2025-12-16 08:23:48.933 [info] > git check-ignore -v -z --stdin [2ms]
2025-12-16 08:23:49.042 [info] > git show --textconv :src/agent_persona/coding-assistant.md [10ms]
2025-12-16 08:23:49.043 [info] > git ls-files --stage -- src/agent_persona/coding-assistant.md [2ms]
2025-12-16 08:23:49.056 [info] > git cat-file -s a3aacc79a030225524c3c59d3e307bbc44fee9cd [5ms]
2025-12-16 08:23:49.508 [info] > git check-ignore -v -z --stdin [3ms]
2025-12-16 08:23:49.573 [info] > git check-ignore -v -z --stdin [1ms]
2025-12-16 08:24:15.898 [info] > git check-ignore -v -z --stdin [1ms]
2025-12-16 08:24:17.102 [info] > git check-ignore -v -z --stdin [2ms]
2025-12-16 08:24:19.348 [info] > git check-ignore -v -z --stdin [2ms]
2025-12-16 08:24:20.495 [info] > git check-ignore -v -z --stdin [2ms]
2025-12-16 08:27:05.878 [info] > git rev-parse --show-toplevel [2ms]
2025-12-16 08:27:05.878 [info] fatal: not a git repository (or any of the parent directories): .git
