2025-12-15 09:53:14.768 [info] Reading sessions from keychain...
2025-12-15 09:53:14.768 [info] Getting sessions for all scopes...
2025-12-15 09:53:14.775 [info] Got 0 sessions for ...
2025-12-15 09:53:14.775 [info] Getting sessions for all scopes...
2025-12-15 09:53:14.775 [info] Got 0 sessions for ...
2025-12-15 09:53:14.775 [info] Getting sessions for all scopes...
2025-12-15 09:53:14.775 [info] Got 0 sessions for ...
2025-12-15 09:53:14.775 [info] Getting sessions for read:user,repo,user:email,workflow...
2025-12-15 09:53:14.775 [info] Got 0 sessions for read:user,repo,user:email,workflow...
2025-12-15 09:53:15.018 [info] Getting sessions for all scopes...
2025-12-15 09:53:15.018 [info] Got 0 sessions for ...
2025-12-15 09:53:15.299 [info] Getting sessions for all scopes...
2025-12-15 09:53:15.299 [info] Got 0 sessions for ...
2025-12-15 09:53:15.383 [info] Getting sessions for all scopes...
2025-12-15 09:53:15.383 [info] Got 0 sessions for ...
2025-12-15 09:53:15.683 [info] Getting sessions for all scopes...
2025-12-15 09:53:15.683 [info] Got 0 sessions for ...
2025-12-15 09:53:15.700 [info] Getting sessions for all scopes...
2025-12-15 09:53:15.700 [info] Got 0 sessions for ...
2025-12-15 09:53:15.700 [info] Getting sessions for all scopes...
2025-12-15 09:53:15.700 [info] Got 0 sessions for ...
2025-12-15 09:53:15.758 [info] Getting sessions for all scopes...
2025-12-15 09:53:15.758 [info] Got 0 sessions for ...
2025-12-15 09:53:20.389 [info] Reading sessions from keychain...
2025-12-15 09:53:20.389 [info] Getting sessions for all scopes...
2025-12-15 09:53:20.389 [info] Got 0 sessions for ...
2025-12-15 09:53:20.389 [info] Getting sessions for all scopes...
2025-12-15 09:53:20.389 [info] Got 0 sessions for ...
2025-12-15 09:53:20.389 [info] Getting sessions for all scopes...
2025-12-15 09:53:20.389 [info] Got 0 sessions for ...
2025-12-15 09:53:20.389 [info] Getting sessions for read:user,repo,user:email,workflow...
2025-12-15 09:53:20.389 [info] Got 0 sessions for read:user,repo,user:email,workflow...
2025-12-15 09:53:20.413 [info] Getting sessions for read:user,repo,user:email,workflow...
2025-12-15 09:53:20.413 [info] Got 0 sessions for read:user,repo,user:email,workflow...
2025-12-15 09:53:20.451 [info] Getting sessions for all scopes...
2025-12-15 09:53:20.451 [info] Got 0 sessions for ...
2025-12-15 09:53:20.491 [info] Getting sessions for read:user,repo,user:email,workflow...
2025-12-15 09:53:20.491 [info] Got 0 sessions for read:user,repo,user:email,workflow...
2025-12-15 09:53:20.546 [info] Getting sessions for read:user,repo,user:email,workflow...
2025-12-15 09:53:20.546 [info] Got 0 sessions for read:user,repo,user:email,workflow...
2025-12-15 09:53:20.787 [info] Getting sessions for all scopes...
2025-12-15 09:53:20.787 [info] Got 0 sessions for ...
2025-12-15 09:53:20.818 [info] Getting sessions for all scopes...
2025-12-15 09:53:20.818 [info] Got 0 sessions for ...
2025-12-15 09:53:21.150 [info] Getting sessions for all scopes...
2025-12-15 09:53:21.150 [info] Got 0 sessions for ...
2025-12-15 09:53:21.400 [info] Getting sessions for all scopes...
2025-12-15 09:53:21.400 [info] Got 0 sessions for ...
2025-12-15 09:53:21.433 [info] Getting sessions for all scopes...
2025-12-15 09:53:21.433 [info] Got 0 sessions for ...
2025-12-15 09:53:21.433 [info] Getting sessions for all scopes...
2025-12-15 09:53:21.433 [info] Got 0 sessions for ...
2025-12-15 09:56:36.820 [info] Getting sessions for all scopes...
2025-12-15 09:56:36.821 [info] Got 0 sessions for ...
2025-12-15 09:56:48.488 [info] Getting sessions for read:user,repo,user:email,workflow...
2025-12-15 09:56:48.488 [info] Got 0 sessions for read:user,repo,user:email,workflow...
