2025-12-16 08:22:16.366 [info] Reading sessions from keychain...
2025-12-16 08:22:16.366 [info] Getting sessions for all scopes...
2025-12-16 08:22:16.366 [info] Got 0 sessions for ...
2025-12-16 08:22:16.366 [info] Getting sessions for all scopes...
2025-12-16 08:22:16.366 [info] Got 0 sessions for ...
2025-12-16 08:22:16.366 [info] Getting sessions for all scopes...
2025-12-16 08:22:16.366 [info] Got 0 sessions for ...
2025-12-16 08:22:16.366 [info] Getting sessions for read:user,repo,user:email,workflow...
2025-12-16 08:22:16.366 [info] Got 0 sessions for read:user,repo,user:email,workflow...
2025-12-16 08:22:16.366 [info] Getting sessions for read:user,repo,user:email,workflow...
2025-12-16 08:22:16.366 [info] Got 0 sessions for read:user,repo,user:email,workflow...
2025-12-16 08:22:16.410 [info] Getting sessions for read:user,repo,user:email,workflow...
2025-12-16 08:22:16.410 [info] Got 0 sessions for read:user,repo,user:email,workflow...
2025-12-16 08:22:16.463 [info] Getting sessions for read:user,repo,user:email,workflow...
2025-12-16 08:22:16.463 [info] Got 0 sessions for read:user,repo,user:email,workflow...
2025-12-16 08:22:17.835 [info] Getting sessions for all scopes...
2025-12-16 08:22:17.835 [info] Got 0 sessions for ...
2025-12-16 08:22:17.966 [info] Getting sessions for all scopes...
2025-12-16 08:22:17.967 [info] Got 0 sessions for ...
2025-12-16 08:22:18.074 [info] Getting sessions for all scopes...
2025-12-16 08:22:18.074 [info] Got 0 sessions for ...
2025-12-16 08:22:18.082 [info] Getting sessions for all scopes...
2025-12-16 08:22:18.082 [info] Got 0 sessions for ...
2025-12-16 08:22:18.082 [info] Getting sessions for all scopes...
2025-12-16 08:22:18.082 [info] Got 0 sessions for ...
2025-12-16 08:22:18.086 [info] Getting sessions for all scopes...
2025-12-16 08:22:18.086 [info] Got 0 sessions for ...
