2025-12-14 07:02:42.684 [info] Using Cloud Code URL: https://daily-cloudcode-pa.sandbox.googleapis.com
2025-12-14 07:02:42.684 [info] [BrowserOnboardingClientMainService] Starting browser onboarding server
2025-12-14 07:02:42.684 [info] [BrowserOnboardingClientServer] Browser onboarding server started on http://localhost:44561
2025-12-14 07:02:42.684 [info] [CascadeMonitoringServer] Monitoring server started on http://localhost:9102/antigravity
2025-12-14 07:02:42.684 [info] update#setState idle
2025-12-14 07:02:44.349 [info] AntigravityAuthMainService initialized
2025-12-14 07:02:52.060 [info] Pruning 0 of 0 trajectory summaries
2025-12-14 07:02:54.494 [info] [AgentClientServer] Cascade initializing for worksapce file:///home/rudra/DEV_ROOT/career_assistant
2025-12-14 07:02:54.495 [info] [AgentClientServer] Starting server
2025-12-14 07:02:54.501 [info] [AgentClientServer] Read HTML file, length: 127
2025-12-14 07:02:54.502 [info] [AgentClientServer] Cascade server started on http://localhost:9091
2025-12-14 07:02:54.502 [info] [AgentClientServer] Cascade server started on port 9091
2025-12-14 07:03:12.684 [info] update#setState checking for updates
2025-12-14 07:03:13.098 [info] update#setState idle
2025-12-14 07:40:16.795 [warning] No ptyHost heartbeat after 6 seconds
2025-12-14 07:40:17.058 [error] Failed to fetch NUXes: fetch failed
2025-12-14 08:30:50.292 [info] update#setState checking for updates
2025-12-14 08:30:50.621 [info] update#setState idle
2025-12-14 09:30:50.297 [info] update#setState checking for updates
2025-12-14 09:30:50.615 [info] update#setState idle
2025-12-14 10:30:50.301 [info] update#setState checking for updates
2025-12-14 10:30:50.656 [info] update#setState idle
2025-12-14 11:30:50.304 [info] update#setState checking for updates
2025-12-14 11:30:50.730 [info] update#setState idle
2025-12-14 12:30:50.307 [info] update#setState checking for updates
2025-12-14 12:30:50.684 [info] update#setState idle
2025-12-14 13:30:50.310 [info] update#setState checking for updates
2025-12-14 13:30:50.683 [info] update#setState idle
2025-12-14 14:30:50.312 [info] update#setState checking for updates
2025-12-14 14:30:50.653 [info] update#setState idle
2025-12-14 15:30:50.320 [info] update#setState checking for updates
2025-12-14 15:30:50.655 [info] update#setState idle
2025-12-14 16:30:50.322 [info] update#setState checking for updates
2025-12-14 16:30:50.649 [info] update#setState idle
2025-12-14 17:30:50.325 [info] update#setState checking for updates
2025-12-14 17:30:50.657 [info] update#setState idle
2025-12-14 18:26:57.310 [info] Extension host with pid 55983 exited with code: 0, signal: unknown.
2025-12-14 18:26:58.311 [error] Extension host with pid 55983 still exists, forcefully killing it...
