2025-12-16 08:31:52.528 [info] Reading sessions from keychain...
2025-12-16 08:31:52.528 [info] Getting sessions for all scopes...
2025-12-16 08:31:52.528 [info] Got 0 sessions for ...
2025-12-16 08:31:52.528 [info] Getting sessions for all scopes...
2025-12-16 08:31:52.528 [info] Got 0 sessions for ...
2025-12-16 08:31:52.528 [info] Getting sessions for all scopes...
2025-12-16 08:31:52.528 [info] Got 0 sessions for ...
2025-12-16 08:31:52.528 [info] Getting sessions for read:user,repo,user:email,workflow...
2025-12-16 08:31:52.528 [info] Got 0 sessions for read:user,repo,user:email,workflow...
2025-12-16 08:31:52.564 [info] Getting sessions for read:user,repo,user:email,workflow...
2025-12-16 08:31:52.564 [info] Got 0 sessions for read:user,repo,user:email,workflow...
2025-12-16 08:31:52.626 [info] Getting sessions for read:user,repo,user:email,workflow...
2025-12-16 08:31:52.626 [info] Got 0 sessions for read:user,repo,user:email,workflow...
2025-12-16 08:31:52.686 [info] Getting sessions for read:user,repo,user:email,workflow...
2025-12-16 08:31:52.686 [info] Got 0 sessions for read:user,repo,user:email,workflow...
2025-12-16 08:31:52.867 [info] Getting sessions for all scopes...
2025-12-16 08:31:52.868 [info] Got 0 sessions for ...
2025-12-16 08:31:54.963 [info] Getting sessions for all scopes...
2025-12-16 08:31:54.963 [info] Got 0 sessions for ...
2025-12-16 08:31:54.993 [info] Getting sessions for all scopes...
2025-12-16 08:31:54.993 [info] Got 0 sessions for ...
2025-12-16 08:31:55.042 [info] Getting sessions for all scopes...
2025-12-16 08:31:55.042 [info] Got 0 sessions for ...
2025-12-16 08:31:55.042 [info] Getting sessions for all scopes...
2025-12-16 08:31:55.042 [info] Got 0 sessions for ...
2025-12-16 08:31:55.042 [info] Getting sessions for all scopes...
2025-12-16 08:31:55.042 [info] Got 0 sessions for ...
