2025-12-09 11:47:48.579 [info] 2025/12/09 11:47:48 maxprocs: Leaving GOMAXPROCS=16: CPU quota undefined
2025-12-09 11:47:48.621 [info] I1209 11:47:48.621454 18216 server.go:1137] Starting language server process with pid 18216
2025-12-09 11:47:48.621 [info] I1209 11:47:48.621512 18216 server.go:279] Setting GOMAXPROCS to 4
2025-12-09 11:47:48.624 [info] I1209 11:47:48.623999 18216 server.go:498] Language server will attempt to listen on host 127.0.0.1
2025-12-09 11:47:48.624 [info] I1209 11:47:48.624285 18216 server.go:513] Language server listening on random port at 44651 for HTTPS
2025-12-09 11:47:48.624 [info] I1209 11:47:48.624336 18216 server.go:520] Language server listening on random port at 41499 for HTTP
2025-12-09 11:47:49.010 [info] I1209 11:47:49.009894 18216 server.go:491] Created extension server client at port 38139
2025-12-09 11:47:49.016 [info] W1209 11:47:49.015827 18216 log_context.go:106] Cache(userInfo): Singleflight refresh failed: You are not logged into Antigravity.
2025-12-09 11:47:49.024 [info] W1209 11:47:49.023141 18216 log_context.go:106] Cache(userInfo): Singleflight refresh failed: You are not logged into Antigravity.
2025-12-09 11:47:49.034 [info] (Antigravity) 2025-12-09 11:47:49.033 [INFO]: Language server started
2025-12-09 11:47:49.039 [info] I1209 11:47:49.038605 18216 server.go:1465] initialized server successfully
2025-12-09 11:47:49.058 [info] I1209 11:47:49.058305 18216 log_context.go:106] Removing OAuth token info
2025-12-09 11:47:49.084 [info] 2025/12/09 11:47:49 http: TLS handshake error from 127.0.0.1:57222: EOF
2025-12-09 11:47:49.097 [info] (Antigravity) 2025-12-09 11:47:49.097 [INFO]: LS lspClient started successfully
2025-12-09 11:47:49.596 [info] W1209 11:47:49.595967 18216 log_context.go:106] Cache(loadCodeAssistResponse): Singleflight refresh failed: You are not logged into Antigravity.
2025-12-09 11:47:49.596 [info] W1209 11:47:49.596011 18216 log_context.go:106] Cache(availableModels): Singleflight refresh failed: failed to get load code assist response: You are not logged into Antigravity.
2025-12-09 11:47:49.596 [info] E1209 11:47:49.596041 18216 interceptor.go:74] /exa.language_server_pb.LanguageServerService/GetCommandModelConfigs (unknown): failed to get load code assist response: You are not logged into Antigravity.
2025-12-09 11:47:49.622 [info] I1209 11:47:49.622102 18216 log_context.go:106] Removing OAuth token info
2025-12-09 11:47:49.698 [info] W1209 11:47:49.684821 18216 log_context.go:106] Cache(userInfo): Singleflight refresh failed: You are not logged into Antigravity.
2025-12-09 11:47:49.698 [info] E1209 11:47:49.684901 18216 interceptor.go:74] /exa.language_server_pb.LanguageServerService/GetUserStatus (unknown): You are not logged into Antigravity.
2025-12-09 11:52:17.764 [info] 2025/12/09 11:52:17 maxprocs: Leaving GOMAXPROCS=16: CPU quota undefined
2025-12-09 11:52:17.808 [info] I1209 11:52:17.808164 21672 server.go:1137] Starting language server process with pid 21672
2025-12-09 11:52:17.808 [info] I1209 11:52:17.808211 21672 server.go:279] Setting GOMAXPROCS to 4
2025-12-09 11:52:17.810 [info] I1209 11:52:17.810599 21672 server.go:498] Language server will attempt to listen on host 127.0.0.1
2025-12-09 11:52:17.811 [info] I1209 11:52:17.810886 21672 server.go:513] Language server listening on random port at 34839 for HTTPS
2025-12-09 11:52:17.811 [info] I1209 11:52:17.810964 21672 server.go:520] Language server listening on random port at 43387 for HTTP
2025-12-09 11:52:18.215 [info] I1209 11:52:18.207454 21672 server.go:491] Created extension server client at port 41659
2025-12-09 11:52:18.219 [info] W1209 11:52:18.218119 21672 log_context.go:106] Cache(userInfo): Singleflight refresh failed: You are not logged into Antigravity.
2025-12-09 11:52:18.231 [info] W1209 11:52:18.221644 21672 log_context.go:106] Cache(userInfo): Singleflight refresh failed: You are not logged into Antigravity.
2025-12-09 11:52:18.246 [info] (Antigravity) 2025-12-09 11:52:18.245 [INFO]: Language server started
2025-12-09 11:52:18.256 [info] I1209 11:52:18.254763 21672 server.go:1465] initialized server successfully
2025-12-09 11:52:18.332 [info] 2025/12/09 11:52:18 http: TLS handshake error from 127.0.0.1:33134: EOF
2025-12-09 11:52:18.393 [info] (Antigravity) 2025-12-09 11:52:18.393 [INFO]: LS lspClient started successfully
2025-12-09 11:52:33.643 [info] I1209 11:52:33.643071 21672 server.go:1581] Exit requested on language server process 21672
2025-12-09 11:52:33.643 [info] I1209 11:52:33.643267 21672 server.go:1546] Language server shutting down
