2025-12-09 11:48:17.814 [info] Getting Manifest... llvm-vs-code-extensions.vscode-clangd
2025-12-09 11:48:18.591 [info] Installing extension: llvm-vs-code-extensions.vscode-clangd {"context":{"skipPublisherTrust":true},"isMachineScoped":false,"profileLocation":{"$mid":1,"external":"vscode-userdata:/home/rudra/.antigravity/extensions/extensions.json","path":"/home/rudra/.antigravity/extensions/extensions.json","scheme":"vscode-userdata"},"isApplicationScoped":false,"productVersion":{"version":"1.104.0","date":"2025-12-08T23:18:46.541Z"}}
2025-12-09 11:48:19.054 [info] Extracted extension to file:///home/rudra/.antigravity/extensions/llvm-vs-code-extensions.vscode-clangd-0.2.0-universal: llvm-vs-code-extensions.vscode-clangd
2025-12-09 11:48:19.058 [info] Renamed to /home/rudra/.antigravity/extensions/llvm-vs-code-extensions.vscode-clangd-0.2.0-universal
2025-12-09 11:48:19.071 [info] Extension installed successfully: llvm-vs-code-extensions.vscode-clangd vscode-userdata:/home/rudra/.antigravity/extensions/extensions.json
2025-12-09 11:48:19.071 [error] [uncaught exception in sharedProcess]: Cannot read properties of undefined (reading 'fireEvent'): TypeError: Cannot read properties of undefined (reading 'fireEvent')
    at ea.value (file:///usr/share/antigravity/resources/app/out/vs/code/electron-utility/sharedProcess/sharedProcessMain.js:74:62540)
    at D.C (file:///usr/share/antigravity/resources/app/out/vs/code/electron-utility/sharedProcess/sharedProcessMain.js:28:2373)
    at D (file:///usr/share/antigravity/resources/app/out/vs/code/electron-utility/sharedProcess/sharedProcessMain.js:28:2443)
    at D.fire (file:///usr/share/antigravity/resources/app/out/vs/code/electron-utility/sharedProcess/sharedProcessMain.js:28:2660)
    at Nu.L (file:///usr/share/antigravity/resources/app/out/vs/code/electron-utility/sharedProcess/sharedProcessMain.js:74:10718)
    at async Nu.installGalleryExtensions (file:///usr/share/antigravity/resources/app/out/vs/code/electron-utility/sharedProcess/sharedProcessMain.js:74:2499)
    at async Nu.installFromGallery (file:///usr/share/antigravity/resources/app/out/vs/code/electron-utility/sharedProcess/sharedProcessMain.js:74:1748)
2025-12-09 11:48:20.046 [info] Getting Manifest... ms-python.python
2025-12-09 11:48:20.319 [info] Installing extension: ms-python.python {"context":{"skipPublisherTrust":true},"isMachineScoped":false,"profileLocation":{"$mid":1,"external":"vscode-userdata:/home/rudra/.antigravity/extensions/extensions.json","path":"/home/rudra/.antigravity/extensions/extensions.json","scheme":"vscode-userdata"},"isApplicationScoped":false,"productVersion":{"version":"1.104.0","date":"2025-12-08T23:18:46.541Z"}}
2025-12-09 11:48:20.662 [info] Getting Manifest... ms-python.vscode-python-envs
2025-12-09 11:48:20.945 [info] Getting Manifest... ms-python.debugpy
2025-12-09 11:48:21.211 [info] Installing extension: ms-python.vscode-python-envs {"context":{"skipPublisherTrust":true,"dependecyOrPackExtensionInstall":true},"isMachineScoped":false,"profileLocation":{"$mid":1,"external":"vscode-userdata:/home/rudra/.antigravity/extensions/extensions.json","path":"/home/rudra/.antigravity/extensions/extensions.json","scheme":"vscode-userdata"},"isApplicationScoped":false,"productVersion":{"version":"1.104.0","date":"2025-12-08T23:18:46.541Z"},"pinned":false,"installGivenVersion":false}
2025-12-09 11:48:21.211 [info] Installing extension: ms-python.debugpy {"context":{"skipPublisherTrust":true,"dependecyOrPackExtensionInstall":true},"isMachineScoped":false,"profileLocation":{"$mid":1,"external":"vscode-userdata:/home/rudra/.antigravity/extensions/extensions.json","path":"/home/rudra/.antigravity/extensions/extensions.json","scheme":"vscode-userdata"},"isApplicationScoped":false,"productVersion":{"version":"1.104.0","date":"2025-12-08T23:18:46.541Z"},"pinned":false,"installGivenVersion":false}
2025-12-09 11:48:22.225 [info] Extracted extension to file:///home/rudra/.antigravity/extensions/ms-python.vscode-python-envs-1.10.0-universal: ms-python.vscode-python-envs
2025-12-09 11:48:22.230 [info] Renamed to /home/rudra/.antigravity/extensions/ms-python.vscode-python-envs-1.10.0-universal
2025-12-09 11:48:24.390 [info] Extracted extension to file:///home/rudra/.antigravity/extensions/ms-python.debugpy-2025.14.1-linux-x64: ms-python.debugpy
2025-12-09 11:48:24.411 [info] Renamed to /home/rudra/.antigravity/extensions/ms-python.debugpy-2025.14.1-linux-x64
2025-12-09 11:48:24.451 [info] Extracted extension to file:///home/rudra/.antigravity/extensions/ms-python.python-2025.16.0-universal: ms-python.python
2025-12-09 11:48:24.526 [info] Renamed to /home/rudra/.antigravity/extensions/ms-python.python-2025.16.0-universal
2025-12-09 11:48:24.543 [info] Extension installed successfully: ms-python.vscode-python-envs vscode-userdata:/home/rudra/.antigravity/extensions/extensions.json
2025-12-09 11:48:24.543 [info] Extension installed successfully: ms-python.debugpy vscode-userdata:/home/rudra/.antigravity/extensions/extensions.json
2025-12-09 11:48:24.543 [info] Extension installed successfully: ms-python.python vscode-userdata:/home/rudra/.antigravity/extensions/extensions.json
2025-12-09 11:48:24.543 [error] [uncaught exception in sharedProcess]: Cannot read properties of undefined (reading 'fireEvent'): TypeError: Cannot read properties of undefined (reading 'fireEvent')
    at ea.value (file:///usr/share/antigravity/resources/app/out/vs/code/electron-utility/sharedProcess/sharedProcessMain.js:74:62540)
    at D.C (file:///usr/share/antigravity/resources/app/out/vs/code/electron-utility/sharedProcess/sharedProcessMain.js:28:2373)
    at D (file:///usr/share/antigravity/resources/app/out/vs/code/electron-utility/sharedProcess/sharedProcessMain.js:28:2443)
    at D.fire (file:///usr/share/antigravity/resources/app/out/vs/code/electron-utility/sharedProcess/sharedProcessMain.js:28:2660)
    at Nu.L (file:///usr/share/antigravity/resources/app/out/vs/code/electron-utility/sharedProcess/sharedProcessMain.js:74:10718)
    at async Nu.installGalleryExtensions (file:///usr/share/antigravity/resources/app/out/vs/code/electron-utility/sharedProcess/sharedProcessMain.js:74:2499)
    at async Nu.installFromGallery (file:///usr/share/antigravity/resources/app/out/vs/code/electron-utility/sharedProcess/sharedProcessMain.js:74:1748)
2025-12-09 11:48:25.459 [info] Getting Manifest... shopify.ruby-lsp
2025-12-09 11:48:25.736 [info] Installing extension: shopify.ruby-lsp {"context":{"skipPublisherTrust":true},"isMachineScoped":false,"profileLocation":{"$mid":1,"external":"vscode-userdata:/home/rudra/.antigravity/extensions/extensions.json","path":"/home/rudra/.antigravity/extensions/extensions.json","scheme":"vscode-userdata"},"isApplicationScoped":false,"productVersion":{"version":"1.104.0","date":"2025-12-08T23:18:46.541Z"}}
2025-12-09 11:48:26.348 [info] Extracted extension to file:///home/rudra/.antigravity/extensions/shopify.ruby-lsp-0.9.32-universal: shopify.ruby-lsp
2025-12-09 11:48:26.355 [info] Renamed to /home/rudra/.antigravity/extensions/shopify.ruby-lsp-0.9.32-universal
2025-12-09 11:48:26.367 [info] Extension installed successfully: shopify.ruby-lsp vscode-userdata:/home/rudra/.antigravity/extensions/extensions.json
2025-12-09 11:48:26.368 [error] [uncaught exception in sharedProcess]: Cannot read properties of undefined (reading 'fireEvent'): TypeError: Cannot read properties of undefined (reading 'fireEvent')
    at ea.value (file:///usr/share/antigravity/resources/app/out/vs/code/electron-utility/sharedProcess/sharedProcessMain.js:74:62540)
    at D.C (file:///usr/share/antigravity/resources/app/out/vs/code/electron-utility/sharedProcess/sharedProcessMain.js:28:2373)
    at D (file:///usr/share/antigravity/resources/app/out/vs/code/electron-utility/sharedProcess/sharedProcessMain.js:28:2443)
    at D.fire (file:///usr/share/antigravity/resources/app/out/vs/code/electron-utility/sharedProcess/sharedProcessMain.js:28:2660)
    at Nu.L (file:///usr/share/antigravity/resources/app/out/vs/code/electron-utility/sharedProcess/sharedProcessMain.js:74:10718)
    at async Nu.installGalleryExtensions (file:///usr/share/antigravity/resources/app/out/vs/code/electron-utility/sharedProcess/sharedProcessMain.js:74:2499)
    at async Nu.installFromGallery (file:///usr/share/antigravity/resources/app/out/vs/code/electron-utility/sharedProcess/sharedProcessMain.js:74:1748)
2025-12-09 11:48:27.264 [info] Getting Manifest... vscjava.vscode-java-pack
2025-12-09 11:48:27.523 [info] Installing extension: vscjava.vscode-java-pack {"context":{"skipPublisherTrust":true},"isMachineScoped":false,"profileLocation":{"$mid":1,"external":"vscode-userdata:/home/rudra/.antigravity/extensions/extensions.json","path":"/home/rudra/.antigravity/extensions/extensions.json","scheme":"vscode-userdata"},"isApplicationScoped":false,"productVersion":{"version":"1.104.0","date":"2025-12-08T23:18:46.541Z"}}
2025-12-09 11:48:28.892 [info] Getting Manifest... vscjava.vscode-maven
2025-12-09 11:48:29.156 [info] Getting Manifest... vscjava.vscode-java-debug
2025-12-09 11:48:29.491 [info] Getting Manifest... vscjava.vscode-java-test
2025-12-09 11:48:30.281 [info] Getting Manifest... redhat.java
2025-12-09 11:48:30.543 [info] Getting Manifest... vscjava.vscode-gradle
2025-12-09 11:48:30.815 [info] Getting Manifest... vscjava.vscode-java-dependency
2025-12-09 11:48:31.097 [info] Installing extension: vscjava.vscode-maven {"context":{"skipPublisherTrust":true,"dependecyOrPackExtensionInstall":true},"isMachineScoped":false,"profileLocation":{"$mid":1,"external":"vscode-userdata:/home/rudra/.antigravity/extensions/extensions.json","path":"/home/rudra/.antigravity/extensions/extensions.json","scheme":"vscode-userdata"},"isApplicationScoped":false,"productVersion":{"version":"1.104.0","date":"2025-12-08T23:18:46.541Z"},"pinned":false,"installGivenVersion":false}
2025-12-09 11:48:31.097 [info] Installing extension: vscjava.vscode-java-debug {"context":{"skipPublisherTrust":true,"dependecyOrPackExtensionInstall":true},"isMachineScoped":false,"profileLocation":{"$mid":1,"external":"vscode-userdata:/home/rudra/.antigravity/extensions/extensions.json","path":"/home/rudra/.antigravity/extensions/extensions.json","scheme":"vscode-userdata"},"isApplicationScoped":false,"productVersion":{"version":"1.104.0","date":"2025-12-08T23:18:46.541Z"},"pinned":false,"installGivenVersion":false}
2025-12-09 11:48:31.097 [info] Installing extension: vscjava.vscode-java-test {"context":{"skipPublisherTrust":true,"dependecyOrPackExtensionInstall":true},"isMachineScoped":false,"profileLocation":{"$mid":1,"external":"vscode-userdata:/home/rudra/.antigravity/extensions/extensions.json","path":"/home/rudra/.antigravity/extensions/extensions.json","scheme":"vscode-userdata"},"isApplicationScoped":false,"productVersion":{"version":"1.104.0","date":"2025-12-08T23:18:46.541Z"},"pinned":false,"installGivenVersion":false}
2025-12-09 11:48:31.098 [info] Installing extension: redhat.java {"context":{"skipPublisherTrust":true,"dependecyOrPackExtensionInstall":true},"isMachineScoped":false,"profileLocation":{"$mid":1,"external":"vscode-userdata:/home/rudra/.antigravity/extensions/extensions.json","path":"/home/rudra/.antigravity/extensions/extensions.json","scheme":"vscode-userdata"},"isApplicationScoped":false,"productVersion":{"version":"1.104.0","date":"2025-12-08T23:18:46.541Z"},"pinned":false,"installGivenVersion":false}
2025-12-09 11:48:31.098 [info] Installing extension: vscjava.vscode-gradle {"context":{"skipPublisherTrust":true,"dependecyOrPackExtensionInstall":true},"isMachineScoped":false,"profileLocation":{"$mid":1,"external":"vscode-userdata:/home/rudra/.antigravity/extensions/extensions.json","path":"/home/rudra/.antigravity/extensions/extensions.json","scheme":"vscode-userdata"},"isApplicationScoped":false,"productVersion":{"version":"1.104.0","date":"2025-12-08T23:18:46.541Z"},"pinned":false,"installGivenVersion":false}
2025-12-09 11:48:31.098 [info] Installing extension: vscjava.vscode-java-dependency {"context":{"skipPublisherTrust":true,"dependecyOrPackExtensionInstall":true},"isMachineScoped":false,"profileLocation":{"$mid":1,"external":"vscode-userdata:/home/rudra/.antigravity/extensions/extensions.json","path":"/home/rudra/.antigravity/extensions/extensions.json","scheme":"vscode-userdata"},"isApplicationScoped":false,"productVersion":{"version":"1.104.0","date":"2025-12-08T23:18:46.541Z"},"pinned":false,"installGivenVersion":false}
2025-12-09 11:48:31.939 [info] Extracted extension to file:///home/rudra/.antigravity/extensions/vscjava.vscode-java-pack-0.30.4-universal: vscjava.vscode-java-pack
2025-12-09 11:48:31.944 [info] Renamed to /home/rudra/.antigravity/extensions/vscjava.vscode-java-pack-0.30.4-universal
2025-12-09 11:48:34.209 [info] Extracted extension to file:///home/rudra/.antigravity/extensions/vscjava.vscode-java-debug-0.58.3-universal: vscjava.vscode-java-debug
2025-12-09 11:48:34.213 [info] Renamed to /home/rudra/.antigravity/extensions/vscjava.vscode-java-debug-0.58.3-universal
2025-12-09 11:48:34.545 [info] Extracted extension to file:///home/rudra/.antigravity/extensions/vscjava.vscode-maven-0.44.0-universal: vscjava.vscode-maven
2025-12-09 11:48:34.558 [info] Renamed to /home/rudra/.antigravity/extensions/vscjava.vscode-maven-0.44.0-universal
2025-12-09 11:48:35.027 [info] Extracted extension to file:///home/rudra/.antigravity/extensions/vscjava.vscode-java-test-0.43.2-universal: vscjava.vscode-java-test
2025-12-09 11:48:35.032 [info] Renamed to /home/rudra/.antigravity/extensions/vscjava.vscode-java-test-0.43.2-universal
2025-12-09 11:48:35.869 [info] Extracted extension to file:///home/rudra/.antigravity/extensions/vscjava.vscode-java-dependency-0.26.3-universal: vscjava.vscode-java-dependency
2025-12-09 11:48:35.874 [info] Renamed to /home/rudra/.antigravity/extensions/vscjava.vscode-java-dependency-0.26.3-universal
2025-12-09 11:48:39.332 [info] Uninstalling extension from the profile: shopify.ruby-lsp@0.9.32 vscode-userdata:/home/rudra/.antigravity/extensions/extensions.json
2025-12-09 11:48:39.368 [info] Marked extension as removed shopify.ruby-lsp-0.9.32-universal
2025-12-09 11:48:39.879 [info] Successfully uninstalled extension from the profile shopify.ruby-lsp@0.9.32 vscode-userdata:/home/rudra/.antigravity/extensions/extensions.json
2025-12-09 11:48:46.859 [info] Extracted extension to file:///home/rudra/.antigravity/extensions/vscjava.vscode-gradle-3.17.1-universal: vscjava.vscode-gradle
2025-12-09 11:48:46.865 [info] Renamed to /home/rudra/.antigravity/extensions/vscjava.vscode-gradle-3.17.1-universal
2025-12-09 11:49:05.972 [info] Extracted extension to file:///home/rudra/.antigravity/extensions/redhat.java-1.50.0-linux-x64: redhat.java
2025-12-09 11:49:05.993 [info] Renamed to /home/rudra/.antigravity/extensions/redhat.java-1.50.0-linux-x64
2025-12-09 11:49:06.023 [info] Extension installed successfully: vscjava.vscode-java-pack vscode-userdata:/home/rudra/.antigravity/extensions/extensions.json
2025-12-09 11:49:06.023 [info] Extension installed successfully: vscjava.vscode-java-debug vscode-userdata:/home/rudra/.antigravity/extensions/extensions.json
2025-12-09 11:49:06.023 [info] Extension installed successfully: vscjava.vscode-maven vscode-userdata:/home/rudra/.antigravity/extensions/extensions.json
2025-12-09 11:49:06.023 [info] Extension installed successfully: vscjava.vscode-java-test vscode-userdata:/home/rudra/.antigravity/extensions/extensions.json
2025-12-09 11:49:06.024 [info] Extension installed successfully: vscjava.vscode-java-dependency vscode-userdata:/home/rudra/.antigravity/extensions/extensions.json
2025-12-09 11:49:06.024 [info] Extension installed successfully: vscjava.vscode-gradle vscode-userdata:/home/rudra/.antigravity/extensions/extensions.json
2025-12-09 11:49:06.024 [info] Extension installed successfully: redhat.java vscode-userdata:/home/rudra/.antigravity/extensions/extensions.json
2025-12-09 11:49:06.024 [error] [uncaught exception in sharedProcess]: Cannot read properties of undefined (reading 'fireEvent'): TypeError: Cannot read properties of undefined (reading 'fireEvent')
    at ea.value (file:///usr/share/antigravity/resources/app/out/vs/code/electron-utility/sharedProcess/sharedProcessMain.js:74:62540)
    at D.C (file:///usr/share/antigravity/resources/app/out/vs/code/electron-utility/sharedProcess/sharedProcessMain.js:28:2373)
    at D (file:///usr/share/antigravity/resources/app/out/vs/code/electron-utility/sharedProcess/sharedProcessMain.js:28:2443)
    at D.fire (file:///usr/share/antigravity/resources/app/out/vs/code/electron-utility/sharedProcess/sharedProcessMain.js:28:2660)
    at Nu.L (file:///usr/share/antigravity/resources/app/out/vs/code/electron-utility/sharedProcess/sharedProcessMain.js:74:10718)
    at async Nu.installGalleryExtensions (file:///usr/share/antigravity/resources/app/out/vs/code/electron-utility/sharedProcess/sharedProcessMain.js:74:2499)
    at async Nu.installFromGallery (file:///usr/share/antigravity/resources/app/out/vs/code/electron-utility/sharedProcess/sharedProcessMain.js:74:1748)
2025-12-09 11:49:07.352 [info] Getting Manifest... golang.go
2025-12-09 11:49:07.747 [info] Installing extension: golang.go {"context":{"skipPublisherTrust":true},"isMachineScoped":false,"profileLocation":{"$mid":1,"external":"vscode-userdata:/home/rudra/.antigravity/extensions/extensions.json","path":"/home/rudra/.antigravity/extensions/extensions.json","scheme":"vscode-userdata"},"isApplicationScoped":false,"productVersion":{"version":"1.104.0","date":"2025-12-08T23:18:46.541Z"}}
2025-12-09 11:49:08.425 [info] Extracted extension to file:///home/rudra/.antigravity/extensions/golang.go-0.50.0-universal: golang.go
2025-12-09 11:49:08.433 [info] Renamed to /home/rudra/.antigravity/extensions/golang.go-0.50.0-universal
2025-12-09 11:49:08.454 [info] Extension installed successfully: golang.go vscode-userdata:/home/rudra/.antigravity/extensions/extensions.json
2025-12-09 11:49:08.454 [error] [uncaught exception in sharedProcess]: Cannot read properties of undefined (reading 'fireEvent'): TypeError: Cannot read properties of undefined (reading 'fireEvent')
    at ea.value (file:///usr/share/antigravity/resources/app/out/vs/code/electron-utility/sharedProcess/sharedProcessMain.js:74:62540)
    at D.C (file:///usr/share/antigravity/resources/app/out/vs/code/electron-utility/sharedProcess/sharedProcessMain.js:28:2373)
    at D (file:///usr/share/antigravity/resources/app/out/vs/code/electron-utility/sharedProcess/sharedProcessMain.js:28:2443)
    at D.fire (file:///usr/share/antigravity/resources/app/out/vs/code/electron-utility/sharedProcess/sharedProcessMain.js:28:2660)
    at Nu.L (file:///usr/share/antigravity/resources/app/out/vs/code/electron-utility/sharedProcess/sharedProcessMain.js:74:10718)
    at async Nu.installGalleryExtensions (file:///usr/share/antigravity/resources/app/out/vs/code/electron-utility/sharedProcess/sharedProcessMain.js:74:2499)
    at async Nu.installFromGallery (file:///usr/share/antigravity/resources/app/out/vs/code/electron-utility/sharedProcess/sharedProcessMain.js:74:1748)
2025-12-09 11:49:09.845 [info] Getting Manifest... meta.pyrefly
2025-12-09 11:49:10.400 [info] Installing extension: meta.pyrefly {"context":{"skipPublisherTrust":true},"isMachineScoped":false,"profileLocation":{"$mid":1,"external":"vscode-userdata:/home/rudra/.antigravity/extensions/extensions.json","path":"/home/rudra/.antigravity/extensions/extensions.json","scheme":"vscode-userdata"},"isApplicationScoped":false,"productVersion":{"version":"1.104.0","date":"2025-12-08T23:18:46.541Z"}}
2025-12-09 11:49:11.938 [info] Getting Manifest... ms-python.python
2025-12-09 11:49:17.831 [info] Extracted extension to file:///home/rudra/.antigravity/extensions/meta.pyrefly-0.45.0-linux-x64: meta.pyrefly
2025-12-09 11:49:17.836 [info] Renamed to /home/rudra/.antigravity/extensions/meta.pyrefly-0.45.0-linux-x64
2025-12-09 11:49:17.859 [info] Extension installed successfully: meta.pyrefly vscode-userdata:/home/rudra/.antigravity/extensions/extensions.json
2025-12-09 11:49:17.860 [error] [uncaught exception in sharedProcess]: Cannot read properties of undefined (reading 'fireEvent'): TypeError: Cannot read properties of undefined (reading 'fireEvent')
    at ea.value (file:///usr/share/antigravity/resources/app/out/vs/code/electron-utility/sharedProcess/sharedProcessMain.js:74:62540)
    at D.C (file:///usr/share/antigravity/resources/app/out/vs/code/electron-utility/sharedProcess/sharedProcessMain.js:28:2373)
    at D (file:///usr/share/antigravity/resources/app/out/vs/code/electron-utility/sharedProcess/sharedProcessMain.js:28:2443)
    at D.fire (file:///usr/share/antigravity/resources/app/out/vs/code/electron-utility/sharedProcess/sharedProcessMain.js:28:2660)
    at Nu.L (file:///usr/share/antigravity/resources/app/out/vs/code/electron-utility/sharedProcess/sharedProcessMain.js:74:10718)
    at async Nu.installGalleryExtensions (file:///usr/share/antigravity/resources/app/out/vs/code/electron-utility/sharedProcess/sharedProcessMain.js:74:2499)
    at async Nu.installFromGallery (file:///usr/share/antigravity/resources/app/out/vs/code/electron-utility/sharedProcess/sharedProcessMain.js:74:1748)
2025-12-09 11:49:18.644 [info] Getting Manifest... devsense.phptools-vscode
2025-12-09 11:49:18.921 [info] Installing extension: devsense.phptools-vscode {"context":{"skipPublisherTrust":true},"isMachineScoped":false,"profileLocation":{"$mid":1,"external":"vscode-userdata:/home/rudra/.antigravity/extensions/extensions.json","path":"/home/rudra/.antigravity/extensions/extensions.json","scheme":"vscode-userdata"},"isApplicationScoped":false,"productVersion":{"version":"1.104.0","date":"2025-12-08T23:18:46.541Z"}}
2025-12-09 11:49:21.071 [info] Getting Manifest... devsense.intelli-php-vscode
2025-12-09 11:49:22.008 [info] Getting Manifest... devsense.composer-php-vscode
2025-12-09 11:49:22.304 [info] Getting Manifest... devsense.profiler-php-vscode
2025-12-09 11:49:22.748 [info] Installing extension: devsense.intelli-php-vscode {"context":{"skipPublisherTrust":true,"dependecyOrPackExtensionInstall":true},"isMachineScoped":false,"profileLocation":{"$mid":1,"external":"vscode-userdata:/home/rudra/.antigravity/extensions/extensions.json","path":"/home/rudra/.antigravity/extensions/extensions.json","scheme":"vscode-userdata"},"isApplicationScoped":false,"productVersion":{"version":"1.104.0","date":"2025-12-08T23:18:46.541Z"},"pinned":false,"installGivenVersion":false}
2025-12-09 11:49:22.749 [info] Installing extension: devsense.composer-php-vscode {"context":{"skipPublisherTrust":true,"dependecyOrPackExtensionInstall":true},"isMachineScoped":false,"profileLocation":{"$mid":1,"external":"vscode-userdata:/home/rudra/.antigravity/extensions/extensions.json","path":"/home/rudra/.antigravity/extensions/extensions.json","scheme":"vscode-userdata"},"isApplicationScoped":false,"productVersion":{"version":"1.104.0","date":"2025-12-08T23:18:46.541Z"},"pinned":false,"installGivenVersion":false}
2025-12-09 11:49:22.749 [info] Installing extension: devsense.profiler-php-vscode {"context":{"skipPublisherTrust":true,"dependecyOrPackExtensionInstall":true},"isMachineScoped":false,"profileLocation":{"$mid":1,"external":"vscode-userdata:/home/rudra/.antigravity/extensions/extensions.json","path":"/home/rudra/.antigravity/extensions/extensions.json","scheme":"vscode-userdata"},"isApplicationScoped":false,"productVersion":{"version":"1.104.0","date":"2025-12-08T23:18:46.541Z"},"pinned":false,"installGivenVersion":false}
2025-12-09 11:49:23.993 [info] Extracted extension to file:///home/rudra/.antigravity/extensions/devsense.composer-php-vscode-1.63.18172-universal: devsense.composer-php-vscode
2025-12-09 11:49:23.997 [info] Renamed to /home/rudra/.antigravity/extensions/devsense.composer-php-vscode-1.63.18172-universal
2025-12-09 11:49:24.154 [info] Extracted extension to file:///home/rudra/.antigravity/extensions/devsense.profiler-php-vscode-1.63.18172-universal: devsense.profiler-php-vscode
2025-12-09 11:49:24.157 [info] Renamed to /home/rudra/.antigravity/extensions/devsense.profiler-php-vscode-1.63.18172-universal
2025-12-09 11:49:32.786 [info] Extracted extension to file:///home/rudra/.antigravity/extensions/devsense.phptools-vscode-1.63.18172-linux-x64: devsense.phptools-vscode
2025-12-09 11:49:32.792 [info] Renamed to /home/rudra/.antigravity/extensions/devsense.phptools-vscode-1.63.18172-linux-x64
2025-12-09 11:49:45.934 [info] Extracted extension to file:///home/rudra/.antigravity/extensions/devsense.intelli-php-vscode-0.12.17700-linux-x64: devsense.intelli-php-vscode
2025-12-09 11:49:45.943 [info] Renamed to /home/rudra/.antigravity/extensions/devsense.intelli-php-vscode-0.12.17700-linux-x64
2025-12-09 11:49:45.976 [info] Extension installed successfully: devsense.composer-php-vscode vscode-userdata:/home/rudra/.antigravity/extensions/extensions.json
2025-12-09 11:49:45.977 [info] Extension installed successfully: devsense.profiler-php-vscode vscode-userdata:/home/rudra/.antigravity/extensions/extensions.json
2025-12-09 11:49:45.977 [info] Extension installed successfully: devsense.phptools-vscode vscode-userdata:/home/rudra/.antigravity/extensions/extensions.json
2025-12-09 11:49:45.977 [info] Extension installed successfully: devsense.intelli-php-vscode vscode-userdata:/home/rudra/.antigravity/extensions/extensions.json
2025-12-09 11:49:45.977 [error] [uncaught exception in sharedProcess]: Cannot read properties of undefined (reading 'fireEvent'): TypeError: Cannot read properties of undefined (reading 'fireEvent')
    at ea.value (file:///usr/share/antigravity/resources/app/out/vs/code/electron-utility/sharedProcess/sharedProcessMain.js:74:62540)
    at D.C (file:///usr/share/antigravity/resources/app/out/vs/code/electron-utility/sharedProcess/sharedProcessMain.js:28:2373)
    at D (file:///usr/share/antigravity/resources/app/out/vs/code/electron-utility/sharedProcess/sharedProcessMain.js:28:2443)
    at D.fire (file:///usr/share/antigravity/resources/app/out/vs/code/electron-utility/sharedProcess/sharedProcessMain.js:28:2660)
    at Nu.L (file:///usr/share/antigravity/resources/app/out/vs/code/electron-utility/sharedProcess/sharedProcessMain.js:74:10718)
    at async Nu.installGalleryExtensions (file:///usr/share/antigravity/resources/app/out/vs/code/electron-utility/sharedProcess/sharedProcessMain.js:74:2499)
    at async Nu.installFromGallery (file:///usr/share/antigravity/resources/app/out/vs/code/electron-utility/sharedProcess/sharedProcessMain.js:74:1748)
2025-12-09 11:50:37.839 [info] Uninstalling extension from the profile: llvm-vs-code-extensions.vscode-clangd@0.2.0 vscode-userdata:/home/rudra/.antigravity/extensions/extensions.json
2025-12-09 11:50:37.873 [info] Marked extension as removed llvm-vs-code-extensions.vscode-clangd-0.2.0-universal
2025-12-09 11:50:38.881 [info] Successfully uninstalled extension from the profile llvm-vs-code-extensions.vscode-clangd@0.2.0 vscode-userdata:/home/rudra/.antigravity/extensions/extensions.json
2025-12-09 11:50:46.125 [info] Uninstalling extension from the profile: devsense.composer-php-vscode@1.63.18172 vscode-userdata:/home/rudra/.antigravity/extensions/extensions.json
2025-12-09 11:50:46.148 [info] Marked extension as removed devsense.composer-php-vscode-1.63.18172-universal
2025-12-09 11:50:46.623 [info] Successfully uninstalled extension from the profile devsense.composer-php-vscode@1.63.18172 vscode-userdata:/home/rudra/.antigravity/extensions/extensions.json
2025-12-09 11:50:48.394 [info] Uninstalling extension from the profile: vscjava.vscode-java-test@0.43.2 vscode-userdata:/home/rudra/.antigravity/extensions/extensions.json
2025-12-09 11:50:48.438 [info] Marked extension as removed vscjava.vscode-java-test-0.43.2-universal
2025-12-09 11:50:48.928 [info] Successfully uninstalled extension from the profile vscjava.vscode-java-test@0.43.2 vscode-userdata:/home/rudra/.antigravity/extensions/extensions.json
2025-12-09 11:50:50.190 [info] Uninstalling extension from the profile: vscjava.vscode-java-dependency@0.26.3 vscode-userdata:/home/rudra/.antigravity/extensions/extensions.json
2025-12-09 11:50:50.218 [info] Marked extension as removed vscjava.vscode-java-dependency-0.26.3-universal
2025-12-09 11:50:50.713 [info] Successfully uninstalled extension from the profile vscjava.vscode-java-dependency@0.26.3 vscode-userdata:/home/rudra/.antigravity/extensions/extensions.json
2025-12-09 11:50:52.409 [info] Uninstalling extension from the profile: meta.pyrefly@0.45.0 vscode-userdata:/home/rudra/.antigravity/extensions/extensions.json
2025-12-09 11:50:52.441 [info] Marked extension as removed meta.pyrefly-0.45.0-linux-x64
2025-12-09 11:50:52.935 [info] Successfully uninstalled extension from the profile meta.pyrefly@0.45.0 vscode-userdata:/home/rudra/.antigravity/extensions/extensions.json
2025-12-09 11:50:56.077 [info] Uninstalling extension from the profile: devsense.profiler-php-vscode@1.63.18172 vscode-userdata:/home/rudra/.antigravity/extensions/extensions.json
2025-12-09 11:50:56.106 [info] Marked extension as removed devsense.profiler-php-vscode-1.63.18172-universal
2025-12-09 11:50:56.933 [info] Successfully uninstalled extension from the profile devsense.profiler-php-vscode@1.63.18172 vscode-userdata:/home/rudra/.antigravity/extensions/extensions.json
2025-12-09 11:50:57.757 [info] Uninstalling extension from the profile: devsense.phptools-vscode@1.63.18172 vscode-userdata:/home/rudra/.antigravity/extensions/extensions.json
2025-12-09 11:50:57.757 [info] Uninstalling extension from the profile: devsense.intelli-php-vscode@0.12.17700 vscode-userdata:/home/rudra/.antigravity/extensions/extensions.json
2025-12-09 11:50:57.772 [info] Extensions is already requested to uninstall devsense.intelli-php-vscode
2025-12-09 11:50:57.790 [info] Marked extension as removed devsense.phptools-vscode-1.63.18172-linux-x64
2025-12-09 11:50:57.793 [info] Marked extension as removed devsense.intelli-php-vscode-0.12.17700-linux-x64
2025-12-09 11:50:58.488 [info] Successfully uninstalled extension from the profile devsense.phptools-vscode@1.63.18172 vscode-userdata:/home/rudra/.antigravity/extensions/extensions.json
2025-12-09 11:50:58.488 [info] Successfully uninstalled extension from the profile devsense.intelli-php-vscode@0.12.17700 vscode-userdata:/home/rudra/.antigravity/extensions/extensions.json
2025-12-09 11:50:59.777 [info] Uninstalling extension from the profile: vscjava.vscode-maven@0.44.0 vscode-userdata:/home/rudra/.antigravity/extensions/extensions.json
2025-12-09 11:50:59.803 [info] Marked extension as removed vscjava.vscode-maven-0.44.0-universal
2025-12-09 11:51:00.294 [info] Successfully uninstalled extension from the profile vscjava.vscode-maven@0.44.0 vscode-userdata:/home/rudra/.antigravity/extensions/extensions.json
2025-12-09 11:51:02.212 [info] Uninstalling extension from the profile: redhat.java@1.50.0 vscode-userdata:/home/rudra/.antigravity/extensions/extensions.json
2025-12-09 11:51:02.237 [info] Marked extension as removed redhat.java-1.50.0-linux-x64
2025-12-09 11:51:02.712 [info] Successfully uninstalled extension from the profile redhat.java@1.50.0 vscode-userdata:/home/rudra/.antigravity/extensions/extensions.json
2025-12-09 11:51:04.518 [info] Uninstalling extension from the profile: vscjava.vscode-gradle@3.17.1 vscode-userdata:/home/rudra/.antigravity/extensions/extensions.json
2025-12-09 11:51:04.539 [info] Marked extension as removed vscjava.vscode-gradle-3.17.1-universal
2025-12-09 11:51:05.473 [info] Successfully uninstalled extension from the profile vscjava.vscode-gradle@3.17.1 vscode-userdata:/home/rudra/.antigravity/extensions/extensions.json
2025-12-09 11:51:06.631 [info] Uninstalling extension from the profile: vscjava.vscode-java-pack@0.30.4 vscode-userdata:/home/rudra/.antigravity/extensions/extensions.json
2025-12-09 11:51:06.631 [info] Uninstalling extension from the profile: vscjava.vscode-java-debug@0.58.3 vscode-userdata:/home/rudra/.antigravity/extensions/extensions.json
2025-12-09 11:51:06.641 [info] Extensions is already requested to uninstall vscjava.vscode-java-debug
2025-12-09 11:51:06.660 [info] Marked extension as removed vscjava.vscode-java-pack-0.30.4-universal
2025-12-09 11:51:06.665 [info] Marked extension as removed vscjava.vscode-java-debug-0.58.3-universal
2025-12-09 11:51:08.060 [info] Successfully uninstalled extension from the profile vscjava.vscode-java-pack@0.30.4 vscode-userdata:/home/rudra/.antigravity/extensions/extensions.json
2025-12-09 11:51:08.061 [info] Successfully uninstalled extension from the profile vscjava.vscode-java-debug@0.58.3 vscode-userdata:/home/rudra/.antigravity/extensions/extensions.json
2025-12-09 11:51:09.410 [info] Uninstalling extension from the profile: golang.go@0.50.0 vscode-userdata:/home/rudra/.antigravity/extensions/extensions.json
2025-12-09 11:51:09.435 [info] Marked extension as removed golang.go-0.50.0-universal
2025-12-09 11:51:10.142 [info] Successfully uninstalled extension from the profile golang.go@0.50.0 vscode-userdata:/home/rudra/.antigravity/extensions/extensions.json
2025-12-09 11:51:31.869 [info] Getting Manifest... pkief.material-icon-theme
2025-12-09 11:51:32.126 [info] Installing extension: pkief.material-icon-theme {"isMachineScoped":false,"installPreReleaseVersion":false,"pinned":false,"profileLocation":{"$mid":1,"external":"vscode-userdata:/home/rudra/.antigravity/extensions/extensions.json","path":"/home/rudra/.antigravity/extensions/extensions.json","scheme":"vscode-userdata"},"isApplicationScoped":false,"productVersion":{"version":"1.104.0","date":"2025-12-08T23:18:46.541Z"}}
2025-12-09 11:51:33.706 [info] Extracted extension to file:///home/rudra/.antigravity/extensions/pkief.material-icon-theme-5.29.0-universal: pkief.material-icon-theme
2025-12-09 11:51:33.737 [info] Renamed to /home/rudra/.antigravity/extensions/pkief.material-icon-theme-5.29.0-universal
2025-12-09 11:51:33.750 [info] Extension installed successfully: pkief.material-icon-theme vscode-userdata:/home/rudra/.antigravity/extensions/extensions.json
2025-12-09 11:51:33.750 [error] [uncaught exception in sharedProcess]: Cannot read properties of undefined (reading 'fireEvent'): TypeError: Cannot read properties of undefined (reading 'fireEvent')
    at ea.value (file:///usr/share/antigravity/resources/app/out/vs/code/electron-utility/sharedProcess/sharedProcessMain.js:74:62540)
    at D.C (file:///usr/share/antigravity/resources/app/out/vs/code/electron-utility/sharedProcess/sharedProcessMain.js:28:2373)
    at D (file:///usr/share/antigravity/resources/app/out/vs/code/electron-utility/sharedProcess/sharedProcessMain.js:28:2443)
    at D.fire (file:///usr/share/antigravity/resources/app/out/vs/code/electron-utility/sharedProcess/sharedProcessMain.js:28:2660)
    at Nu.L (file:///usr/share/antigravity/resources/app/out/vs/code/electron-utility/sharedProcess/sharedProcessMain.js:74:10718)
    at async Nu.installGalleryExtensions (file:///usr/share/antigravity/resources/app/out/vs/code/electron-utility/sharedProcess/sharedProcessMain.js:74:2499)
    at async Nu.installFromGallery (file:///usr/share/antigravity/resources/app/out/vs/code/electron-utility/sharedProcess/sharedProcessMain.js:74:1748)
2025-12-09 11:51:54.249 [info] Getting Manifest... zhuangtongfa.material-theme
2025-12-09 11:51:54.506 [info] Installing extension: zhuangtongfa.material-theme {"isMachineScoped":false,"installPreReleaseVersion":false,"pinned":false,"profileLocation":{"$mid":1,"external":"vscode-userdata:/home/rudra/.antigravity/extensions/extensions.json","path":"/home/rudra/.antigravity/extensions/extensions.json","scheme":"vscode-userdata"},"isApplicationScoped":false,"productVersion":{"version":"1.104.0","date":"2025-12-08T23:18:46.541Z"}}
2025-12-09 11:51:54.911 [info] Extracted extension to file:///home/rudra/.antigravity/extensions/zhuangtongfa.material-theme-3.19.0-universal: zhuangtongfa.material-theme
2025-12-09 11:51:54.917 [info] Renamed to /home/rudra/.antigravity/extensions/zhuangtongfa.material-theme-3.19.0-universal
2025-12-09 11:51:54.929 [info] Extension installed successfully: zhuangtongfa.material-theme vscode-userdata:/home/rudra/.antigravity/extensions/extensions.json
2025-12-09 11:51:54.929 [error] [uncaught exception in sharedProcess]: Cannot read properties of undefined (reading 'fireEvent'): TypeError: Cannot read properties of undefined (reading 'fireEvent')
    at ea.value (file:///usr/share/antigravity/resources/app/out/vs/code/electron-utility/sharedProcess/sharedProcessMain.js:74:62540)
    at D.C (file:///usr/share/antigravity/resources/app/out/vs/code/electron-utility/sharedProcess/sharedProcessMain.js:28:2373)
    at D (file:///usr/share/antigravity/resources/app/out/vs/code/electron-utility/sharedProcess/sharedProcessMain.js:28:2443)
    at D.fire (file:///usr/share/antigravity/resources/app/out/vs/code/electron-utility/sharedProcess/sharedProcessMain.js:28:2660)
    at Nu.L (file:///usr/share/antigravity/resources/app/out/vs/code/electron-utility/sharedProcess/sharedProcessMain.js:74:10718)
    at async Nu.installGalleryExtensions (file:///usr/share/antigravity/resources/app/out/vs/code/electron-utility/sharedProcess/sharedProcessMain.js:74:2499)
    at async Nu.installFromGallery (file:///usr/share/antigravity/resources/app/out/vs/code/electron-utility/sharedProcess/sharedProcessMain.js:74:1748)
