2025-12-13 18:51:23.677 [info] Reading sessions from keychain...
2025-12-13 18:51:23.677 [info] Getting sessions for all scopes...
2025-12-13 18:51:23.677 [info] Got stored sessions!
2025-12-13 18:51:23.677 [info] Got 2 verified sessions.
2025-12-13 18:51:23.677 [info] Got 2 sessions for ...
2025-12-13 18:51:23.677 [info] Getting sessions for all scopes...
2025-12-13 18:51:23.677 [info] Got 2 sessions for ...
2025-12-13 18:51:23.677 [info] Getting sessions for all scopes...
2025-12-13 18:51:23.677 [info] Got 2 sessions for ...
2025-12-13 18:51:23.677 [info] Getting sessions for all scopes...
2025-12-13 18:51:23.677 [info] Got 2 sessions for ...
2025-12-13 18:51:23.677 [info] Getting sessions for user:email...
2025-12-13 18:51:23.677 [info] Got 1 sessions for user:email...
2025-12-13 18:51:23.677 [info] Getting sessions for all scopes...
2025-12-13 18:51:23.677 [info] Got 2 sessions for ...
2025-12-13 18:51:23.677 [info] Getting sessions for all scopes...
2025-12-13 18:51:23.677 [info] Got 2 sessions for ...
2025-12-13 18:51:23.677 [info] Getting sessions for all scopes...
2025-12-13 18:51:23.677 [info] Got 2 sessions for ...
2025-12-13 18:51:23.677 [info] Getting sessions for all scopes...
2025-12-13 18:51:23.677 [info] Got 2 sessions for ...
2025-12-13 18:51:23.677 [info] Getting sessions for all scopes...
2025-12-13 18:51:23.677 [info] Got 2 sessions for ...
2025-12-13 18:51:23.677 [info] Getting sessions for all scopes...
2025-12-13 18:51:23.677 [info] Got 2 sessions for ...
2025-12-13 18:51:23.677 [info] Getting sessions for all scopes...
2025-12-13 18:51:23.677 [info] Got 2 sessions for ...
2025-12-13 18:51:23.677 [info] Getting sessions for all scopes...
2025-12-13 18:51:23.677 [info] Got 2 sessions for ...
2025-12-13 18:51:23.677 [info] Getting sessions for all scopes...
2025-12-13 18:51:23.677 [info] Got 2 sessions for ...
2025-12-13 18:51:23.677 [info] Getting sessions for all scopes...
2025-12-13 18:51:23.677 [info] Got 2 sessions for ...
2025-12-13 18:51:23.677 [info] Getting sessions for all scopes...
2025-12-13 18:51:23.677 [info] Got 2 sessions for ...
2025-12-13 18:51:23.677 [info] Getting sessions for all scopes...
2025-12-13 18:51:23.677 [info] Got 2 sessions for ...
2025-12-13 18:51:23.677 [info] Getting sessions for all scopes...
2025-12-13 18:51:23.677 [info] Got 2 sessions for ...
2025-12-13 18:51:23.677 [info] Getting sessions for all scopes...
2025-12-13 18:51:23.677 [info] Got 2 sessions for ...
2025-12-13 18:51:23.677 [info] Getting sessions for all scopes...
2025-12-13 18:51:23.677 [info] Got 2 sessions for ...
2025-12-13 18:51:23.677 [info] Getting sessions for read:user,repo,user:email,workflow...
2025-12-13 18:51:23.677 [info] Got 1 sessions for read:user,repo,user:email,workflow...
2025-12-13 18:51:23.701 [info] Getting sessions for user:email...
2025-12-13 18:51:23.702 [info] Got 1 sessions for user:email...
2025-12-13 18:51:23.795 [info] Getting sessions for all scopes...
2025-12-13 18:51:23.795 [info] Got 2 sessions for ...
2025-12-13 18:51:23.797 [info] Getting sessions for read:user,repo,user:email,workflow...
2025-12-13 18:51:23.797 [info] Got 1 sessions for read:user,repo,user:email,workflow...
2025-12-13 18:51:23.932 [info] Getting sessions for all scopes...
2025-12-13 18:51:23.932 [info] Got 2 sessions for ...
2025-12-13 18:51:23.943 [info] Getting sessions for all scopes...
2025-12-13 18:51:23.943 [info] Got 2 sessions for ...
2025-12-13 18:51:23.944 [info] Getting sessions for all scopes...
2025-12-13 18:51:23.944 [info] Got 2 sessions for ...
2025-12-13 18:51:23.944 [info] Getting sessions for all scopes...
2025-12-13 18:51:23.944 [info] Got 2 sessions for ...
2025-12-13 18:51:24.139 [info] Getting sessions for read:user,repo,user:email,workflow...
2025-12-13 18:51:24.139 [info] Got 1 sessions for read:user,repo,user:email,workflow...
2025-12-13 18:51:24.516 [info] Getting sessions for all scopes...
2025-12-13 18:51:24.516 [info] Got 2 sessions for ...
2025-12-13 18:51:24.516 [info] Getting sessions for all scopes...
2025-12-13 18:51:24.516 [info] Got 2 sessions for ...
2025-12-13 18:51:24.534 [info] Getting sessions for read:user,repo,user:email,workflow...
2025-12-13 18:51:24.534 [info] Got 1 sessions for read:user,repo,user:email,workflow...
2025-12-13 18:51:24.608 [info] Getting sessions for all scopes...
2025-12-13 18:51:24.608 [info] Got 2 sessions for ...
2025-12-13 18:51:24.614 [info] Getting sessions for all scopes...
2025-12-13 18:51:24.615 [info] Got 2 sessions for ...
2025-12-13 18:51:24.615 [info] Getting sessions for all scopes...
2025-12-13 18:51:24.615 [info] Got 2 sessions for ...
2025-12-13 18:51:24.621 [info] Getting sessions for all scopes...
2025-12-13 18:51:24.621 [info] Got 2 sessions for ...
2025-12-13 18:51:24.630 [info] Getting sessions for read:user,repo,user:email,workflow...
2025-12-13 18:51:24.630 [info] Got 1 sessions for read:user,repo,user:email,workflow...
2025-12-13 18:51:25.341 [info] FetcherService: Electron fetch failed with status: 429 
2025-12-13 18:51:26.003 [info] FetcherService: Node fetch failed with status: 429 Too Many Requests
2025-12-13 18:51:27.416 [info] FetcherService: Node http/s failed with status: 429 Too Many Requests
