2025-12-09 11:52:17.900 [info] Experiment 'pythonSurveyNotification' is active
2025-12-09 11:52:17.909 [warning] Dir "/home/rudra/DEV_ROOT/carrer_chat_assistant/.pixi/envs" is not watchable (directory does not exist)
2025-12-09 11:52:18.124 [info] Starting Environment refresh
2025-12-09 11:52:18.124 [info] Searching for interpreters in posix paths locator
2025-12-09 11:52:18.131 [info] Searching for pyenv environments
2025-12-09 11:52:18.131 [info] Searching for conda environments
2025-12-09 11:52:18.131 [info] Searching for global virtual environments
2025-12-09 11:52:18.131 [info] Searching for custom virtual environments
2025-12-09 11:52:18.136 [info] pyenv is not installed
2025-12-09 11:52:18.136 [info] Finished searching for pyenv environments: 12 milliseconds
2025-12-09 11:52:18.136 [info] Finished searching for custom virtual envs: 11 milliseconds
2025-12-09 11:52:18.143 [info] > conda info --json
2025-12-09 11:52:18.152 [info] > hatch env show --json
2025-12-09 11:52:18.152 [info] cwd: .
2025-12-09 11:52:18.153 [info] Skipping ActivatedEnv Detection:  process.env.VSCODE_CLI !== '1'
2025-12-09 11:52:18.153 [info] Skipping ActivatedEnv Detection:  process.env.VSCODE_CLI !== '1'
2025-12-09 11:52:18.164 [info] > pyenv which python
2025-12-09 11:52:18.164 [info] cwd: .
2025-12-09 11:52:18.165 [info] Finished searching for global virtual envs: 40 milliseconds
2025-12-09 11:52:18.173 [info] Found: /bin/python3 --> /bin/python3.12
2025-12-09 11:52:18.174 [info] Found: /bin/python3.12 --> /bin/python3.12
2025-12-09 11:52:18.191 [info] > ./.venv/bin/python -I ~/.antigravity/extensions/ms-python.python-2025.16.0-universal/python_files/get_output_via_markers.py ~/.antigravity/extensions/ms-python.python-2025.16.0-universal/python_files/interpreterInfo.py
2025-12-09 11:52:18.194 [info] Found: /usr/bin/python3 --> /usr/bin/python3.12
2025-12-09 11:52:18.194 [info] Found: /usr/bin/python3.12 --> /usr/bin/python3.12
2025-12-09 11:52:18.195 [error] [Error: Command failed: /home/rudra/DEV_ROOT/carrer_chat_assistant/.venv/bin/python -I /home/rudra/.antigravity/extensions/ms-python.python-2025.16.0-universal/python_files/get_output_via_markers.py /home/rudra/.antigravity/extensions/ms-python.python-2025.16.0-universal/python_files/interpreterInfo.py
/bin/sh: 1: /home/rudra/DEV_ROOT/carrer_chat_assistant/.venv/bin/python: not found

	at genericNodeError (node:internal/errors:983:15)
	at wrappedFn (node:internal/errors:537:14)
	at ChildProcess.exithandler (node:child_process:417:12)
	at ChildProcess.emit (node:events:530:35)
	at ChildProcess.emit (node:domain:489:12)
	at maybeClose (node:internal/child_process:1101:16)
	at Socket.<anonymous> (node:internal/child_process:456:11)
	at Socket.emit (node:events:518:28)
	at Socket.emit (node:domain:489:12)
	at Pipe.<anonymous> (node:net:346:12)] {
  code: 127,
  killed: false,
  signal: null,
  cmd: '/home/rudra/DEV_ROOT/carrer_chat_assistant/.venv/bin/python -I /home/rudra/.antigravity/extensions/ms-python.python-2025.16.0-universal/python_files/get_output_via_markers.py /home/rudra/.antigravity/extensions/ms-python.python-2025.16.0-universal/python_files/interpreterInfo.py'
}
2025-12-09 11:52:18.213 [info] Finished searching for interpreters in posix paths locator: 83 milliseconds
2025-12-09 11:52:18.213 [info] > /bin/python3 -I ~/.antigravity/extensions/ms-python.python-2025.16.0-universal/python_files/get_output_via_markers.py ~/.antigravity/extensions/ms-python.python-2025.16.0-universal/python_files/interpreterInfo.py
2025-12-09 11:52:18.228 [info] > /usr/bin/python3 -I ~/.antigravity/extensions/ms-python.python-2025.16.0-universal/python_files/get_output_via_markers.py ~/.antigravity/extensions/ms-python.python-2025.16.0-universal/python_files/interpreterInfo.py
2025-12-09 11:52:18.228 [info] Environments refresh paths discovered (event): 106 milliseconds
2025-12-09 11:52:18.228 [info] Environments refresh paths discovered: 106 milliseconds
2025-12-09 11:52:20.203 [info] > ./.venv/bin/python -I ~/.antigravity/extensions/ms-python.python-2025.16.0-universal/python_files/get_output_via_markers.py ~/.antigravity/extensions/ms-python.python-2025.16.0-universal/python_files/interpreterInfo.py
2025-12-09 11:52:20.204 [error] [Error: Command failed: /home/rudra/DEV_ROOT/carrer_chat_assistant/.venv/bin/python -I /home/rudra/.antigravity/extensions/ms-python.python-2025.16.0-universal/python_files/get_output_via_markers.py /home/rudra/.antigravity/extensions/ms-python.python-2025.16.0-universal/python_files/interpreterInfo.py
/bin/sh: 1: /home/rudra/DEV_ROOT/carrer_chat_assistant/.venv/bin/python: not found

	at genericNodeError (node:internal/errors:983:15)
	at wrappedFn (node:internal/errors:537:14)
	at ChildProcess.exithandler (node:child_process:417:12)
	at ChildProcess.emit (node:events:530:35)
	at ChildProcess.emit (node:domain:489:12)
	at maybeClose (node:internal/child_process:1101:16)
	at Socket.<anonymous> (node:internal/child_process:456:11)
	at Socket.emit (node:events:518:28)
	at Socket.emit (node:domain:489:12)
	at Pipe.<anonymous> (node:net:346:12)] {
  code: 127,
  killed: false,
  signal: null,
  cmd: '/home/rudra/DEV_ROOT/carrer_chat_assistant/.venv/bin/python -I /home/rudra/.antigravity/extensions/ms-python.python-2025.16.0-universal/python_files/get_output_via_markers.py /home/rudra/.antigravity/extensions/ms-python.python-2025.16.0-universal/python_files/interpreterInfo.py'
}
2025-12-09 11:52:20.204 [info] Environments refresh finished (event): 2082 milliseconds
2025-12-09 11:52:20.211 [info] Environment refresh took 2088 milliseconds
2025-12-09 11:52:20.215 [info] Python interpreter path: /bin/python3
2025-12-09 11:52:21.136 [info] Starting Jedi language server for carrer_chat_assistant.
