2025-12-15 09:53:13.680 [info] Experiment 'pythonSurveyNotification' is active
2025-12-15 09:53:13.680 [warning] Dir "/home/rudra/DEV_ROOT/career_assistant/.pixi/envs" is not watchable (directory does not exist)
2025-12-15 09:53:13.762 [info] Skipping ActivatedEnv Detection:  process.env.VSCODE_CLI !== '1'
2025-12-15 09:53:13.768 [info] Python interpreter path: ./.venv/bin/python
2025-12-15 09:53:13.785 [info] > ./.venv/bin/python -I ~/.antigravity/extensions/ms-python.python-2025.16.0-universal/python_files/get_output_via_markers.py ~/.antigravity/extensions/ms-python.python-2025.16.0-universal/python_files/interpreterInfo.py
2025-12-15 09:53:13.792 [info] > pyenv which python
2025-12-15 09:53:13.792 [info] cwd: .
2025-12-15 09:53:13.876 [info] Running installed packages checker:  {
  id: '/home/rudra/DEV_ROOT/career_assistant/.venv/bin/python',
  sysPrefix: '/home/rudra/DEV_ROOT/career_assistant/.venv',
  envType: 'Venv',
  envName: '.venv',
  envPath: '/home/rudra/DEV_ROOT/career_assistant/.venv',
  path: '/home/rudra/DEV_ROOT/career_assistant/.venv/bin/python',
  architecture: 3,
  sysVersion: '3.13.11 (main, Dec  9 2025, 19:04:10) [Clang 21.1.4 ]',
  version: {
    raw: '3.13.11',
    major: 3,
    minor: 13,
    patch: 11,
    build: [],
    prerelease: [ 'final', '0' ]
  },
  displayName: "Python 3.13.11 ('.venv')",
  detailedDisplayName: "Python 3.13.11 ('.venv': venv)",
  type: 'Virtual'
} /home/rudra/.antigravity/extensions/ms-python.python-2025.16.0-universal/python_files/installed_check.py /home/rudra/DEV_ROOT/career_assistant/requirements.txt
2025-12-15 09:53:13.876 [info] > ./.venv/bin/python ~/.antigravity/extensions/ms-python.python-2025.16.0-universal/python_files/installed_check.py ./requirements.txt
2025-12-15 09:53:14.607 [info] Starting Jedi language server for career_assistant.
2025-12-15 09:53:28.033 [info] Experiment 'pythonSurveyNotification' is active
2025-12-15 09:53:28.033 [warning] Dir "/home/rudra/DEV_ROOT/.pixi/envs" is not watchable (directory does not exist)
2025-12-15 09:53:28.068 [info] Starting Environment refresh
2025-12-15 09:53:28.068 [info] Starting Environment refresh
2025-12-15 09:53:28.100 [info] > hatch env show --json
2025-12-15 09:53:28.100 [info] cwd: .
2025-12-15 09:53:28.114 [info] > conda info --json
2025-12-15 09:53:28.117 [info] Skipping ActivatedEnv Detection:  process.env.VSCODE_CLI !== '1'
2025-12-15 09:53:28.195 [warning] Failed to check if /usr/local/bin/python3.12 is an executable [Error: ENOENT: no such file or directory, lstat '/usr/local/bin/python3.12'] {
  errno: -2,
  code: 'ENOENT',
  syscall: 'lstat',
  path: '/usr/local/bin/python3.12'
}
2025-12-15 09:53:28.224 [warning] Failed to check if /usr/local/bin/python3.12 is an executable [Error: ENOENT: no such file or directory, lstat '/usr/local/bin/python3.12'] {
  errno: -2,
  code: 'ENOENT',
  syscall: 'lstat',
  path: '/usr/local/bin/python3.12'
}
2025-12-15 09:53:28.250 [info] > /usr/local/bin/python3.12 -I ~/.antigravity/extensions/ms-python.python-2025.16.0-universal/python_files/get_output_via_markers.py ~/.antigravity/extensions/ms-python.python-2025.16.0-universal/python_files/interpreterInfo.py
2025-12-15 09:53:28.254 [error] [Error: Command failed: /usr/local/bin/python3.12 -I /home/rudra/.antigravity/extensions/ms-python.python-2025.16.0-universal/python_files/get_output_via_markers.py /home/rudra/.antigravity/extensions/ms-python.python-2025.16.0-universal/python_files/interpreterInfo.py
/bin/sh: 1: /usr/local/bin/python3.12: not found

	at genericNodeError (node:internal/errors:983:15)
	at wrappedFn (node:internal/errors:537:14)
	at ChildProcess.exithandler (node:child_process:417:12)
	at ChildProcess.emit (node:events:530:35)
	at ChildProcess.emit (node:domain:489:12)
	at maybeClose (node:internal/child_process:1101:16)
	at Socket.<anonymous> (node:internal/child_process:456:11)
	at Socket.emit (node:events:518:28)
	at Socket.emit (node:domain:489:12)
	at Pipe.<anonymous> (node:net:346:12)] {
  code: 127,
  killed: false,
  signal: null,
  cmd: '/usr/local/bin/python3.12 -I /home/rudra/.antigravity/extensions/ms-python.python-2025.16.0-universal/python_files/get_output_via_markers.py /home/rudra/.antigravity/extensions/ms-python.python-2025.16.0-universal/python_files/interpreterInfo.py'
}
2025-12-15 09:53:28.256 [info] Environments refresh paths discovered: 190 milliseconds
2025-12-15 09:53:28.256 [info] Environments refresh paths discovered: 188 milliseconds
2025-12-15 09:53:30.262 [info] > /usr/local/bin/python3.12 -I ~/.antigravity/extensions/ms-python.python-2025.16.0-universal/python_files/get_output_via_markers.py ~/.antigravity/extensions/ms-python.python-2025.16.0-universal/python_files/interpreterInfo.py
2025-12-15 09:53:30.263 [error] [Error: Command failed: /usr/local/bin/python3.12 -I /home/rudra/.antigravity/extensions/ms-python.python-2025.16.0-universal/python_files/get_output_via_markers.py /home/rudra/.antigravity/extensions/ms-python.python-2025.16.0-universal/python_files/interpreterInfo.py
/bin/sh: 1: /usr/local/bin/python3.12: not found

	at genericNodeError (node:internal/errors:983:15)
	at wrappedFn (node:internal/errors:537:14)
	at ChildProcess.exithandler (node:child_process:417:12)
	at ChildProcess.emit (node:events:530:35)
	at ChildProcess.emit (node:domain:489:12)
	at maybeClose (node:internal/child_process:1101:16)
	at Socket.<anonymous> (node:internal/child_process:456:11)
	at Socket.emit (node:events:518:28)
	at Socket.emit (node:domain:489:12)
	at Pipe.<anonymous> (node:net:346:12)] {
  code: 127,
  killed: false,
  signal: null,
  cmd: '/usr/local/bin/python3.12 -I /home/rudra/.antigravity/extensions/ms-python.python-2025.16.0-universal/python_files/get_output_via_markers.py /home/rudra/.antigravity/extensions/ms-python.python-2025.16.0-universal/python_files/interpreterInfo.py'
}
2025-12-15 09:53:30.263 [info] Environments refresh finished (event): 2197 milliseconds
2025-12-15 09:53:30.263 [info] Environments refresh finished (event): 2195 milliseconds
2025-12-15 09:53:30.267 [info] Environment refresh took 2202 milliseconds
2025-12-15 09:53:30.267 [info] Environment refresh took 2199 milliseconds
2025-12-15 09:53:30.267 [warning] Failed to check if /usr/local/bin/python3.12 is an executable [Error: ENOENT: no such file or directory, lstat '/usr/local/bin/python3.12'] {
  errno: -2,
  code: 'ENOENT',
  syscall: 'lstat',
  path: '/usr/local/bin/python3.12'
}
2025-12-15 09:53:30.267 [warning] Failed to check if /usr/local/bin/python3.12 is an executable [Error: ENOENT: no such file or directory, lstat '/usr/local/bin/python3.12'] {
  errno: -2,
  code: 'ENOENT',
  syscall: 'lstat',
  path: '/usr/local/bin/python3.12'
}
2025-12-15 09:53:30.275 [info] > pyenv which python
2025-12-15 09:53:30.275 [info] cwd: .
2025-12-15 09:53:30.284 [info] Active interpreter [/home/rudra/DEV_ROOT]:  /usr/local/bin/python3.12
2025-12-15 09:53:30.285 [warning] Failed to check if /usr/local/bin/python3.12 is an executable [Error: ENOENT: no such file or directory, lstat '/usr/local/bin/python3.12'] {
  errno: -2,
  code: 'ENOENT',
  syscall: 'lstat',
  path: '/usr/local/bin/python3.12'
}
2025-12-15 09:53:30.285 [warning] Failed to check if /usr/local/bin/python3.12 is an executable [Error: ENOENT: no such file or directory, lstat '/usr/local/bin/python3.12'] {
  errno: -2,
  code: 'ENOENT',
  syscall: 'lstat',
  path: '/usr/local/bin/python3.12'
}
2025-12-15 09:53:30.293 [warning] Failed to check if /usr/local/bin/python3.12 is an executable [Error: ENOENT: no such file or directory, lstat '/usr/local/bin/python3.12'] {
  errno: -2,
  code: 'ENOENT',
  syscall: 'lstat',
  path: '/usr/local/bin/python3.12'
}
2025-12-15 09:53:30.293 [warning] Failed to check if /usr/local/bin/python3.12 is an executable [Error: ENOENT: no such file or directory, lstat '/usr/local/bin/python3.12'] {
  errno: -2,
  code: 'ENOENT',
  syscall: 'lstat',
  path: '/usr/local/bin/python3.12'
}
2025-12-15 09:53:30.293 [warning] Failed to check if /usr/local/bin/python3.12 is an executable [Error: ENOENT: no such file or directory, lstat '/usr/local/bin/python3.12'] {
  errno: -2,
  code: 'ENOENT',
  syscall: 'lstat',
  path: '/usr/local/bin/python3.12'
}
2025-12-15 09:53:30.297 [warning] Failed to check if /usr/local/bin/python3.12 is an executable [Error: ENOENT: no such file or directory, lstat '/usr/local/bin/python3.12'] {
  errno: -2,
  code: 'ENOENT',
  syscall: 'lstat',
  path: '/usr/local/bin/python3.12'
}
2025-12-15 09:53:30.305 [error] Unable to start Jedi language server as a valid interpreter is not selected
2025-12-15 09:53:30.315 [warning] Failed to check if /usr/local/bin/python3.12 is an executable [Error: ENOENT: no such file or directory, lstat '/usr/local/bin/python3.12'] {
  errno: -2,
  code: 'ENOENT',
  syscall: 'lstat',
  path: '/usr/local/bin/python3.12'
}
2025-12-15 09:53:30.315 [warning] Failed to check if /usr/local/bin/python3.12 is an executable [Error: ENOENT: no such file or directory, lstat '/usr/local/bin/python3.12'] {
  errno: -2,
  code: 'ENOENT',
  syscall: 'lstat',
  path: '/usr/local/bin/python3.12'
}
2025-12-15 09:53:30.872 [warning] Failed to check if /usr/local/bin/python3.12 is an executable [Error: ENOENT: no such file or directory, lstat '/usr/local/bin/python3.12'] {
  errno: -2,
  code: 'ENOENT',
  syscall: 'lstat',
  path: '/usr/local/bin/python3.12'
}
2025-12-15 09:53:51.422 [warning] Failed to check if /usr/local/bin/python3.12 is an executable [Error: ENOENT: no such file or directory, lstat '/usr/local/bin/python3.12'] {
  errno: -2,
  code: 'ENOENT',
  syscall: 'lstat',
  path: '/usr/local/bin/python3.12'
}
2025-12-15 09:53:54.278 [warning] Failed to check if /usr/local/bin/python3.12 is an executable [Error: ENOENT: no such file or directory, lstat '/usr/local/bin/python3.12'] {
  errno: -2,
  code: 'ENOENT',
  syscall: 'lstat',
  path: '/usr/local/bin/python3.12'
}
2025-12-15 09:53:59.569 [warning] Failed to check if /usr/local/bin/python3.12 is an executable [Error: ENOENT: no such file or directory, lstat '/usr/local/bin/python3.12'] {
  errno: -2,
  code: 'ENOENT',
  syscall: 'lstat',
  path: '/usr/local/bin/python3.12'
}
2025-12-15 09:54:04.248 [warning] Failed to check if /usr/local/bin/python3.12 is an executable [Error: ENOENT: no such file or directory, lstat '/usr/local/bin/python3.12'] {
  errno: -2,
  code: 'ENOENT',
  syscall: 'lstat',
  path: '/usr/local/bin/python3.12'
}
2025-12-15 09:54:04.260 [warning] Failed to check if /usr/local/bin/python3.12 is an executable [Error: ENOENT: no such file or directory, lstat '/usr/local/bin/python3.12'] {
  errno: -2,
  code: 'ENOENT',
  syscall: 'lstat',
  path: '/usr/local/bin/python3.12'
}
2025-12-15 09:56:18.010 [info] Starting Environment refresh
2025-12-15 09:56:18.010 [info] Searching for interpreters in posix paths locator
2025-12-15 09:56:18.011 [info] Searching for pyenv environments
2025-12-15 09:56:18.011 [info] Searching for conda environments
2025-12-15 09:56:18.011 [info] Searching for global virtual environments
2025-12-15 09:56:18.011 [info] Searching for custom virtual environments
2025-12-15 09:56:18.012 [info] pyenv is not installed
2025-12-15 09:56:18.012 [info] Finished searching for pyenv environments: 2 milliseconds
2025-12-15 09:56:18.013 [info] Finished searching for custom virtual envs: 2 milliseconds
2025-12-15 09:56:18.013 [warning] Failed to check if /usr/local/bin/python3.12 is an executable [Error: ENOENT: no such file or directory, lstat '/usr/local/bin/python3.12'] {
  errno: -2,
  code: 'ENOENT',
  syscall: 'lstat',
  path: '/usr/local/bin/python3.12'
}
2025-12-15 09:56:18.014 [info] Finished searching for global virtual envs: 3 milliseconds
2025-12-15 09:56:18.017 [info] Found: /bin/python3 --> /bin/python3.12
2025-12-15 09:56:18.018 [info] Found: /bin/python3.12 --> /bin/python3.12
2025-12-15 09:56:18.038 [warning] Failed to check if /usr/local/bin/python3.12 is an executable [Error: ENOENT: no such file or directory, lstat '/usr/local/bin/python3.12'] {
  errno: -2,
  code: 'ENOENT',
  syscall: 'lstat',
  path: '/usr/local/bin/python3.12'
}
2025-12-15 09:56:18.038 [warning] Failed to check if /usr/local/bin/python3.12 is an executable [Error: ENOENT: no such file or directory, lstat '/usr/local/bin/python3.12'] {
  errno: -2,
  code: 'ENOENT',
  syscall: 'lstat',
  path: '/usr/local/bin/python3.12'
}
2025-12-15 09:56:18.039 [info] Found: /usr/bin/python3 --> /usr/bin/python3.12
2025-12-15 09:56:18.039 [info] Found: /usr/bin/python3.12 --> /usr/bin/python3.12
2025-12-15 09:56:18.049 [warning] Failed to check if /usr/local/bin/python3.12 is an executable [Error: ENOENT: no such file or directory, lstat '/usr/local/bin/python3.12'] {
  errno: -2,
  code: 'ENOENT',
  syscall: 'lstat',
  path: '/usr/local/bin/python3.12'
}
2025-12-15 09:56:18.067 [info] Finished searching for interpreters in posix paths locator: 49 milliseconds
2025-12-15 09:56:18.067 [info] > /bin/python3 -I ~/.antigravity/extensions/ms-python.python-2025.16.0-universal/python_files/get_output_via_markers.py ~/.antigravity/extensions/ms-python.python-2025.16.0-universal/python_files/interpreterInfo.py
2025-12-15 09:56:18.082 [info] > /usr/bin/python3 -I ~/.antigravity/extensions/ms-python.python-2025.16.0-universal/python_files/get_output_via_markers.py ~/.antigravity/extensions/ms-python.python-2025.16.0-universal/python_files/interpreterInfo.py
2025-12-15 09:56:18.082 [info] Environments refresh paths discovered (event): 74 milliseconds
2025-12-15 09:56:18.082 [info] Environments refresh paths discovered: 74 milliseconds
2025-12-15 09:56:18.115 [info] Environments refresh finished (event): 107 milliseconds
2025-12-15 09:56:18.119 [info] Environment refresh took 111 milliseconds
2025-12-15 09:56:30.150 [info] Active interpreter [/home/rudra/DEV_ROOT]:  /bin/python3
2025-12-15 09:56:30.154 [info] Discover tests for workspace name: DEV_ROOT - uri: /home/rudra/DEV_ROOT
2025-12-15 09:56:30.154 [info] Python interpreter path: /bin/python3
2025-12-15 09:56:30.673 [info] Starting Jedi language server for DEV_ROOT.
2025-12-15 09:56:34.163 [info] Active interpreter [/home/rudra/DEV_ROOT]:  /usr/bin/python3
2025-12-15 09:56:34.164 [info] Discover tests for workspace name: DEV_ROOT - uri: /home/rudra/DEV_ROOT
2025-12-15 09:56:34.164 [info] Python interpreter path: /usr/bin/python3
2025-12-15 09:56:34.621 [info] Starting Jedi language server for DEV_ROOT.
2025-12-15 09:57:12.429 [info] Running installed packages checker:  {
  id: '/usr/bin/python3',
  sysPrefix: '/usr',
  envType: 'Global',
  envName: '',
  envPath: '',
  path: '/usr/bin/python3',
  architecture: 3,
  sysVersion: '3.12.3 (main, Nov  6 2025, 13:44:16) [GCC 13.3.0]',
  version: {
    raw: '3.12.3',
    major: 3,
    minor: 12,
    patch: 3,
    build: [],
    prerelease: [ 'final', '0' ]
  },
  displayName: 'Python 3.12.3 64-bit',
  detailedDisplayName: 'Python 3.12.3 64-bit',
  type: undefined
} /home/rudra/.antigravity/extensions/ms-python.python-2025.16.0-universal/python_files/installed_check.py /home/rudra/DEV_ROOT/AI-workbench_old/pyproject.toml
2025-12-15 09:57:12.429 [info] > /usr/bin/python3 ~/.antigravity/extensions/ms-python.python-2025.16.0-universal/python_files/installed_check.py ./AI-workbench_old/pyproject.toml
2025-12-15 09:57:16.837 [info] Running installed packages checker:  {
  id: '/usr/bin/python3',
  sysPrefix: '/usr',
  envType: 'Global',
  envName: '',
  envPath: '',
  path: '/usr/bin/python3',
  architecture: 3,
  sysVersion: '3.12.3 (main, Nov  6 2025, 13:44:16) [GCC 13.3.0]',
  version: {
    raw: '3.12.3',
    major: 3,
    minor: 12,
    patch: 3,
    build: [],
    prerelease: [ 'final', '0' ]
  },
  displayName: 'Python 3.12.3 64-bit',
  detailedDisplayName: 'Python 3.12.3 64-bit',
  type: undefined
} /home/rudra/.antigravity/extensions/ms-python.python-2025.16.0-universal/python_files/installed_check.py /home/rudra/DEV_ROOT/AI-workbench_old/requirements.txt
2025-12-15 09:57:16.837 [info] > /usr/bin/python3 ~/.antigravity/extensions/ms-python.python-2025.16.0-universal/python_files/installed_check.py ./AI-workbench_old/requirements.txt
2025-12-15 09:57:23.174 [info] Running installed packages checker:  {
  id: '/usr/bin/python3',
  sysPrefix: '/usr',
  envType: 'Global',
  envName: '',
  envPath: '',
  path: '/usr/bin/python3',
  architecture: 3,
  sysVersion: '3.12.3 (main, Nov  6 2025, 13:44:16) [GCC 13.3.0]',
  version: {
    raw: '3.12.3',
    major: 3,
    minor: 12,
    patch: 3,
    build: [],
    prerelease: [ 'final', '0' ]
  },
  displayName: 'Python 3.12.3 64-bit',
  detailedDisplayName: 'Python 3.12.3 64-bit',
  type: undefined
} /home/rudra/.antigravity/extensions/ms-python.python-2025.16.0-universal/python_files/installed_check.py /home/rudra/DEV_ROOT/AI-workbench_old/requirements.txt
2025-12-15 09:57:23.174 [info] > /usr/bin/python3 ~/.antigravity/extensions/ms-python.python-2025.16.0-universal/python_files/installed_check.py ./AI-workbench_old/requirements.txt
2025-12-15 09:57:32.993 [info] Running installed packages checker:  {
  id: '/usr/bin/python3',
  sysPrefix: '/usr',
  envType: 'Global',
  envName: '',
  envPath: '',
  path: '/usr/bin/python3',
  architecture: 3,
  sysVersion: '3.12.3 (main, Nov  6 2025, 13:44:16) [GCC 13.3.0]',
  version: {
    raw: '3.12.3',
    major: 3,
    minor: 12,
    patch: 3,
    build: [],
    prerelease: [ 'final', '0' ]
  },
  displayName: 'Python 3.12.3 64-bit',
  detailedDisplayName: 'Python 3.12.3 64-bit',
  type: undefined
} /home/rudra/.antigravity/extensions/ms-python.python-2025.16.0-universal/python_files/installed_check.py /home/rudra/DEV_ROOT/AI-workbench/requirements.txt
2025-12-15 09:57:32.994 [info] > /usr/bin/python3 ~/.antigravity/extensions/ms-python.python-2025.16.0-universal/python_files/installed_check.py ./AI-workbench/requirements.txt
2025-12-15 09:57:33.357 [info] Discover tests for workspace name: DEV_ROOT - uri: /home/rudra/DEV_ROOT/AI-workbench/pyproject.toml
2025-12-15 18:48:22.776 [info] Discover tests for workspace name: undefined - uri: /home/rudra/.config/Antigravity/User/settings.json
