2025-12-16 08:28:19.060 [info] Reading sessions from keychain...
2025-12-16 08:28:19.060 [info] Getting sessions for all scopes...
2025-12-16 08:28:19.060 [info] Got 0 sessions for ...
2025-12-16 08:28:19.060 [info] Getting sessions for all scopes...
2025-12-16 08:28:19.060 [info] Got 0 sessions for ...
2025-12-16 08:28:19.060 [info] Getting sessions for all scopes...
2025-12-16 08:28:19.060 [info] Got 0 sessions for ...
2025-12-16 08:28:19.060 [info] Getting sessions for read:user,repo,user:email,workflow...
2025-12-16 08:28:19.060 [info] Got 0 sessions for read:user,repo,user:email,workflow...
2025-12-16 08:28:19.060 [info] Getting sessions for read:user,repo,user:email,workflow...
2025-12-16 08:28:19.060 [info] Got 0 sessions for read:user,repo,user:email,workflow...
2025-12-16 08:28:19.084 [info] Getting sessions for read:user,repo,user:email,workflow...
2025-12-16 08:28:19.084 [info] Got 0 sessions for read:user,repo,user:email,workflow...
2025-12-16 08:28:19.145 [info] Getting sessions for read:user,repo,user:email,workflow...
2025-12-16 08:28:19.145 [info] Got 0 sessions for read:user,repo,user:email,workflow...
2025-12-16 08:28:20.210 [info] Getting sessions for all scopes...
2025-12-16 08:28:20.211 [info] Got 0 sessions for ...
2025-12-16 08:28:20.246 [info] Getting sessions for all scopes...
2025-12-16 08:28:20.246 [info] Got 0 sessions for ...
2025-12-16 08:28:20.644 [info] Getting sessions for all scopes...
2025-12-16 08:28:20.644 [info] Got 0 sessions for ...
2025-12-16 08:28:20.682 [info] Getting sessions for all scopes...
2025-12-16 08:28:20.682 [info] Got 0 sessions for ...
2025-12-16 08:28:20.683 [info] Getting sessions for all scopes...
2025-12-16 08:28:20.683 [info] Got 0 sessions for ...
2025-12-16 08:28:20.686 [info] Getting sessions for all scopes...
2025-12-16 08:28:20.686 [info] Got 0 sessions for ...
